{"/home/runner/work/jesspf/jesspf/src/App.js": {"path":"/home/runner/work/jesspf/jesspf/src/App.js","statementMap":{"0":{"start":{"line":18,"column":2},"end":{"line":38,"column":4}}},"fnMap":{"0":{"name":"App","decl":{"start":{"line":17,"column":9},"end":{"line":17,"column":12}},"loc":{"start":{"line":17,"column":15},"end":{"line":39,"column":1}},"line":17}},"branchMap":{},"s":{"0":0},"f":{"0":0},"b":{}}
,"/home/runner/work/jesspf/jesspf/src/index.js": {"path":"/home/runner/work/jesspf/jesspf/src/index.js","statementMap":{"0":{"start":{"line":6,"column":13},"end":{"line":6,"column":65}},"1":{"start":{"line":7,"column":0},"end":{"line":7,"column":21}}},"fnMap":{},"branchMap":{},"s":{"0":0,"1":0},"f":{},"b":{}}
,"/home/runner/work/jesspf/jesspf/src/reportWebVitals.js": {"path":"/home/runner/work/jesspf/jesspf/src/reportWebVitals.js","statementMap":{"0":{"start":{"line":1,"column":24},"end":{"line":11,"column":1}},"1":{"start":{"line":2,"column":2},"end":{"line":10,"column":3}},"2":{"start":{"line":3,"column":4},"end":{"line":9,"column":7}},"3":{"start":{"line":4,"column":6},"end":{"line":4,"column":26}},"4":{"start":{"line":5,"column":6},"end":{"line":5,"column":26}},"5":{"start":{"line":6,"column":6},"end":{"line":6,"column":26}},"6":{"start":{"line":7,"column":6},"end":{"line":7,"column":26}},"7":{"start":{"line":8,"column":6},"end":{"line":8,"column":27}}},"fnMap":{"0":{"name":"(anonymous_0)","decl":{"start":{"line":1,"column":24},"end":{"line":1,"column":25}},"loc":{"start":{"line":1,"column":39},"end":{"line":11,"column":1}},"line":1},"1":{"name":"(anonymous_1)","decl":{"start":{"line":3,"column":30},"end":{"line":3,"column":31}},"loc":{"start":{"line":3,"column":79},"end":{"line":9,"column":5}},"line":3}},"branchMap":{"0":{"loc":{"start":{"line":2,"column":2},"end":{"line":10,"column":3}},"type":"if","locations":[{"start":{"line":2,"column":2},"end":{"line":10,"column":3}},{"start":{},"end":{}}],"line":2},"1":{"loc":{"start":{"line":2,"column":6},"end":{"line":2,"column":52}},"type":"binary-expr","locations":[{"start":{"line":2,"column":6},"end":{"line":2,"column":17}},{"start":{"line":2,"column":21},"end":{"line":2,"column":52}}],"line":2}},"s":{"0":0,"1":0,"2":0,"3":0,"4":0,"5":0,"6":0,"7":0},"f":{"0":0,"1":0},"b":{"0":[0,0],"1":[0,0]}}
,"/home/runner/work/jesspf/jesspf/src/common/correctStylesheetsOrder.js": {"path":"/home/runner/work/jesspf/jesspf/src/common/correctStylesheetsOrder.js","statementMap":{"0":{"start":{"line":6,"column":26},"end":{"line":8,"column":3}},"1":{"start":{"line":9,"column":29},"end":{"line":11,"column":3}},"2":{"start":{"line":12,"column":30},"end":{"line":14,"column":3}},"3":{"start":{"line":15,"column":30},"end":{"line":17,"column":3}},"4":{"start":{"line":18,"column":31},"end":{"line":20,"column":3}},"5":{"start":{"line":22,"column":2},"end":{"line":50,"column":3}},"6":{"start":{"line":23,"column":4},"end":{"line":23,"column":49}},"7":{"start":{"line":24,"column":4},"end":{"line":24,"column":48}},"8":{"start":{"line":26,"column":29},"end":{"line":28,"column":5}},"9":{"start":{"line":29,"column":4},"end":{"line":31,"column":5}},"10":{"start":{"line":30,"column":6},"end":{"line":30,"column":37}},"11":{"start":{"line":33,"column":28},"end":{"line":35,"column":5}},"12":{"start":{"line":36,"column":4},"end":{"line":38,"column":5}},"13":{"start":{"line":37,"column":6},"end":{"line":37,"column":36}},"14":{"start":{"line":40,"column":4},"end":{"line":49,"column":5}},"15":{"start":{"line":41,"column":31},"end":{"line":43,"column":7}},"16":{"start":{"line":44,"column":6},"end":{"line":44,"column":58}},"17":{"start":{"line":44,"column":30},"end":{"line":44,"column":58}},"18":{"start":{"line":45,"column":30},"end":{"line":47,"column":7}},"19":{"start":{"line":48,"column":6},"end":{"line":48,"column":56}},"20":{"start":{"line":48,"column":29},"end":{"line":48,"column":56}},"21":{"start":{"line":51,"column":2},"end":{"line":68,"column":3}},"22":{"start":{"line":52,"column":4},"end":{"line":52,"column":48}},"23":{"start":{"line":53,"column":4},"end":{"line":53,"column":47}},"24":{"start":{"line":55,"column":29},"end":{"line":57,"column":5}},"25":{"start":{"line":58,"column":4},"end":{"line":60,"column":5}},"26":{"start":{"line":59,"column":6},"end":{"line":59,"column":37}},"27":{"start":{"line":62,"column":28},"end":{"line":64,"column":5}},"28":{"start":{"line":65,"column":4},"end":{"line":67,"column":5}},"29":{"start":{"line":66,"column":6},"end":{"line":66,"column":36}},"30":{"start":{"line":70,"column":2},"end":{"line":76,"column":3}},"31":{"start":{"line":71,"column":4},"end":{"line":71,"column":44}},"32":{"start":{"line":72,"column":4},"end":{"line":72,"column":62}},"33":{"start":{"line":72,"column":31},"end":{"line":72,"column":62}},"34":{"start":{"line":73,"column":4},"end":{"line":73,"column":64}},"35":{"start":{"line":73,"column":32},"end":{"line":73,"column":64}},"36":{"start":{"line":74,"column":9},"end":{"line":76,"column":3}},"37":{"start":{"line":75,"column":4},"end":{"line":75,"column":31}}},"fnMap":{"0":{"name":"correctStylesheetsOrder","decl":{"start":{"line":1,"column":24},"end":{"line":1,"column":47}},"loc":{"start":{"line":5,"column":3},"end":{"line":77,"column":1}},"line":5}},"branchMap":{"0":{"loc":{"start":{"line":22,"column":2},"end":{"line":50,"column":3}},"type":"if","locations":[{"start":{"line":22,"column":2},"end":{"line":50,"column":3}},{"start":{},"end":{}}],"line":22},"1":{"loc":{"start":{"line":22,"column":6},"end":{"line":22,"column":27}},"type":"binary-expr","locations":[{"start":{"line":22,"column":6},"end":{"line":22,"column":15}},{"start":{"line":22,"column":19},"end":{"line":22,"column":27}}],"line":22},"2":{"loc":{"start":{"line":29,"column":4},"end":{"line":31,"column":5}},"type":"if","locations":[{"start":{"line":29,"column":4},"end":{"line":31,"column":5}},{"start":{},"end":{}}],"line":29},"3":{"loc":{"start":{"line":36,"column":4},"end":{"line":38,"column":5}},"type":"if","locations":[{"start":{"line":36,"column":4},"end":{"line":38,"column":5}},{"start":{},"end":{}}],"line":36},"4":{"loc":{"start":{"line":40,"column":4},"end":{"line":49,"column":5}},"type":"if","locations":[{"start":{"line":40,"column":4},"end":{"line":49,"column":5}},{"start":{},"end":{}}],"line":40},"5":{"loc":{"start":{"line":44,"column":6},"end":{"line":44,"column":58}},"type":"if","locations":[{"start":{"line":44,"column":6},"end":{"line":44,"column":58}},{"start":{},"end":{}}],"line":44},"6":{"loc":{"start":{"line":48,"column":6},"end":{"line":48,"column":56}},"type":"if","locations":[{"start":{"line":48,"column":6},"end":{"line":48,"column":56}},{"start":{},"end":{}}],"line":48},"7":{"loc":{"start":{"line":51,"column":2},"end":{"line":68,"column":3}},"type":"if","locations":[{"start":{"line":51,"column":2},"end":{"line":68,"column":3}},{"start":{},"end":{}}],"line":51},"8":{"loc":{"start":{"line":51,"column":6},"end":{"line":51,"column":28}},"type":"binary-expr","locations":[{"start":{"line":51,"column":6},"end":{"line":51,"column":16}},{"start":{"line":51,"column":20},"end":{"line":51,"column":28}}],"line":51},"9":{"loc":{"start":{"line":58,"column":4},"end":{"line":60,"column":5}},"type":"if","locations":[{"start":{"line":58,"column":4},"end":{"line":60,"column":5}},{"start":{},"end":{}}],"line":58},"10":{"loc":{"start":{"line":65,"column":4},"end":{"line":67,"column":5}},"type":"if","locations":[{"start":{"line":65,"column":4},"end":{"line":67,"column":5}},{"start":{},"end":{}}],"line":65},"11":{"loc":{"start":{"line":70,"column":2},"end":{"line":76,"column":3}},"type":"if","locations":[{"start":{"line":70,"column":2},"end":{"line":76,"column":3}},{"start":{"line":74,"column":9},"end":{"line":76,"column":3}}],"line":70},"12":{"loc":{"start":{"line":70,"column":6},"end":{"line":70,"column":34}},"type":"binary-expr","locations":[{"start":{"line":70,"column":6},"end":{"line":70,"column":13}},{"start":{"line":70,"column":17},"end":{"line":70,"column":34}}],"line":70},"13":{"loc":{"start":{"line":72,"column":4},"end":{"line":72,"column":62}},"type":"if","locations":[{"start":{"line":72,"column":4},"end":{"line":72,"column":62}},{"start":{},"end":{}}],"line":72},"14":{"loc":{"start":{"line":73,"column":4},"end":{"line":73,"column":64}},"type":"if","locations":[{"start":{"line":73,"column":4},"end":{"line":73,"column":64}},{"start":{},"end":{}}],"line":73},"15":{"loc":{"start":{"line":74,"column":9},"end":{"line":76,"column":3}},"type":"if","locations":[{"start":{"line":74,"column":9},"end":{"line":76,"column":3}},{"start":{},"end":{}}],"line":74},"16":{"loc":{"start":{"line":74,"column":13},"end":{"line":74,"column":42}},"type":"binary-expr","locations":[{"start":{"line":74,"column":13},"end":{"line":74,"column":21}},{"start":{"line":74,"column":25},"end":{"line":74,"column":42}}],"line":74}},"s":{"0":0,"1":0,"2":0,"3":0,"4":0,"5":0,"6":0,"7":0,"8":0,"9":0,"10":0,"11":0,"12":0,"13":0,"14":0,"15":0,"16":0,"17":0,"18":0,"19":0,"20":0,"21":0,"22":0,"23":0,"24":0,"25":0,"26":0,"27":0,"28":0,"29":0,"30":0,"31":0,"32":0,"33":0,"34":0,"35":0,"36":0,"37":0},"f":{"0":0},"b":{"0":[0,0],"1":[0,0],"2":[0,0],"3":[0,0],"4":[0,0],"5":[0,0],"6":[0,0],"7":[0,0],"8":[0,0],"9":[0,0],"10":[0,0],"11":[0,0],"12":[0,0],"13":[0,0],"14":[0,0],"15":[0,0],"16":[0,0]}}
,"/home/runner/work/jesspf/jesspf/src/common/generateStylesheetsObject.js": {"path":"/home/runner/work/jesspf/jesspf/src/common/generateStylesheetsObject.js","statementMap":{"0":{"start":{"line":2,"column":2},"end":{"line":6,"column":6}},"1":{"start":{"line":2,"column":42},"end":{"line":6,"column":3}}},"fnMap":{"0":{"name":"generateStylesheetObject","decl":{"start":{"line":1,"column":24},"end":{"line":1,"column":48}},"loc":{"start":{"line":1,"column":62},"end":{"line":7,"column":1}},"line":1},"1":{"name":"(anonymous_1)","decl":{"start":{"line":2,"column":25},"end":{"line":2,"column":26}},"loc":{"start":{"line":2,"column":42},"end":{"line":6,"column":3}},"line":2}},"branchMap":{},"s":{"0":0,"1":0},"f":{"0":0,"1":0},"b":{}}
,"/home/runner/work/jesspf/jesspf/src/common/hscroll.js": {"path":"/home/runner/work/jesspf/jesspf/src/common/hscroll.js","statementMap":{"0":{"start":{"line":1,"column":0},"end":{"line":22,"column":5}},"1":{"start":{"line":2,"column":14},"end":{"line":2,"column":31}},"2":{"start":{"line":3,"column":2},"end":{"line":21,"column":3}},"3":{"start":{"line":6,"column":4},"end":{"line":6,"column":39}},"4":{"start":{"line":8,"column":19},"end":{"line":8,"column":47}},"5":{"start":{"line":10,"column":4},"end":{"line":20,"column":7}},"6":{"start":{"line":18,"column":19},"end":{"line":18,"column":77}}},"fnMap":{"0":{"name":"(anonymous_0)","decl":{"start":{"line":1,"column":1},"end":{"line":1,"column":2}},"loc":{"start":{"line":1,"column":13},"end":{"line":22,"column":1}},"line":1},"1":{"name":"(anonymous_1)","decl":{"start":{"line":18,"column":13},"end":{"line":18,"column":14}},"loc":{"start":{"line":18,"column":19},"end":{"line":18,"column":77}},"line":18}},"branchMap":{"0":{"loc":{"start":{"line":3,"column":2},"end":{"line":21,"column":3}},"type":"if","locations":[{"start":{"line":3,"column":2},"end":{"line":21,"column":3}},{"start":{},"end":{}}],"line":3}},"s":{"0":0,"1":0,"2":0,"3":0,"4":0,"5":0,"6":0},"f":{"0":0,"1":0},"b":{"0":[0,0]}}
,"/home/runner/work/jesspf/jesspf/src/common/initIsotope.js": {"path":"/home/runner/work/jesspf/jesspf/src/common/initIsotope.js","statementMap":{"0":{"start":{"line":5,"column":20},"end":{"line":78,"column":1}},"1":{"start":{"line":6,"column":16},"end":{"line":6,"column":53}},"2":{"start":{"line":7,"column":17},"end":{"line":7,"column":55}},"3":{"start":{"line":8,"column":13},"end":{"line":8,"column":15}},"4":{"start":{"line":10,"column":28},"end":{"line":20,"column":3}},"5":{"start":{"line":11,"column":16},"end":{"line":14,"column":6}},"6":{"start":{"line":16,"column":4},"end":{"line":19,"column":7}},"7":{"start":{"line":17,"column":6},"end":{"line":17,"column":19}},"8":{"start":{"line":18,"column":6},"end":{"line":18,"column":21}},"9":{"start":{"line":21,"column":29},"end":{"line":34,"column":3}},"10":{"start":{"line":22,"column":16},"end":{"line":28,"column":6}},"11":{"start":{"line":30,"column":4},"end":{"line":33,"column":7}},"12":{"start":{"line":31,"column":6},"end":{"line":31,"column":19}},"13":{"start":{"line":32,"column":6},"end":{"line":32,"column":21}},"14":{"start":{"line":36,"column":2},"end":{"line":45,"column":3}},"15":{"start":{"line":37,"column":4},"end":{"line":40,"column":7}},"16":{"start":{"line":39,"column":6},"end":{"line":39,"column":30}},"17":{"start":{"line":41,"column":9},"end":{"line":45,"column":3}},"18":{"start":{"line":42,"column":4},"end":{"line":44,"column":7}},"19":{"start":{"line":43,"column":6},"end":{"line":43,"column":31}},"20":{"start":{"line":47,"column":22},"end":{"line":47,"column":58}},"21":{"start":{"line":48,"column":23},"end":{"line":48,"column":62}},"22":{"start":{"line":51,"column":2},"end":{"line":77,"column":3}},"23":{"start":{"line":52,"column":4},"end":{"line":62,"column":7}},"24":{"start":{"line":53,"column":6},"end":{"line":55,"column":7}},"25":{"start":{"line":54,"column":8},"end":{"line":54,"column":15}},"26":{"start":{"line":56,"column":26},"end":{"line":56,"column":66}},"27":{"start":{"line":59,"column":6},"end":{"line":61,"column":9}},"28":{"start":{"line":60,"column":8},"end":{"line":60,"column":45}},"29":{"start":{"line":64,"column":29},"end":{"line":72,"column":5}},"30":{"start":{"line":65,"column":6},"end":{"line":71,"column":9}},"31":{"start":{"line":66,"column":8},"end":{"line":68,"column":9}},"32":{"start":{"line":67,"column":10},"end":{"line":67,"column":17}},"33":{"start":{"line":69,"column":8},"end":{"line":69,"column":72}},"34":{"start":{"line":70,"column":8},"end":{"line":70,"column":45}},"35":{"start":{"line":74,"column":4},"end":{"line":76,"column":7}},"36":{"start":{"line":75,"column":6},"end":{"line":75,"column":36}}},"fnMap":{"0":{"name":"(anonymous_0)","decl":{"start":{"line":5,"column":20},"end":{"line":5,"column":21}},"loc":{"start":{"line":5,"column":32},"end":{"line":78,"column":1}},"line":5},"1":{"name":"(anonymous_1)","decl":{"start":{"line":10,"column":28},"end":{"line":10,"column":29}},"loc":{"start":{"line":10,"column":52},"end":{"line":20,"column":3}},"line":10},"2":{"name":"(anonymous_2)","decl":{"start":{"line":16,"column":36},"end":{"line":16,"column":37}},"loc":{"start":{"line":16,"column":42},"end":{"line":19,"column":5}},"line":16},"3":{"name":"(anonymous_3)","decl":{"start":{"line":21,"column":29},"end":{"line":21,"column":30}},"loc":{"start":{"line":21,"column":54},"end":{"line":34,"column":3}},"line":21},"4":{"name":"(anonymous_4)","decl":{"start":{"line":30,"column":37},"end":{"line":30,"column":38}},"loc":{"start":{"line":30,"column":43},"end":{"line":33,"column":5}},"line":30},"5":{"name":"(anonymous_5)","decl":{"start":{"line":37,"column":18},"end":{"line":37,"column":19}},"loc":{"start":{"line":37,"column":28},"end":{"line":40,"column":5}},"line":37},"6":{"name":"(anonymous_6)","decl":{"start":{"line":42,"column":19},"end":{"line":42,"column":20}},"loc":{"start":{"line":42,"column":29},"end":{"line":44,"column":5}},"line":42},"7":{"name":"(anonymous_7)","decl":{"start":{"line":52,"column":42},"end":{"line":52,"column":43}},"loc":{"start":{"line":52,"column":59},"end":{"line":62,"column":5}},"line":52},"8":{"name":"(anonymous_8)","decl":{"start":{"line":59,"column":19},"end":{"line":59,"column":20}},"loc":{"start":{"line":59,"column":28},"end":{"line":61,"column":7}},"line":59},"9":{"name":"(anonymous_9)","decl":{"start":{"line":64,"column":29},"end":{"line":64,"column":30}},"loc":{"start":{"line":64,"column":46},"end":{"line":72,"column":5}},"line":64},"10":{"name":"(anonymous_10)","decl":{"start":{"line":65,"column":44},"end":{"line":65,"column":45}},"loc":{"start":{"line":65,"column":55},"end":{"line":71,"column":7}},"line":65},"11":{"name":"(anonymous_11)","decl":{"start":{"line":74,"column":25},"end":{"line":74,"column":26}},"loc":{"start":{"line":74,"column":42},"end":{"line":76,"column":5}},"line":74}},"branchMap":{"0":{"loc":{"start":{"line":10,"column":35},"end":{"line":10,"column":47}},"type":"default-arg","locations":[{"start":{"line":10,"column":45},"end":{"line":10,"column":47}}],"line":10},"1":{"loc":{"start":{"line":21,"column":37},"end":{"line":21,"column":49}},"type":"default-arg","locations":[{"start":{"line":21,"column":47},"end":{"line":21,"column":49}}],"line":21},"2":{"loc":{"start":{"line":36,"column":2},"end":{"line":45,"column":3}},"type":"if","locations":[{"start":{"line":36,"column":2},"end":{"line":45,"column":3}},{"start":{"line":41,"column":9},"end":{"line":45,"column":3}}],"line":36},"3":{"loc":{"start":{"line":36,"column":6},"end":{"line":36,"column":32}},"type":"binary-expr","locations":[{"start":{"line":36,"column":6},"end":{"line":36,"column":11}},{"start":{"line":36,"column":15},"end":{"line":36,"column":32}}],"line":36},"4":{"loc":{"start":{"line":41,"column":9},"end":{"line":45,"column":3}},"type":"if","locations":[{"start":{"line":41,"column":9},"end":{"line":45,"column":3}},{"start":{},"end":{}}],"line":41},"5":{"loc":{"start":{"line":41,"column":13},"end":{"line":41,"column":41}},"type":"binary-expr","locations":[{"start":{"line":41,"column":13},"end":{"line":41,"column":19}},{"start":{"line":41,"column":23},"end":{"line":41,"column":41}}],"line":41},"6":{"loc":{"start":{"line":51,"column":2},"end":{"line":77,"column":3}},"type":"if","locations":[{"start":{"line":51,"column":2},"end":{"line":77,"column":3}},{"start":{},"end":{}}],"line":51},"7":{"loc":{"start":{"line":53,"column":6},"end":{"line":55,"column":7}},"type":"if","locations":[{"start":{"line":53,"column":6},"end":{"line":55,"column":7}},{"start":{},"end":{}}],"line":53},"8":{"loc":{"start":{"line":66,"column":8},"end":{"line":68,"column":9}},"type":"if","locations":[{"start":{"line":66,"column":8},"end":{"line":68,"column":9}},{"start":{},"end":{}}],"line":66}},"s":{"0":0,"1":0,"2":0,"3":0,"4":0,"5":0,"6":0,"7":0,"8":0,"9":0,"10":0,"11":0,"12":0,"13":0,"14":0,"15":0,"16":0,"17":0,"18":0,"19":0,"20":0,"21":0,"22":0,"23":0,"24":0,"25":0,"26":0,"27":0,"28":0,"29":0,"30":0,"31":0,"32":0,"33":0,"34":0,"35":0,"36":0},"f":{"0":0,"1":0,"2":0,"3":0,"4":0,"5":0,"6":0,"7":0,"8":0,"9":0,"10":0,"11":0},"b":{"0":[0],"1":[0],"2":[0,0],"3":[0,0],"4":[0,0],"5":[0,0],"6":[0,0],"7":[0,0],"8":[0,0]}}
,"/home/runner/work/jesspf/jesspf/src/common/initIsotope2.js": {"path":"/home/runner/work/jesspf/jesspf/src/common/initIsotope2.js","statementMap":{"0":{"start":{"line":5,"column":20},"end":{"line":71,"column":1}},"1":{"start":{"line":7,"column":17},"end":{"line":7,"column":55}},"2":{"start":{"line":8,"column":13},"end":{"line":8,"column":15}},"3":{"start":{"line":21,"column":29},"end":{"line":34,"column":3}},"4":{"start":{"line":22,"column":16},"end":{"line":28,"column":6}},"5":{"start":{"line":30,"column":4},"end":{"line":33,"column":7}},"6":{"start":{"line":31,"column":6},"end":{"line":31,"column":19}},"7":{"start":{"line":32,"column":6},"end":{"line":32,"column":21}},"8":{"start":{"line":36,"column":2},"end":{"line":38,"column":5}},"9":{"start":{"line":37,"column":4},"end":{"line":37,"column":29}},"10":{"start":{"line":40,"column":22},"end":{"line":40,"column":58}},"11":{"start":{"line":41,"column":23},"end":{"line":41,"column":62}},"12":{"start":{"line":44,"column":2},"end":{"line":70,"column":3}},"13":{"start":{"line":45,"column":4},"end":{"line":55,"column":7}},"14":{"start":{"line":46,"column":6},"end":{"line":48,"column":7}},"15":{"start":{"line":47,"column":8},"end":{"line":47,"column":15}},"16":{"start":{"line":49,"column":26},"end":{"line":49,"column":66}},"17":{"start":{"line":52,"column":6},"end":{"line":54,"column":9}},"18":{"start":{"line":53,"column":8},"end":{"line":53,"column":45}},"19":{"start":{"line":57,"column":29},"end":{"line":65,"column":5}},"20":{"start":{"line":58,"column":6},"end":{"line":64,"column":9}},"21":{"start":{"line":59,"column":8},"end":{"line":61,"column":9}},"22":{"start":{"line":60,"column":10},"end":{"line":60,"column":17}},"23":{"start":{"line":62,"column":8},"end":{"line":62,"column":72}},"24":{"start":{"line":63,"column":8},"end":{"line":63,"column":45}},"25":{"start":{"line":67,"column":4},"end":{"line":69,"column":7}},"26":{"start":{"line":68,"column":6},"end":{"line":68,"column":36}}},"fnMap":{"0":{"name":"(anonymous_0)","decl":{"start":{"line":5,"column":20},"end":{"line":5,"column":21}},"loc":{"start":{"line":5,"column":26},"end":{"line":71,"column":1}},"line":5},"1":{"name":"(anonymous_1)","decl":{"start":{"line":21,"column":29},"end":{"line":21,"column":30}},"loc":{"start":{"line":21,"column":54},"end":{"line":34,"column":3}},"line":21},"2":{"name":"(anonymous_2)","decl":{"start":{"line":30,"column":37},"end":{"line":30,"column":38}},"loc":{"start":{"line":30,"column":43},"end":{"line":33,"column":5}},"line":30},"3":{"name":"(anonymous_3)","decl":{"start":{"line":36,"column":17},"end":{"line":36,"column":18}},"loc":{"start":{"line":36,"column":27},"end":{"line":38,"column":3}},"line":36},"4":{"name":"(anonymous_4)","decl":{"start":{"line":45,"column":42},"end":{"line":45,"column":43}},"loc":{"start":{"line":45,"column":59},"end":{"line":55,"column":5}},"line":45},"5":{"name":"(anonymous_5)","decl":{"start":{"line":52,"column":19},"end":{"line":52,"column":20}},"loc":{"start":{"line":52,"column":28},"end":{"line":54,"column":7}},"line":52},"6":{"name":"(anonymous_6)","decl":{"start":{"line":57,"column":29},"end":{"line":57,"column":30}},"loc":{"start":{"line":57,"column":46},"end":{"line":65,"column":5}},"line":57},"7":{"name":"(anonymous_7)","decl":{"start":{"line":58,"column":44},"end":{"line":58,"column":45}},"loc":{"start":{"line":58,"column":55},"end":{"line":64,"column":7}},"line":58},"8":{"name":"(anonymous_8)","decl":{"start":{"line":67,"column":25},"end":{"line":67,"column":26}},"loc":{"start":{"line":67,"column":42},"end":{"line":69,"column":5}},"line":67}},"branchMap":{"0":{"loc":{"start":{"line":21,"column":37},"end":{"line":21,"column":49}},"type":"default-arg","locations":[{"start":{"line":21,"column":47},"end":{"line":21,"column":49}}],"line":21},"1":{"loc":{"start":{"line":44,"column":2},"end":{"line":70,"column":3}},"type":"if","locations":[{"start":{"line":44,"column":2},"end":{"line":70,"column":3}},{"start":{},"end":{}}],"line":44},"2":{"loc":{"start":{"line":46,"column":6},"end":{"line":48,"column":7}},"type":"if","locations":[{"start":{"line":46,"column":6},"end":{"line":48,"column":7}},{"start":{},"end":{}}],"line":46},"3":{"loc":{"start":{"line":59,"column":8},"end":{"line":61,"column":9}},"type":"if","locations":[{"start":{"line":59,"column":8},"end":{"line":61,"column":9}},{"start":{},"end":{}}],"line":59}},"s":{"0":0,"1":0,"2":0,"3":0,"4":0,"5":0,"6":0,"7":0,"8":0,"9":0,"10":0,"11":0,"12":0,"13":0,"14":0,"15":0,"16":0,"17":0,"18":0,"19":0,"20":0,"21":0,"22":0,"23":0,"24":0,"25":0,"26":0},"f":{"0":0,"1":0,"2":0,"3":0,"4":0,"5":0,"6":0,"7":0,"8":0},"b":{"0":[0],"1":[0,0],"2":[0,0],"3":[0,0]}}
,"/home/runner/work/jesspf/jesspf/src/common/isInView.js": {"path":"/home/runner/work/jesspf/jesspf/src/common/isInView.js","statementMap":{"0":{"start":{"line":2,"column":2},"end":{"line":2,"column":53}},"1":{"start":{"line":2,"column":46},"end":{"line":2,"column":53}},"2":{"start":{"line":4,"column":2},"end":{"line":20,"column":3}},"3":{"start":{"line":5,"column":4},"end":{"line":12,"column":6}},"4":{"start":{"line":6,"column":6},"end":{"line":11,"column":26}},"5":{"start":{"line":7,"column":8},"end":{"line":10,"column":9}},"6":{"start":{"line":7,"column":39},"end":{"line":7,"column":75}},"7":{"start":{"line":9,"column":10},"end":{"line":9,"column":77}},"8":{"start":{"line":9,"column":37},"end":{"line":9,"column":77}},"9":{"start":{"line":14,"column":4},"end":{"line":19,"column":57}},"10":{"start":{"line":15,"column":6},"end":{"line":18,"column":7}},"11":{"start":{"line":15,"column":37},"end":{"line":15,"column":73}},"12":{"start":{"line":17,"column":8},"end":{"line":17,"column":75}},"13":{"start":{"line":17,"column":35},"end":{"line":17,"column":75}}},"fnMap":{"0":{"name":"isInView","decl":{"start":{"line":1,"column":24},"end":{"line":1,"column":32}},"loc":{"start":{"line":1,"column":42},"end":{"line":21,"column":1}},"line":1},"1":{"name":"(anonymous_1)","decl":{"start":{"line":5,"column":56},"end":{"line":5,"column":57}},"loc":{"start":{"line":5,"column":67},"end":{"line":12,"column":5}},"line":5},"2":{"name":"(anonymous_2)","decl":{"start":{"line":6,"column":31},"end":{"line":6,"column":32}},"loc":{"start":{"line":6,"column":44},"end":{"line":11,"column":7}},"line":6},"3":{"name":"(anonymous_3)","decl":{"start":{"line":14,"column":29},"end":{"line":14,"column":30}},"loc":{"start":{"line":14,"column":42},"end":{"line":19,"column":5}},"line":14}},"branchMap":{"0":{"loc":{"start":{"line":2,"column":2},"end":{"line":2,"column":53}},"type":"if","locations":[{"start":{"line":2,"column":2},"end":{"line":2,"column":53}},{"start":{},"end":{}}],"line":2},"1":{"loc":{"start":{"line":2,"column":6},"end":{"line":2,"column":44}},"type":"binary-expr","locations":[{"start":{"line":2,"column":6},"end":{"line":2,"column":23}},{"start":{"line":2,"column":27},"end":{"line":2,"column":44}}],"line":2},"2":{"loc":{"start":{"line":4,"column":2},"end":{"line":20,"column":3}},"type":"if","locations":[{"start":{"line":4,"column":2},"end":{"line":20,"column":3}},{"start":{"line":13,"column":9},"end":{"line":20,"column":3}}],"line":4},"3":{"loc":{"start":{"line":7,"column":8},"end":{"line":10,"column":9}},"type":"if","locations":[{"start":{"line":7,"column":8},"end":{"line":10,"column":9}},{"start":{"line":8,"column":13},"end":{"line":10,"column":9}}],"line":7},"4":{"loc":{"start":{"line":9,"column":10},"end":{"line":9,"column":77}},"type":"if","locations":[{"start":{"line":9,"column":10},"end":{"line":9,"column":77}},{"start":{},"end":{}}],"line":9},"5":{"loc":{"start":{"line":15,"column":6},"end":{"line":18,"column":7}},"type":"if","locations":[{"start":{"line":15,"column":6},"end":{"line":18,"column":7}},{"start":{"line":16,"column":11},"end":{"line":18,"column":7}}],"line":15},"6":{"loc":{"start":{"line":17,"column":8},"end":{"line":17,"column":75}},"type":"if","locations":[{"start":{"line":17,"column":8},"end":{"line":17,"column":75}},{"start":{},"end":{}}],"line":17}},"s":{"0":0,"1":0,"2":0,"3":0,"4":0,"5":0,"6":0,"7":0,"8":0,"9":0,"10":0,"11":0,"12":0,"13":0},"f":{"0":0,"1":0,"2":0,"3":0},"b":{"0":[0,0],"1":[0,0],"2":[0,0],"3":[0,0],"4":[0,0],"5":[0,0],"6":[0,0]}}
,"/home/runner/work/jesspf/jesspf/src/common/loadBackgroudImages.js": {"path":"/home/runner/work/jesspf/jesspf/src/common/loadBackgroudImages.js","statementMap":{"0":{"start":{"line":2,"column":26},"end":{"line":2,"column":72}},"1":{"start":{"line":4,"column":2},"end":{"line":17,"column":3}},"2":{"start":{"line":5,"column":4},"end":{"line":16,"column":7}},"3":{"start":{"line":6,"column":18},"end":{"line":6,"column":50}},"4":{"start":{"line":7,"column":20},"end":{"line":14,"column":32}},"5":{"start":{"line":10,"column":24},"end":{"line":10,"column":32}},"6":{"start":{"line":12,"column":24},"end":{"line":12,"column":37}},"7":{"start":{"line":15,"column":6},"end":{"line":15,"column":44}}},"fnMap":{"0":{"name":"loadBackgroudImages","decl":{"start":{"line":1,"column":24},"end":{"line":1,"column":43}},"loc":{"start":{"line":1,"column":46},"end":{"line":18,"column":1}},"line":1},"1":{"name":"(anonymous_1)","decl":{"start":{"line":5,"column":28},"end":{"line":5,"column":29}},"loc":{"start":{"line":5,"column":41},"end":{"line":16,"column":5}},"line":5},"2":{"name":"(anonymous_2)","decl":{"start":{"line":10,"column":17},"end":{"line":10,"column":18}},"loc":{"start":{"line":10,"column":24},"end":{"line":10,"column":32}},"line":10},"3":{"name":"(anonymous_3)","decl":{"start":{"line":12,"column":17},"end":{"line":12,"column":18}},"loc":{"start":{"line":12,"column":24},"end":{"line":12,"column":37}},"line":12}},"branchMap":{"0":{"loc":{"start":{"line":4,"column":2},"end":{"line":17,"column":3}},"type":"if","locations":[{"start":{"line":4,"column":2},"end":{"line":17,"column":3}},{"start":{},"end":{}}],"line":4},"1":{"loc":{"start":{"line":6,"column":18},"end":{"line":6,"column":50}},"type":"binary-expr","locations":[{"start":{"line":6,"column":18},"end":{"line":6,"column":44}},{"start":{"line":6,"column":48},"end":{"line":6,"column":50}}],"line":6},"2":{"loc":{"start":{"line":7,"column":20},"end":{"line":14,"column":32}},"type":"cond-expr","locations":[{"start":{"line":8,"column":10},"end":{"line":13,"column":23}},{"start":{"line":14,"column":10},"end":{"line":14,"column":32}}],"line":7}},"s":{"0":0,"1":0,"2":0,"3":0,"4":0,"5":0,"6":0,"7":0},"f":{"0":0,"1":0,"2":0,"3":0},"b":{"0":[0,0],"1":[0,0],"2":[0,0]}}
,"/home/runner/work/jesspf/jesspf/src/common/rolling.js": {"path":"/home/runner/work/jesspf/jesspf/src/common/rolling.js","statementMap":{"0":{"start":{"line":4,"column":20},"end":{"line":28,"column":1}},"1":{"start":{"line":5,"column":21},"end":{"line":5,"column":29}},"2":{"start":{"line":7,"column":2},"end":{"line":25,"column":13}},"3":{"start":{"line":8,"column":20},"end":{"line":8,"column":38}},"4":{"start":{"line":9,"column":26},"end":{"line":9,"column":55}},"5":{"start":{"line":10,"column":4},"end":{"line":10,"column":41}},"6":{"start":{"line":12,"column":4},"end":{"line":17,"column":5}},"7":{"start":{"line":13,"column":17},"end":{"line":13,"column":47}},"8":{"start":{"line":14,"column":6},"end":{"line":14,"column":62}},"9":{"start":{"line":15,"column":6},"end":{"line":15,"column":35}},"10":{"start":{"line":16,"column":6},"end":{"line":16,"column":38}},"11":{"start":{"line":19,"column":4},"end":{"line":19,"column":39}},"12":{"start":{"line":20,"column":4},"end":{"line":20,"column":55}},"13":{"start":{"line":22,"column":4},"end":{"line":24,"column":7}},"14":{"start":{"line":23,"column":6},"end":{"line":23,"column":39}},"15":{"start":{"line":27,"column":2},"end":{"line":27,"column":56}}},"fnMap":{"0":{"name":"(anonymous_0)","decl":{"start":{"line":4,"column":20},"end":{"line":4,"column":21}},"loc":{"start":{"line":4,"column":43},"end":{"line":28,"column":1}},"line":4},"1":{"name":"(anonymous_1)","decl":{"start":{"line":7,"column":12},"end":{"line":7,"column":13}},"loc":{"start":{"line":7,"column":18},"end":{"line":25,"column":3}},"line":7},"2":{"name":"(anonymous_2)","decl":{"start":{"line":22,"column":42},"end":{"line":22,"column":43}},"loc":{"start":{"line":22,"column":48},"end":{"line":24,"column":5}},"line":22}},"branchMap":{"0":{"loc":{"start":{"line":4,"column":23},"end":{"line":4,"column":36}},"type":"default-arg","locations":[{"start":{"line":4,"column":30},"end":{"line":4,"column":36}}],"line":4},"1":{"loc":{"start":{"line":14,"column":23},"end":{"line":14,"column":61}},"type":"cond-expr","locations":[{"start":{"line":14,"column":46},"end":{"line":14,"column":52}},{"start":{"line":14,"column":55},"end":{"line":14,"column":61}}],"line":14}},"s":{"0":0,"1":0,"2":0,"3":0,"4":0,"5":0,"6":0,"7":0,"8":0,"9":0,"10":0,"11":0,"12":0,"13":0,"14":0,"15":0},"f":{"0":0,"1":0,"2":0},"b":{"0":[0],"1":[0,0]}}
,"/home/runner/work/jesspf/jesspf/src/common/scrollToTop.js": {"path":"/home/runner/work/jesspf/jesspf/src/common/scrollToTop.js","statementMap":{"0":{"start":{"line":1,"column":20},"end":{"line":38,"column":1}},"1":{"start":{"line":2,"column":15},"end":{"line":2,"column":18}},"2":{"start":{"line":3,"column":21},"end":{"line":3,"column":61}},"3":{"start":{"line":4,"column":21},"end":{"line":4,"column":66}},"4":{"start":{"line":5,"column":19},"end":{"line":5,"column":48}},"5":{"start":{"line":6,"column":25},"end":{"line":11,"column":3}},"6":{"start":{"line":7,"column":17},"end":{"line":7,"column":31}},"7":{"start":{"line":8,"column":17},"end":{"line":8,"column":75}},"8":{"start":{"line":9,"column":19},"end":{"line":9,"column":62}},"9":{"start":{"line":10,"column":4},"end":{"line":10,"column":51}},"10":{"start":{"line":12,"column":2},"end":{"line":37,"column":3}},"11":{"start":{"line":13,"column":4},"end":{"line":14,"column":13}},"12":{"start":{"line":15,"column":4},"end":{"line":15,"column":71}},"13":{"start":{"line":16,"column":4},"end":{"line":16,"column":53}},"14":{"start":{"line":17,"column":4},"end":{"line":17,"column":41}},"15":{"start":{"line":18,"column":4},"end":{"line":19,"column":38}},"16":{"start":{"line":21,"column":4},"end":{"line":21,"column":21}},"17":{"start":{"line":22,"column":4},"end":{"line":22,"column":54}},"18":{"start":{"line":23,"column":4},"end":{"line":31,"column":7}},"19":{"start":{"line":24,"column":6},"end":{"line":30,"column":7}},"20":{"start":{"line":25,"column":8},"end":{"line":25,"column":54}},"21":{"start":{"line":27,"column":8},"end":{"line":29,"column":47}},"22":{"start":{"line":32,"column":4},"end":{"line":36,"column":7}},"23":{"start":{"line":33,"column":6},"end":{"line":33,"column":29}},"24":{"start":{"line":34,"column":6},"end":{"line":34,"column":54}},"25":{"start":{"line":35,"column":6},"end":{"line":35,"column":19}}},"fnMap":{"0":{"name":"(anonymous_0)","decl":{"start":{"line":1,"column":20},"end":{"line":1,"column":21}},"loc":{"start":{"line":1,"column":26},"end":{"line":38,"column":1}},"line":1},"1":{"name":"(anonymous_1)","decl":{"start":{"line":6,"column":25},"end":{"line":6,"column":26}},"loc":{"start":{"line":6,"column":31},"end":{"line":11,"column":3}},"line":6},"2":{"name":"(anonymous_2)","decl":{"start":{"line":23,"column":38},"end":{"line":23,"column":39}},"loc":{"start":{"line":23,"column":50},"end":{"line":31,"column":5}},"line":23},"3":{"name":"(anonymous_3)","decl":{"start":{"line":32,"column":43},"end":{"line":32,"column":44}},"loc":{"start":{"line":32,"column":60},"end":{"line":36,"column":5}},"line":32}},"branchMap":{"0":{"loc":{"start":{"line":12,"column":2},"end":{"line":37,"column":3}},"type":"if","locations":[{"start":{"line":12,"column":2},"end":{"line":37,"column":3}},{"start":{},"end":{}}],"line":12},"1":{"loc":{"start":{"line":24,"column":6},"end":{"line":30,"column":7}},"type":"if","locations":[{"start":{"line":24,"column":6},"end":{"line":30,"column":7}},{"start":{"line":26,"column":13},"end":{"line":30,"column":7}}],"line":24}},"s":{"0":0,"1":0,"2":0,"3":0,"4":0,"5":0,"6":0,"7":0,"8":0,"9":0,"10":0,"11":0,"12":0,"13":0,"14":0,"15":0,"16":0,"17":0,"18":0,"19":0,"20":0,"21":0,"22":0,"23":0,"24":0,"25":0},"f":{"0":0,"1":0,"2":0,"3":0},"b":{"0":[0,0],"1":[0,0]}}
,"/home/runner/work/jesspf/jesspf/src/common/siteMeta.js": {"path":"/home/runner/work/jesspf/jesspf/src/common/siteMeta.js","statementMap":{"0":{"start":{"line":1,"column":26},"end":{"line":1,"column":110}},"1":{"start":{"line":4,"column":2},"end":{"line":4,"column":67}},"2":{"start":{"line":4,"column":49},"end":{"line":4,"column":67}},"3":{"start":{"line":5,"column":2},"end":{"line":5,"column":39}}},"fnMap":{"0":{"name":"titleFor","decl":{"start":{"line":3,"column":16},"end":{"line":3,"column":24}},"loc":{"start":{"line":3,"column":35},"end":{"line":6,"column":1}},"line":3}},"branchMap":{"0":{"loc":{"start":{"line":4,"column":2},"end":{"line":4,"column":67}},"type":"if","locations":[{"start":{"line":4,"column":2},"end":{"line":4,"column":67}},{"start":{},"end":{}}],"line":4},"1":{"loc":{"start":{"line":4,"column":6},"end":{"line":4,"column":47}},"type":"binary-expr","locations":[{"start":{"line":4,"column":6},"end":{"line":4,"column":15}},{"start":{"line":4,"column":19},"end":{"line":4,"column":47}}],"line":4}},"s":{"0":0,"1":0,"2":0,"3":0},"f":{"0":0},"b":{"0":[0,0],"1":[0,0]}}
,"/home/runner/work/jesspf/jesspf/src/components/blog-classic/Blogs.jsx": {"path":"/home/runner/work/jesspf/jesspf/src/components/blog-classic/Blogs.jsx","statementMap":{"0":{"start":{"line":4,"column":2},"end":{"line":241,"column":4}}},"fnMap":{"0":{"name":"Blogs","decl":{"start":{"line":3,"column":9},"end":{"line":3,"column":14}},"loc":{"start":{"line":3,"column":17},"end":{"line":242,"column":1}},"line":3}},"branchMap":{},"s":{"0":0},"f":{"0":0},"b":{}}
,"/home/runner/work/jesspf/jesspf/src/components/blog-classic/Header.jsx": {"path":"/home/runner/work/jesspf/jesspf/src/components/blog-classic/Header.jsx","statementMap":{"0":{"start":{"line":6,"column":2},"end":{"line":8,"column":9}},"1":{"start":{"line":7,"column":4},"end":{"line":7,"column":26}},"2":{"start":{"line":9,"column":2},"end":{"line":27,"column":4}}},"fnMap":{"0":{"name":"Header","decl":{"start":{"line":5,"column":9},"end":{"line":5,"column":15}},"loc":{"start":{"line":5,"column":18},"end":{"line":28,"column":1}},"line":5},"1":{"name":"(anonymous_1)","decl":{"start":{"line":6,"column":12},"end":{"line":6,"column":13}},"loc":{"start":{"line":6,"column":18},"end":{"line":8,"column":3}},"line":6}},"branchMap":{},"s":{"0":0,"1":0,"2":0},"f":{"0":0,"1":0},"b":{}}
,"/home/runner/work/jesspf/jesspf/src/components/blog-details/Blog.jsx": {"path":"/home/runner/work/jesspf/jesspf/src/components/blog-details/Blog.jsx","statementMap":{"0":{"start":{"line":4,"column":2},"end":{"line":361,"column":4}}},"fnMap":{"0":{"name":"Blog","decl":{"start":{"line":3,"column":9},"end":{"line":3,"column":13}},"loc":{"start":{"line":3,"column":16},"end":{"line":362,"column":1}},"line":3}},"branchMap":{},"s":{"0":0},"f":{"0":0},"b":{}}
,"/home/runner/work/jesspf/jesspf/src/components/blog-details/Header.jsx": {"path":"/home/runner/work/jesspf/jesspf/src/components/blog-details/Header.jsx","statementMap":{"0":{"start":{"line":6,"column":2},"end":{"line":8,"column":9}},"1":{"start":{"line":7,"column":4},"end":{"line":7,"column":26}},"2":{"start":{"line":9,"column":2},"end":{"line":68,"column":4}}},"fnMap":{"0":{"name":"Header","decl":{"start":{"line":5,"column":9},"end":{"line":5,"column":15}},"loc":{"start":{"line":5,"column":18},"end":{"line":69,"column":1}},"line":5},"1":{"name":"(anonymous_1)","decl":{"start":{"line":6,"column":12},"end":{"line":6,"column":13}},"loc":{"start":{"line":6,"column":18},"end":{"line":8,"column":3}},"line":6}},"branchMap":{},"s":{"0":0,"1":0,"2":0},"f":{"0":0,"1":0},"b":{}}
,"/home/runner/work/jesspf/jesspf/src/components/blog-grid-3column/Blogs.jsx": {"path":"/home/runner/work/jesspf/jesspf/src/components/blog-grid-3column/Blogs.jsx","statementMap":{"0":{"start":{"line":4,"column":2},"end":{"line":197,"column":4}}},"fnMap":{"0":{"name":"Blogs","decl":{"start":{"line":3,"column":9},"end":{"line":3,"column":14}},"loc":{"start":{"line":3,"column":17},"end":{"line":198,"column":1}},"line":3}},"branchMap":{},"s":{"0":0},"f":{"0":0},"b":{}}
,"/home/runner/work/jesspf/jesspf/src/components/blog-grid-3column/Header.jsx": {"path":"/home/runner/work/jesspf/jesspf/src/components/blog-grid-3column/Header.jsx","statementMap":{"0":{"start":{"line":6,"column":2},"end":{"line":8,"column":9}},"1":{"start":{"line":7,"column":4},"end":{"line":7,"column":26}},"2":{"start":{"line":9,"column":2},"end":{"line":27,"column":4}}},"fnMap":{"0":{"name":"Header","decl":{"start":{"line":5,"column":9},"end":{"line":5,"column":15}},"loc":{"start":{"line":5,"column":18},"end":{"line":28,"column":1}},"line":5},"1":{"name":"(anonymous_1)","decl":{"start":{"line":6,"column":12},"end":{"line":6,"column":13}},"loc":{"start":{"line":6,"column":18},"end":{"line":8,"column":3}},"line":6}},"branchMap":{},"s":{"0":0,"1":0,"2":0},"f":{"0":0,"1":0},"b":{}}
,"/home/runner/work/jesspf/jesspf/src/components/blog-grid-sidebar/Blogs.jsx": {"path":"/home/runner/work/jesspf/jesspf/src/components/blog-grid-sidebar/Blogs.jsx","statementMap":{"0":{"start":{"line":4,"column":2},"end":{"line":334,"column":4}}},"fnMap":{"0":{"name":"Blogs","decl":{"start":{"line":3,"column":9},"end":{"line":3,"column":14}},"loc":{"start":{"line":3,"column":17},"end":{"line":335,"column":1}},"line":3}},"branchMap":{},"s":{"0":0},"f":{"0":0},"b":{}}
,"/home/runner/work/jesspf/jesspf/src/components/blog-grid-sidebar/Header.jsx": {"path":"/home/runner/work/jesspf/jesspf/src/components/blog-grid-sidebar/Header.jsx","statementMap":{"0":{"start":{"line":6,"column":2},"end":{"line":8,"column":9}},"1":{"start":{"line":7,"column":4},"end":{"line":7,"column":26}},"2":{"start":{"line":9,"column":2},"end":{"line":27,"column":4}}},"fnMap":{"0":{"name":"Header","decl":{"start":{"line":5,"column":9},"end":{"line":5,"column":15}},"loc":{"start":{"line":5,"column":18},"end":{"line":28,"column":1}},"line":5},"1":{"name":"(anonymous_1)","decl":{"start":{"line":6,"column":12},"end":{"line":6,"column":13}},"loc":{"start":{"line":6,"column":18},"end":{"line":8,"column":3}},"line":6}},"branchMap":{},"s":{"0":0,"1":0,"2":0},"f":{"0":0,"1":0},"b":{}}
,"/home/runner/work/jesspf/jesspf/src/components/common/Clients.jsx": {"path":"/home/runner/work/jesspf/jesspf/src/components/common/Clients.jsx","statementMap":{"0":{"start":{"line":6,"column":24},"end":{"line":35,"column":3}},"1":{"start":{"line":36,"column":2},"end":{"line":117,"column":4}}},"fnMap":{"0":{"name":"Clients","decl":{"start":{"line":5,"column":9},"end":{"line":5,"column":16}},"loc":{"start":{"line":5,"column":19},"end":{"line":118,"column":1}},"line":5}},"branchMap":{},"s":{"0":0,"1":0},"f":{"0":0},"b":{}}
,"/home/runner/work/jesspf/jesspf/src/components/common/Footer.jsx": {"path":"/home/runner/work/jesspf/jesspf/src/components/common/Footer.jsx","statementMap":{"0":{"start":{"line":4,"column":2},"end":{"line":87,"column":4}}},"fnMap":{"0":{"name":"Footer","decl":{"start":{"line":3,"column":9},"end":{"line":3,"column":15}},"loc":{"start":{"line":3,"column":18},"end":{"line":88,"column":1}},"line":3}},"branchMap":{},"s":{"0":0},"f":{"0":0},"b":{}}
,"/home/runner/work/jesspf/jesspf/src/components/common/Lines.jsx": {"path":"/home/runner/work/jesspf/jesspf/src/components/common/Lines.jsx","statementMap":{"0":{"start":{"line":4,"column":2},"end":{"line":12,"column":4}}},"fnMap":{"0":{"name":"Lines","decl":{"start":{"line":3,"column":9},"end":{"line":3,"column":14}},"loc":{"start":{"line":3,"column":17},"end":{"line":13,"column":1}},"line":3}},"branchMap":{},"s":{"0":0},"f":{"0":0},"b":{}}
,"/home/runner/work/jesspf/jesspf/src/components/common/Marq2.jsx": {"path":"/home/runner/work/jesspf/jesspf/src/components/common/Marq2.jsx","statementMap":{"0":{"start":{"line":4,"column":19},"end":{"line":4,"column":35}},"1":{"start":{"line":5,"column":22},"end":{"line":5,"column":52}},"2":{"start":{"line":6,"column":18},"end":{"line":6,"column":32}},"3":{"start":{"line":7,"column":21},"end":{"line":7,"column":50}},"4":{"start":{"line":9,"column":2},"end":{"line":69,"column":4}},"5":{"start":{"line":15,"column":14},"end":{"line":22,"column":20}},"6":{"start":{"line":25,"column":14},"end":{"line":32,"column":20}},"7":{"start":{"line":46,"column":14},"end":{"line":50,"column":20}},"8":{"start":{"line":55,"column":14},"end":{"line":59,"column":20}}},"fnMap":{"0":{"name":"Marq2","decl":{"start":{"line":3,"column":9},"end":{"line":3,"column":14}},"loc":{"start":{"line":3,"column":17},"end":{"line":70,"column":1}},"line":3},"1":{"name":"(anonymous_1)","decl":{"start":{"line":14,"column":29},"end":{"line":14,"column":30}},"loc":{"start":{"line":15,"column":14},"end":{"line":22,"column":20}},"line":15},"2":{"name":"(anonymous_2)","decl":{"start":{"line":24,"column":29},"end":{"line":24,"column":30}},"loc":{"start":{"line":25,"column":14},"end":{"line":32,"column":20}},"line":25},"3":{"name":"(anonymous_3)","decl":{"start":{"line":45,"column":28},"end":{"line":45,"column":29}},"loc":{"start":{"line":46,"column":14},"end":{"line":50,"column":20}},"line":46},"4":{"name":"(anonymous_4)","decl":{"start":{"line":54,"column":28},"end":{"line":54,"column":29}},"loc":{"start":{"line":55,"column":14},"end":{"line":59,"column":20}},"line":55}},"branchMap":{},"s":{"0":0,"1":0,"2":0,"3":0,"4":0,"5":0,"6":0,"7":0,"8":0},"f":{"0":0,"1":0,"2":0,"3":0,"4":0},"b":{}}
,"/home/runner/work/jesspf/jesspf/src/components/common/Navbar.jsx": {"path":"/home/runner/work/jesspf/jesspf/src/components/common/Navbar.jsx","statementMap":{"0":{"start":{"line":6,"column":23},"end":{"line":6,"column":37}},"1":{"start":{"line":7,"column":19},"end":{"line":7,"column":52}},"2":{"start":{"line":9,"column":4},"end":{"line":10,"column":47}},"3":{"start":{"line":9,"column":26},"end":{"line":9,"column":61}},"4":{"start":{"line":10,"column":9},"end":{"line":10,"column":47}},"5":{"start":{"line":12,"column":2},"end":{"line":15,"column":9}},"6":{"start":{"line":13,"column":4},"end":{"line":13,"column":52}},"7":{"start":{"line":14,"column":4},"end":{"line":14,"column":68}},"8":{"start":{"line":14,"column":17},"end":{"line":14,"column":67}},"9":{"start":{"line":17,"column":4},"end":{"line":31,"column":5}},"10":{"start":{"line":22,"column":6},"end":{"line":24,"column":34}},"11":{"start":{"line":25,"column":11},"end":{"line":31,"column":5}},"12":{"start":{"line":30,"column":6},"end":{"line":30,"column":79}},"13":{"start":{"line":33,"column":2},"end":{"line":98,"column":4}},"14":{"start":{"line":37,"column":63},"end":{"line":37,"column":92}},"15":{"start":{"line":37,"column":93},"end":{"line":37,"column":143}}},"fnMap":{"0":{"name":"Navbar","decl":{"start":{"line":4,"column":9},"end":{"line":4,"column":15}},"loc":{"start":{"line":4,"column":18},"end":{"line":99,"column":1}},"line":4},"1":{"name":"handleScroll","decl":{"start":{"line":5,"column":11},"end":{"line":5,"column":23}},"loc":{"start":{"line":5,"column":26},"end":{"line":11,"column":3}},"line":5},"2":{"name":"(anonymous_2)","decl":{"start":{"line":12,"column":12},"end":{"line":12,"column":13}},"loc":{"start":{"line":12,"column":18},"end":{"line":15,"column":3}},"line":12},"3":{"name":"(anonymous_3)","decl":{"start":{"line":14,"column":11},"end":{"line":14,"column":12}},"loc":{"start":{"line":14,"column":17},"end":{"line":14,"column":67}},"line":14},"4":{"name":"handleToggleNav","decl":{"start":{"line":16,"column":11},"end":{"line":16,"column":26}},"loc":{"start":{"line":16,"column":29},"end":{"line":32,"column":3}},"line":16},"5":{"name":"(anonymous_5)","decl":{"start":{"line":37,"column":57},"end":{"line":37,"column":58}},"loc":{"start":{"line":37,"column":62},"end":{"line":37,"column":144}},"line":37}},"branchMap":{"0":{"loc":{"start":{"line":9,"column":4},"end":{"line":10,"column":47}},"type":"if","locations":[{"start":{"line":9,"column":4},"end":{"line":10,"column":47}},{"start":{"line":10,"column":9},"end":{"line":10,"column":47}}],"line":9},"1":{"loc":{"start":{"line":17,"column":4},"end":{"line":31,"column":5}},"type":"if","locations":[{"start":{"line":17,"column":4},"end":{"line":31,"column":5}},{"start":{"line":25,"column":11},"end":{"line":31,"column":5}}],"line":17},"2":{"loc":{"start":{"line":25,"column":11},"end":{"line":31,"column":5}},"type":"if","locations":[{"start":{"line":25,"column":11},"end":{"line":31,"column":5}},{"start":{},"end":{}}],"line":25}},"s":{"0":0,"1":0,"2":0,"3":0,"4":0,"5":0,"6":0,"7":0,"8":0,"9":0,"10":0,"11":0,"12":0,"13":0,"14":0,"15":0},"f":{"0":0,"1":0,"2":0,"3":0,"4":0,"5":0},"b":{"0":[0,0],"1":[0,0],"2":[0,0]}}
,"/home/runner/work/jesspf/jesspf/src/components/common/ProgressScroll.jsx": {"path":"/home/runner/work/jesspf/jesspf/src/components/common/ProgressScroll.jsx","statementMap":{"0":{"start":{"line":6,"column":23},"end":{"line":23,"column":1}},"1":{"start":{"line":7,"column":2},"end":{"line":9,"column":9}},"2":{"start":{"line":8,"column":4},"end":{"line":8,"column":18}},"3":{"start":{"line":11,"column":2},"end":{"line":22,"column":4}}},"fnMap":{"0":{"name":"(anonymous_0)","decl":{"start":{"line":6,"column":23},"end":{"line":6,"column":24}},"loc":{"start":{"line":6,"column":29},"end":{"line":23,"column":1}},"line":6},"1":{"name":"(anonymous_1)","decl":{"start":{"line":7,"column":12},"end":{"line":7,"column":13}},"loc":{"start":{"line":7,"column":18},"end":{"line":9,"column":3}},"line":7}},"branchMap":{},"s":{"0":0,"1":0,"2":0,"3":0},"f":{"0":0,"1":0},"b":{}}
,"/home/runner/work/jesspf/jesspf/src/components/common/cusor.jsx": {"path":"/home/runner/work/jesspf/jesspf/src/components/common/cusor.jsx","statementMap":{"0":{"start":{"line":5,"column":2},"end":{"line":38,"column":9}},"1":{"start":{"line":6,"column":17},"end":{"line":6,"column":57}},"2":{"start":{"line":7,"column":19},"end":{"line":7,"column":52}},"3":{"start":{"line":9,"column":22},"end":{"line":19,"column":5}},"4":{"start":{"line":10,"column":24},"end":{"line":10,"column":57}},"5":{"start":{"line":11,"column":41},"end":{"line":11,"column":42}},"6":{"start":{"line":12,"column":59},"end":{"line":12,"column":63}},"7":{"start":{"line":13,"column":19},"end":{"line":13,"column":21}},"8":{"start":{"line":14,"column":20},"end":{"line":14,"column":51}},"9":{"start":{"line":15,"column":20},"end":{"line":15,"column":52}},"10":{"start":{"line":17,"column":6},"end":{"line":17,"column":70}},"11":{"start":{"line":18,"column":6},"end":{"line":18,"column":66}},"12":{"start":{"line":18,"column":35},"end":{"line":18,"column":66}},"13":{"start":{"line":21,"column":23},"end":{"line":25,"column":5}},"14":{"start":{"line":22,"column":41},"end":{"line":22,"column":42}},"15":{"start":{"line":23,"column":6},"end":{"line":23,"column":35}},"16":{"start":{"line":24,"column":6},"end":{"line":24,"column":34}},"17":{"start":{"line":26,"column":4},"end":{"line":26,"column":68}},"18":{"start":{"line":26,"column":24},"end":{"line":26,"column":66}},"19":{"start":{"line":27,"column":4},"end":{"line":27,"column":69}},"20":{"start":{"line":27,"column":24},"end":{"line":27,"column":67}},"21":{"start":{"line":28,"column":4},"end":{"line":28,"column":53}},"22":{"start":{"line":30,"column":4},"end":{"line":37,"column":7}},"23":{"start":{"line":31,"column":6},"end":{"line":33,"column":9}},"24":{"start":{"line":32,"column":8},"end":{"line":32,"column":46}},"25":{"start":{"line":34,"column":6},"end":{"line":36,"column":9}},"26":{"start":{"line":35,"column":8},"end":{"line":35,"column":49}},"27":{"start":{"line":40,"column":2},"end":{"line":40,"column":40}}},"fnMap":{"0":{"name":"Cursor","decl":{"start":{"line":4,"column":9},"end":{"line":4,"column":15}},"loc":{"start":{"line":4,"column":18},"end":{"line":41,"column":1}},"line":4},"1":{"name":"(anonymous_1)","decl":{"start":{"line":5,"column":12},"end":{"line":5,"column":13}},"loc":{"start":{"line":5,"column":18},"end":{"line":38,"column":3}},"line":5},"2":{"name":"(anonymous_2)","decl":{"start":{"line":9,"column":22},"end":{"line":9,"column":23}},"loc":{"start":{"line":9,"column":35},"end":{"line":19,"column":5}},"line":9},"3":{"name":"(anonymous_3)","decl":{"start":{"line":21,"column":23},"end":{"line":21,"column":24}},"loc":{"start":{"line":21,"column":30},"end":{"line":25,"column":5}},"line":21},"4":{"name":"(anonymous_4)","decl":{"start":{"line":26,"column":17},"end":{"line":26,"column":18}},"loc":{"start":{"line":26,"column":24},"end":{"line":26,"column":66}},"line":26},"5":{"name":"(anonymous_5)","decl":{"start":{"line":27,"column":17},"end":{"line":27,"column":18}},"loc":{"start":{"line":27,"column":24},"end":{"line":27,"column":67}},"line":27},"6":{"name":"(anonymous_6)","decl":{"start":{"line":30,"column":60},"end":{"line":30,"column":61}},"loc":{"start":{"line":30,"column":68},"end":{"line":37,"column":5}},"line":30},"7":{"name":"(anonymous_7)","decl":{"start":{"line":31,"column":39},"end":{"line":31,"column":40}},"loc":{"start":{"line":31,"column":45},"end":{"line":33,"column":7}},"line":31},"8":{"name":"(anonymous_8)","decl":{"start":{"line":34,"column":40},"end":{"line":34,"column":41}},"loc":{"start":{"line":34,"column":46},"end":{"line":36,"column":7}},"line":34}},"branchMap":{"0":{"loc":{"start":{"line":18,"column":6},"end":{"line":18,"column":66}},"type":"if","locations":[{"start":{"line":18,"column":6},"end":{"line":18,"column":66}},{"start":{},"end":{}}],"line":18}},"s":{"0":0,"1":0,"2":0,"3":0,"4":0,"5":0,"6":0,"7":0,"8":0,"9":0,"10":0,"11":0,"12":0,"13":0,"14":0,"15":0,"16":0,"17":0,"18":0,"19":0,"20":0,"21":0,"22":0,"23":0,"24":0,"25":0,"26":0,"27":0},"f":{"0":0,"1":0,"2":0,"3":0,"4":0,"5":0,"6":0,"7":0,"8":0},"b":{"0":[0,0]}}
,"/home/runner/work/jesspf/jesspf/src/components/common/loader.jsx": {"path":"/home/runner/work/jesspf/jesspf/src/components/common/loader.jsx","statementMap":{"0":{"start":{"line":6,"column":0},"end":{"line":6,"column":44}},"1":{"start":{"line":22,"column":2},"end":{"line":55,"column":9}},"2":{"start":{"line":23,"column":21},"end":{"line":54,"column":11}},"3":{"start":{"line":24,"column":6},"end":{"line":53,"column":7}},"4":{"start":{"line":25,"column":8},"end":{"line":25,"column":32}},"5":{"start":{"line":26,"column":20},"end":{"line":26,"column":50}},"6":{"start":{"line":27,"column":19},"end":{"line":27,"column":34}},"7":{"start":{"line":28,"column":22},"end":{"line":28,"column":67}},"8":{"start":{"line":29,"column":21},"end":{"line":29,"column":56}},"9":{"start":{"line":31,"column":8},"end":{"line":35,"column":11}},"10":{"start":{"line":36,"column":8},"end":{"line":44,"column":11}},"11":{"start":{"line":45,"column":8},"end":{"line":45,"column":44}},"12":{"start":{"line":46,"column":8},"end":{"line":46,"column":63}},"13":{"start":{"line":47,"column":8},"end":{"line":47,"column":47}},"14":{"start":{"line":48,"column":8},"end":{"line":52,"column":10}},"15":{"start":{"line":57,"column":2},"end":{"line":75,"column":4}}},"fnMap":{"0":{"name":"LoadingScreen","decl":{"start":{"line":8,"column":9},"end":{"line":8,"column":22}},"loc":{"start":{"line":8,"column":25},"end":{"line":76,"column":1}},"line":8},"1":{"name":"(anonymous_1)","decl":{"start":{"line":22,"column":12},"end":{"line":22,"column":13}},"loc":{"start":{"line":22,"column":18},"end":{"line":55,"column":3}},"line":22},"2":{"name":"(anonymous_2)","decl":{"start":{"line":23,"column":33},"end":{"line":23,"column":34}},"loc":{"start":{"line":23,"column":39},"end":{"line":54,"column":5}},"line":23}},"branchMap":{"0":{"loc":{"start":{"line":24,"column":6},"end":{"line":53,"column":7}},"type":"if","locations":[{"start":{"line":24,"column":6},"end":{"line":53,"column":7}},{"start":{},"end":{}}],"line":24}},"s":{"0":0,"1":0,"2":0,"3":0,"4":0,"5":0,"6":0,"7":0,"8":0,"9":0,"10":0,"11":0,"12":0,"13":0,"14":0,"15":0},"f":{"0":0,"1":0,"2":0},"b":{"0":[0,0]}}
,"/home/runner/work/jesspf/jesspf/src/components/home-creative-agency/Blog.jsx": {"path":"/home/runner/work/jesspf/jesspf/src/components/home-creative-agency/Blog.jsx","statementMap":{"0":{"start":{"line":4,"column":2},"end":{"line":91,"column":4}}},"fnMap":{"0":{"name":"Blog","decl":{"start":{"line":3,"column":9},"end":{"line":3,"column":13}},"loc":{"start":{"line":3,"column":16},"end":{"line":92,"column":1}},"line":3}},"branchMap":{},"s":{"0":0},"f":{"0":0},"b":{}}
,"/home/runner/work/jesspf/jesspf/src/components/home-creative-agency/Header.jsx": {"path":"/home/runner/work/jesspf/jesspf/src/components/home-creative-agency/Header.jsx","statementMap":{"0":{"start":{"line":6,"column":2},"end":{"line":8,"column":9}},"1":{"start":{"line":7,"column":4},"end":{"line":7,"column":26}},"2":{"start":{"line":9,"column":2},"end":{"line":67,"column":4}}},"fnMap":{"0":{"name":"Header","decl":{"start":{"line":5,"column":9},"end":{"line":5,"column":15}},"loc":{"start":{"line":5,"column":18},"end":{"line":68,"column":1}},"line":5},"1":{"name":"(anonymous_1)","decl":{"start":{"line":6,"column":12},"end":{"line":6,"column":13}},"loc":{"start":{"line":6,"column":18},"end":{"line":8,"column":3}},"line":6}},"branchMap":{},"s":{"0":0,"1":0,"2":0},"f":{"0":0,"1":0},"b":{}}
,"/home/runner/work/jesspf/jesspf/src/components/home-creative-agency/Intro.jsx": {"path":"/home/runner/work/jesspf/jesspf/src/components/home-creative-agency/Intro.jsx","statementMap":{"0":{"start":{"line":7,"column":4},"end":{"line":13,"column":7}},"1":{"start":{"line":11,"column":8},"end":{"line":11,"column":65}},"2":{"start":{"line":15,"column":2},"end":{"line":18,"column":9}},"3":{"start":{"line":16,"column":4},"end":{"line":16,"column":64}},"4":{"start":{"line":17,"column":4},"end":{"line":17,"column":80}},"5":{"start":{"line":17,"column":17},"end":{"line":17,"column":79}},"6":{"start":{"line":19,"column":2},"end":{"line":67,"column":4}}},"fnMap":{"0":{"name":"Intro","decl":{"start":{"line":5,"column":9},"end":{"line":5,"column":14}},"loc":{"start":{"line":5,"column":17},"end":{"line":68,"column":1}},"line":5},"1":{"name":"handleShowProgressValues","decl":{"start":{"line":6,"column":11},"end":{"line":6,"column":35}},"loc":{"start":{"line":6,"column":38},"end":{"line":14,"column":3}},"line":6},"2":{"name":"(anonymous_2)","decl":{"start":{"line":10,"column":16},"end":{"line":10,"column":17}},"loc":{"start":{"line":10,"column":29},"end":{"line":12,"column":7}},"line":10},"3":{"name":"(anonymous_3)","decl":{"start":{"line":15,"column":12},"end":{"line":15,"column":13}},"loc":{"start":{"line":15,"column":18},"end":{"line":18,"column":3}},"line":15},"4":{"name":"(anonymous_4)","decl":{"start":{"line":17,"column":11},"end":{"line":17,"column":12}},"loc":{"start":{"line":17,"column":17},"end":{"line":17,"column":79}},"line":17}},"branchMap":{},"s":{"0":0,"1":0,"2":0,"3":0,"4":0,"5":0,"6":0},"f":{"0":0,"1":0,"2":0,"3":0,"4":0},"b":{}}
,"/home/runner/work/jesspf/jesspf/src/components/home-creative-agency/Intro2.jsx": {"path":"/home/runner/work/jesspf/jesspf/src/components/home-creative-agency/Intro2.jsx","statementMap":{"0":{"start":{"line":6,"column":4},"end":{"line":10,"column":7}},"1":{"start":{"line":7,"column":6},"end":{"line":7,"column":41}},"2":{"start":{"line":8,"column":6},"end":{"line":8,"column":34}},"3":{"start":{"line":9,"column":6},"end":{"line":9,"column":55}},"4":{"start":{"line":11,"column":4},"end":{"line":11,"column":62}},"5":{"start":{"line":12,"column":4},"end":{"line":12,"column":69}},"6":{"start":{"line":13,"column":4},"end":{"line":13,"column":67}},"7":{"start":{"line":15,"column":2},"end":{"line":80,"column":4}}},"fnMap":{"0":{"name":"Intro2","decl":{"start":{"line":4,"column":9},"end":{"line":4,"column":15}},"loc":{"start":{"line":4,"column":18},"end":{"line":81,"column":1}},"line":4},"1":{"name":"openAccordion","decl":{"start":{"line":5,"column":11},"end":{"line":5,"column":24}},"loc":{"start":{"line":5,"column":32},"end":{"line":14,"column":3}},"line":5},"2":{"name":"(anonymous_2)","decl":{"start":{"line":6,"column":57},"end":{"line":6,"column":58}},"loc":{"start":{"line":6,"column":70},"end":{"line":10,"column":5}},"line":6}},"branchMap":{},"s":{"0":0,"1":0,"2":0,"3":0,"4":0,"5":0,"6":0,"7":0},"f":{"0":0,"1":0,"2":0},"b":{}}
,"/home/runner/work/jesspf/jesspf/src/components/home-creative-agency/Numbers.jsx": {"path":"/home/runner/work/jesspf/jesspf/src/components/home-creative-agency/Numbers.jsx","statementMap":{"0":{"start":{"line":4,"column":2},"end":{"line":50,"column":4}}},"fnMap":{"0":{"name":"Numbers","decl":{"start":{"line":3,"column":9},"end":{"line":3,"column":16}},"loc":{"start":{"line":3,"column":19},"end":{"line":51,"column":1}},"line":3}},"branchMap":{},"s":{"0":0},"f":{"0":0},"b":{}}
,"/home/runner/work/jesspf/jesspf/src/components/home-creative-agency/Portfolio.jsx": {"path":"/home/runner/work/jesspf/jesspf/src/components/home-creative-agency/Portfolio.jsx","statementMap":{"0":{"start":{"line":8,"column":24},"end":{"line":24,"column":3}},"1":{"start":{"line":25,"column":2},"end":{"line":84,"column":4}},"2":{"start":{"line":54,"column":14},"end":{"line":77,"column":28}}},"fnMap":{"0":{"name":"Portfolio","decl":{"start":{"line":7,"column":9},"end":{"line":7,"column":18}},"loc":{"start":{"line":7,"column":21},"end":{"line":85,"column":1}},"line":7},"1":{"name":"(anonymous_1)","decl":{"start":{"line":53,"column":22},"end":{"line":53,"column":23}},"loc":{"start":{"line":54,"column":14},"end":{"line":77,"column":28}},"line":54}},"branchMap":{},"s":{"0":0,"1":0,"2":0},"f":{"0":0,"1":0},"b":{}}
,"/home/runner/work/jesspf/jesspf/src/components/home-creative-agency/Services.jsx": {"path":"/home/runner/work/jesspf/jesspf/src/components/home-creative-agency/Services.jsx","statementMap":{"0":{"start":{"line":5,"column":2},"end":{"line":50,"column":4}},"1":{"start":{"line":23,"column":12},"end":{"line":34,"column":18}}},"fnMap":{"0":{"name":"Services","decl":{"start":{"line":4,"column":9},"end":{"line":4,"column":17}},"loc":{"start":{"line":4,"column":20},"end":{"line":51,"column":1}},"line":4},"1":{"name":"(anonymous_1)","decl":{"start":{"line":22,"column":20},"end":{"line":22,"column":21}},"loc":{"start":{"line":23,"column":12},"end":{"line":34,"column":18}},"line":23}},"branchMap":{},"s":{"0":0,"1":0},"f":{"0":0,"1":0},"b":{}}
,"/home/runner/work/jesspf/jesspf/src/components/home-creative-agency/Team.jsx": {"path":"/home/runner/work/jesspf/jesspf/src/components/home-creative-agency/Team.jsx","statementMap":{"0":{"start":{"line":5,"column":2},"end":{"line":62,"column":4}},"1":{"start":{"line":29,"column":12},"end":{"line":57,"column":18}}},"fnMap":{"0":{"name":"Team","decl":{"start":{"line":4,"column":9},"end":{"line":4,"column":13}},"loc":{"start":{"line":4,"column":16},"end":{"line":63,"column":1}},"line":4},"1":{"name":"(anonymous_1)","decl":{"start":{"line":28,"column":32},"end":{"line":28,"column":33}},"loc":{"start":{"line":29,"column":12},"end":{"line":57,"column":18}},"line":29}},"branchMap":{},"s":{"0":0,"1":0},"f":{"0":0,"1":0},"b":{}}
,"/home/runner/work/jesspf/jesspf/src/components/home-creative-agency/Testimonials.jsx": {"path":"/home/runner/work/jesspf/jesspf/src/components/home-creative-agency/Testimonials.jsx","statementMap":{"0":{"start":{"line":8,"column":24},"end":{"line":21,"column":3}},"1":{"start":{"line":22,"column":2},"end":{"line":24,"column":9}},"2":{"start":{"line":23,"column":4},"end":{"line":23,"column":26}},"3":{"start":{"line":25,"column":2},"end":{"line":158,"column":4}}},"fnMap":{"0":{"name":"Testimonials","decl":{"start":{"line":7,"column":9},"end":{"line":7,"column":21}},"loc":{"start":{"line":7,"column":24},"end":{"line":159,"column":1}},"line":7},"1":{"name":"(anonymous_1)","decl":{"start":{"line":22,"column":12},"end":{"line":22,"column":13}},"loc":{"start":{"line":22,"column":18},"end":{"line":24,"column":3}},"line":22}},"branchMap":{},"s":{"0":0,"1":0,"2":0,"3":0},"f":{"0":0,"1":0},"b":{}}
,"/home/runner/work/jesspf/jesspf/src/components/home-digital-agency/Blog.jsx": {"path":"/home/runner/work/jesspf/jesspf/src/components/home-digital-agency/Blog.jsx","statementMap":{"0":{"start":{"line":4,"column":2},"end":{"line":119,"column":4}}},"fnMap":{"0":{"name":"Blog","decl":{"start":{"line":3,"column":9},"end":{"line":3,"column":13}},"loc":{"start":{"line":3,"column":16},"end":{"line":120,"column":1}},"line":3}},"branchMap":{},"s":{"0":0},"f":{"0":0},"b":{}}
,"/home/runner/work/jesspf/jesspf/src/components/home-digital-agency/Feat.jsx": {"path":"/home/runner/work/jesspf/jesspf/src/components/home-digital-agency/Feat.jsx","statementMap":{"0":{"start":{"line":4,"column":2},"end":{"line":80,"column":4}}},"fnMap":{"0":{"name":"Feat","decl":{"start":{"line":3,"column":9},"end":{"line":3,"column":13}},"loc":{"start":{"line":3,"column":16},"end":{"line":81,"column":1}},"line":3}},"branchMap":{},"s":{"0":0},"f":{"0":0},"b":{}}
,"/home/runner/work/jesspf/jesspf/src/components/home-digital-agency/Header.jsx": {"path":"/home/runner/work/jesspf/jesspf/src/components/home-digital-agency/Header.jsx","statementMap":{"0":{"start":{"line":5,"column":2},"end":{"line":71,"column":4}}},"fnMap":{"0":{"name":"Header","decl":{"start":{"line":4,"column":9},"end":{"line":4,"column":15}},"loc":{"start":{"line":4,"column":18},"end":{"line":72,"column":1}},"line":4}},"branchMap":{},"s":{"0":0},"f":{"0":0},"b":{}}
,"/home/runner/work/jesspf/jesspf/src/components/home-digital-agency/Intro2.jsx": {"path":"/home/runner/work/jesspf/jesspf/src/components/home-digital-agency/Intro2.jsx","statementMap":{"0":{"start":{"line":6,"column":4},"end":{"line":10,"column":7}},"1":{"start":{"line":7,"column":6},"end":{"line":7,"column":41}},"2":{"start":{"line":8,"column":6},"end":{"line":8,"column":34}},"3":{"start":{"line":9,"column":6},"end":{"line":9,"column":55}},"4":{"start":{"line":11,"column":4},"end":{"line":11,"column":62}},"5":{"start":{"line":12,"column":4},"end":{"line":12,"column":69}},"6":{"start":{"line":13,"column":4},"end":{"line":13,"column":67}},"7":{"start":{"line":15,"column":2},"end":{"line":77,"column":4}}},"fnMap":{"0":{"name":"Intro2","decl":{"start":{"line":4,"column":9},"end":{"line":4,"column":15}},"loc":{"start":{"line":4,"column":18},"end":{"line":78,"column":1}},"line":4},"1":{"name":"openAccordion","decl":{"start":{"line":5,"column":11},"end":{"line":5,"column":24}},"loc":{"start":{"line":5,"column":32},"end":{"line":14,"column":3}},"line":5},"2":{"name":"(anonymous_2)","decl":{"start":{"line":6,"column":57},"end":{"line":6,"column":58}},"loc":{"start":{"line":6,"column":70},"end":{"line":10,"column":5}},"line":6}},"branchMap":{},"s":{"0":0,"1":0,"2":0,"3":0,"4":0,"5":0,"6":0,"7":0},"f":{"0":0,"1":0,"2":0},"b":{}}
,"/home/runner/work/jesspf/jesspf/src/components/home-digital-agency/Numbers.jsx": {"path":"/home/runner/work/jesspf/jesspf/src/components/home-digital-agency/Numbers.jsx","statementMap":{"0":{"start":{"line":4,"column":2},"end":{"line":35,"column":4}}},"fnMap":{"0":{"name":"Numbers","decl":{"start":{"line":3,"column":9},"end":{"line":3,"column":16}},"loc":{"start":{"line":3,"column":19},"end":{"line":36,"column":1}},"line":3}},"branchMap":{},"s":{"0":0},"f":{"0":0},"b":{}}
,"/home/runner/work/jesspf/jesspf/src/components/home-digital-agency/Portfolio.jsx": {"path":"/home/runner/work/jesspf/jesspf/src/components/home-digital-agency/Portfolio.jsx","statementMap":{"0":{"start":{"line":6,"column":17},"end":{"line":6,"column":61}},"1":{"start":{"line":8,"column":4},"end":{"line":10,"column":7}},"2":{"start":{"line":9,"column":6},"end":{"line":9,"column":37}},"3":{"start":{"line":11,"column":4},"end":{"line":13,"column":7}},"4":{"start":{"line":12,"column":6},"end":{"line":12,"column":37}},"5":{"start":{"line":15,"column":4},"end":{"line":15,"column":66}},"6":{"start":{"line":16,"column":4},"end":{"line":16,"column":54}},"7":{"start":{"line":21,"column":4},"end":{"line":23,"column":5}},"8":{"start":{"line":22,"column":6},"end":{"line":22,"column":51}},"9":{"start":{"line":25,"column":2},"end":{"line":159,"column":4}}},"fnMap":{"0":{"name":"Portfolio","decl":{"start":{"line":4,"column":9},"end":{"line":4,"column":18}},"loc":{"start":{"line":4,"column":21},"end":{"line":160,"column":1}},"line":4},"1":{"name":"handleMouseEnter","decl":{"start":{"line":5,"column":11},"end":{"line":5,"column":27}},"loc":{"start":{"line":5,"column":35},"end":{"line":24,"column":3}},"line":5},"2":{"name":"(anonymous_2)","decl":{"start":{"line":8,"column":60},"end":{"line":8,"column":61}},"loc":{"start":{"line":8,"column":68},"end":{"line":10,"column":5}},"line":8},"3":{"name":"(anonymous_3)","decl":{"start":{"line":11,"column":57},"end":{"line":11,"column":58}},"loc":{"start":{"line":11,"column":65},"end":{"line":13,"column":5}},"line":11}},"branchMap":{"0":{"loc":{"start":{"line":21,"column":4},"end":{"line":23,"column":5}},"type":"if","locations":[{"start":{"line":21,"column":4},"end":{"line":23,"column":5}},{"start":{},"end":{}}],"line":21}},"s":{"0":0,"1":0,"2":0,"3":0,"4":0,"5":0,"6":0,"7":0,"8":0,"9":0},"f":{"0":0,"1":0,"2":0,"3":0},"b":{"0":[0,0]}}
,"/home/runner/work/jesspf/jesspf/src/components/home-digital-agency/Services.jsx": {"path":"/home/runner/work/jesspf/jesspf/src/components/home-digital-agency/Services.jsx","statementMap":{"0":{"start":{"line":6,"column":2},"end":{"line":46,"column":4}},"1":{"start":{"line":27,"column":12},"end":{"line":41,"column":18}},"2":{"start":{"line":37,"column":20},"end":{"line":37,"column":41}}},"fnMap":{"0":{"name":"Services","decl":{"start":{"line":5,"column":9},"end":{"line":5,"column":17}},"loc":{"start":{"line":5,"column":20},"end":{"line":47,"column":1}},"line":5},"1":{"name":"(anonymous_1)","decl":{"start":{"line":26,"column":20},"end":{"line":26,"column":21}},"loc":{"start":{"line":27,"column":12},"end":{"line":41,"column":18}},"line":27},"2":{"name":"(anonymous_2)","decl":{"start":{"line":36,"column":36},"end":{"line":36,"column":37}},"loc":{"start":{"line":37,"column":20},"end":{"line":37,"column":41}},"line":37}},"branchMap":{},"s":{"0":0,"1":0,"2":0},"f":{"0":0,"1":0,"2":0},"b":{}}
,"/home/runner/work/jesspf/jesspf/src/components/home-digital-agency/Testimonials.jsx": {"path":"/home/runner/work/jesspf/jesspf/src/components/home-digital-agency/Testimonials.jsx","statementMap":{"0":{"start":{"line":7,"column":24},"end":{"line":20,"column":3}},"1":{"start":{"line":21,"column":2},"end":{"line":138,"column":4}}},"fnMap":{"0":{"name":"Testimonials","decl":{"start":{"line":6,"column":9},"end":{"line":6,"column":21}},"loc":{"start":{"line":6,"column":24},"end":{"line":139,"column":1}},"line":6}},"branchMap":{},"s":{"0":0,"1":0},"f":{"0":0},"b":{}}
,"/home/runner/work/jesspf/jesspf/src/components/home-main/Blog.jsx": {"path":"/home/runner/work/jesspf/jesspf/src/components/home-main/Blog.jsx","statementMap":{"0":{"start":{"line":4,"column":2},"end":{"line":90,"column":4}}},"fnMap":{"0":{"name":"Blog","decl":{"start":{"line":3,"column":9},"end":{"line":3,"column":13}},"loc":{"start":{"line":3,"column":16},"end":{"line":91,"column":1}},"line":3}},"branchMap":{},"s":{"0":0},"f":{"0":0},"b":{}}
,"/home/runner/work/jesspf/jesspf/src/components/home-main/Clients.jsx": {"path":"/home/runner/work/jesspf/jesspf/src/components/home-main/Clients.jsx","statementMap":{"0":{"start":{"line":6,"column":24},"end":{"line":24,"column":3}},"1":{"start":{"line":25,"column":2},"end":{"line":98,"column":4}}},"fnMap":{"0":{"name":"Clients","decl":{"start":{"line":5,"column":9},"end":{"line":5,"column":16}},"loc":{"start":{"line":5,"column":19},"end":{"line":99,"column":1}},"line":5}},"branchMap":{},"s":{"0":0,"1":0},"f":{"0":0},"b":{}}
,"/home/runner/work/jesspf/jesspf/src/components/home-main/Feat.jsx": {"path":"/home/runner/work/jesspf/jesspf/src/components/home-main/Feat.jsx","statementMap":{"0":{"start":{"line":6,"column":2},"end":{"line":8,"column":9}},"1":{"start":{"line":7,"column":4},"end":{"line":7,"column":26}},"2":{"start":{"line":9,"column":2},"end":{"line":96,"column":4}}},"fnMap":{"0":{"name":"Feat","decl":{"start":{"line":5,"column":9},"end":{"line":5,"column":13}},"loc":{"start":{"line":5,"column":16},"end":{"line":97,"column":1}},"line":5},"1":{"name":"(anonymous_1)","decl":{"start":{"line":6,"column":12},"end":{"line":6,"column":13}},"loc":{"start":{"line":6,"column":18},"end":{"line":8,"column":3}},"line":6}},"branchMap":{},"s":{"0":0,"1":0,"2":0},"f":{"0":0,"1":0},"b":{}}
,"/home/runner/work/jesspf/jesspf/src/components/home-main/Header.jsx": {"path":"/home/runner/work/jesspf/jesspf/src/components/home-main/Header.jsx","statementMap":{"0":{"start":{"line":6,"column":2},"end":{"line":8,"column":9}},"1":{"start":{"line":7,"column":4},"end":{"line":7,"column":26}},"2":{"start":{"line":9,"column":2},"end":{"line":60,"column":4}}},"fnMap":{"0":{"name":"Header","decl":{"start":{"line":5,"column":9},"end":{"line":5,"column":15}},"loc":{"start":{"line":5,"column":18},"end":{"line":61,"column":1}},"line":5},"1":{"name":"(anonymous_1)","decl":{"start":{"line":6,"column":12},"end":{"line":6,"column":13}},"loc":{"start":{"line":6,"column":18},"end":{"line":8,"column":3}},"line":6}},"branchMap":{},"s":{"0":0,"1":0,"2":0},"f":{"0":0,"1":0},"b":{}}
,"/home/runner/work/jesspf/jesspf/src/components/home-main/Intro.jsx": {"path":"/home/runner/work/jesspf/jesspf/src/components/home-main/Intro.jsx","statementMap":{"0":{"start":{"line":4,"column":2},"end":{"line":77,"column":4}}},"fnMap":{"0":{"name":"Intro","decl":{"start":{"line":3,"column":9},"end":{"line":3,"column":14}},"loc":{"start":{"line":3,"column":17},"end":{"line":78,"column":1}},"line":3}},"branchMap":{},"s":{"0":0},"f":{"0":0},"b":{}}
,"/home/runner/work/jesspf/jesspf/src/components/home-main/Marq.jsx": {"path":"/home/runner/work/jesspf/jesspf/src/components/home-main/Marq.jsx","statementMap":{"0":{"start":{"line":4,"column":18},"end":{"line":10,"column":3}},"1":{"start":{"line":11,"column":2},"end":{"line":70,"column":4}},"2":{"start":{"line":17,"column":14},"end":{"line":24,"column":20}},"3":{"start":{"line":29,"column":14},"end":{"line":36,"column":20}},"4":{"start":{"line":45,"column":14},"end":{"line":52,"column":20}},"5":{"start":{"line":57,"column":14},"end":{"line":64,"column":20}}},"fnMap":{"0":{"name":"Marq","decl":{"start":{"line":3,"column":9},"end":{"line":3,"column":13}},"loc":{"start":{"line":3,"column":16},"end":{"line":71,"column":1}},"line":3},"1":{"name":"(anonymous_1)","decl":{"start":{"line":16,"column":25},"end":{"line":16,"column":26}},"loc":{"start":{"line":17,"column":14},"end":{"line":24,"column":20}},"line":17},"2":{"name":"(anonymous_2)","decl":{"start":{"line":28,"column":25},"end":{"line":28,"column":26}},"loc":{"start":{"line":29,"column":14},"end":{"line":36,"column":20}},"line":29},"3":{"name":"(anonymous_3)","decl":{"start":{"line":44,"column":25},"end":{"line":44,"column":26}},"loc":{"start":{"line":45,"column":14},"end":{"line":52,"column":20}},"line":45},"4":{"name":"(anonymous_4)","decl":{"start":{"line":56,"column":25},"end":{"line":56,"column":26}},"loc":{"start":{"line":57,"column":14},"end":{"line":64,"column":20}},"line":57}},"branchMap":{},"s":{"0":0,"1":0,"2":0,"3":0,"4":0,"5":0},"f":{"0":0,"1":0,"2":0,"3":0,"4":0},"b":{}}
,"/home/runner/work/jesspf/jesspf/src/components/home-main/Portfolio.jsx": {"path":"/home/runner/work/jesspf/jesspf/src/components/home-main/Portfolio.jsx","statementMap":{"0":{"start":{"line":7,"column":19},"end":{"line":7,"column":36}},"1":{"start":{"line":8,"column":22},"end":{"line":8,"column":53}},"2":{"start":{"line":9,"column":24},"end":{"line":25,"column":3}},"3":{"start":{"line":26,"column":2},"end":{"line":147,"column":4}},"4":{"start":{"line":63,"column":18},"end":{"line":118,"column":32}},"5":{"start":{"line":131,"column":16},"end":{"line":133,"column":22}},"6":{"start":{"line":138,"column":16},"end":{"line":140,"column":22}}},"fnMap":{"0":{"name":"Portfolio","decl":{"start":{"line":6,"column":9},"end":{"line":6,"column":18}},"loc":{"start":{"line":6,"column":21},"end":{"line":148,"column":1}},"line":6},"1":{"name":"(anonymous_1)","decl":{"start":{"line":62,"column":26},"end":{"line":62,"column":27}},"loc":{"start":{"line":63,"column":18},"end":{"line":118,"column":32}},"line":63},"2":{"name":"(anonymous_2)","decl":{"start":{"line":130,"column":31},"end":{"line":130,"column":32}},"loc":{"start":{"line":131,"column":16},"end":{"line":133,"column":22}},"line":131},"3":{"name":"(anonymous_3)","decl":{"start":{"line":137,"column":31},"end":{"line":137,"column":32}},"loc":{"start":{"line":138,"column":16},"end":{"line":140,"column":22}},"line":138}},"branchMap":{},"s":{"0":0,"1":0,"2":0,"3":0,"4":0,"5":0,"6":0},"f":{"0":0,"1":0,"2":0,"3":0},"b":{}}
,"/home/runner/work/jesspf/jesspf/src/components/home-main/Services.jsx": {"path":"/home/runner/work/jesspf/jesspf/src/components/home-main/Services.jsx","statementMap":{"0":{"start":{"line":7,"column":24},"end":{"line":31,"column":3}},"1":{"start":{"line":32,"column":2},"end":{"line":92,"column":4}},"2":{"start":{"line":70,"column":14},"end":{"line":86,"column":28}}},"fnMap":{"0":{"name":"Services","decl":{"start":{"line":6,"column":9},"end":{"line":6,"column":17}},"loc":{"start":{"line":6,"column":20},"end":{"line":93,"column":1}},"line":6},"1":{"name":"(anonymous_1)","decl":{"start":{"line":69,"column":22},"end":{"line":69,"column":23}},"loc":{"start":{"line":70,"column":14},"end":{"line":86,"column":28}},"line":70}},"branchMap":{},"s":{"0":0,"1":0,"2":0},"f":{"0":0,"1":0},"b":{}}
,"/home/runner/work/jesspf/jesspf/src/components/home-main/Team.jsx": {"path":"/home/runner/work/jesspf/jesspf/src/components/home-main/Team.jsx","statementMap":{"0":{"start":{"line":4,"column":2},"end":{"line":55,"column":4}},"1":{"start":{"line":27,"column":12},"end":{"line":50,"column":18}}},"fnMap":{"0":{"name":"Team","decl":{"start":{"line":3,"column":9},"end":{"line":3,"column":13}},"loc":{"start":{"line":3,"column":16},"end":{"line":56,"column":1}},"line":3},"1":{"name":"(anonymous_1)","decl":{"start":{"line":26,"column":20},"end":{"line":26,"column":21}},"loc":{"start":{"line":27,"column":12},"end":{"line":50,"column":18}},"line":27}},"branchMap":{},"s":{"0":0,"1":0},"f":{"0":0,"1":0},"b":{}}
,"/home/runner/work/jesspf/jesspf/src/components/home-main/Testimonials.jsx": {"path":"/home/runner/work/jesspf/jesspf/src/components/home-main/Testimonials.jsx","statementMap":{"0":{"start":{"line":7,"column":24},"end":{"line":20,"column":3}},"1":{"start":{"line":21,"column":2},"end":{"line":108,"column":4}},"2":{"start":{"line":50,"column":20},"end":{"line":71,"column":34}}},"fnMap":{"0":{"name":"Testimonials","decl":{"start":{"line":6,"column":9},"end":{"line":6,"column":21}},"loc":{"start":{"line":6,"column":24},"end":{"line":109,"column":1}},"line":6},"1":{"name":"(anonymous_1)","decl":{"start":{"line":49,"column":40},"end":{"line":49,"column":41}},"loc":{"start":{"line":50,"column":20},"end":{"line":71,"column":34}},"line":50}},"branchMap":{},"s":{"0":0,"1":0,"2":0},"f":{"0":0,"1":0},"b":{}}
,"/home/runner/work/jesspf/jesspf/src/components/home-modern-studio/Feat.jsx": {"path":"/home/runner/work/jesspf/jesspf/src/components/home-modern-studio/Feat.jsx","statementMap":{"0":{"start":{"line":5,"column":2},"end":{"line":44,"column":4}},"1":{"start":{"line":31,"column":12},"end":{"line":39,"column":18}}},"fnMap":{"0":{"name":"Feat","decl":{"start":{"line":4,"column":9},"end":{"line":4,"column":13}},"loc":{"start":{"line":4,"column":16},"end":{"line":45,"column":1}},"line":4},"1":{"name":"(anonymous_1)","decl":{"start":{"line":30,"column":20},"end":{"line":30,"column":21}},"loc":{"start":{"line":31,"column":12},"end":{"line":39,"column":18}},"line":31}},"branchMap":{},"s":{"0":0,"1":0},"f":{"0":0,"1":0},"b":{}}
,"/home/runner/work/jesspf/jesspf/src/components/home-modern-studio/Header.jsx": {"path":"/home/runner/work/jesspf/jesspf/src/components/home-modern-studio/Header.jsx","statementMap":{"0":{"start":{"line":8,"column":38},"end":{"line":8,"column":52}},"1":{"start":{"line":9,"column":40},"end":{"line":9,"column":54}},"2":{"start":{"line":11,"column":36},"end":{"line":49,"column":3}},"3":{"start":{"line":14,"column":6},"end":{"line":14,"column":28}},"4":{"start":{"line":34,"column":8},"end":{"line":43,"column":10}},"5":{"start":{"line":51,"column":35},"end":{"line":69,"column":3}},"6":{"start":{"line":53,"column":6},"end":{"line":53,"column":29}},"7":{"start":{"line":70,"column":2},"end":{"line":79,"column":32}},"8":{"start":{"line":71,"column":4},"end":{"line":78,"column":5}},"9":{"start":{"line":72,"column":6},"end":{"line":74,"column":9}},"10":{"start":{"line":73,"column":8},"end":{"line":73,"column":52}},"11":{"start":{"line":75,"column":6},"end":{"line":77,"column":9}},"12":{"start":{"line":76,"column":8},"end":{"line":76,"column":52}},"13":{"start":{"line":80,"column":2},"end":{"line":82,"column":9}},"14":{"start":{"line":81,"column":4},"end":{"line":81,"column":26}},"15":{"start":{"line":83,"column":2},"end":{"line":198,"column":4}}},"fnMap":{"0":{"name":"Header","decl":{"start":{"line":7,"column":9},"end":{"line":7,"column":15}},"loc":{"start":{"line":7,"column":18},"end":{"line":199,"column":1}},"line":7},"1":{"name":"(anonymous_1)","decl":{"start":{"line":13,"column":14},"end":{"line":13,"column":15}},"loc":{"start":{"line":13,"column":32},"end":{"line":15,"column":5}},"line":13},"2":{"name":"(anonymous_2)","decl":{"start":{"line":33,"column":20},"end":{"line":33,"column":21}},"loc":{"start":{"line":33,"column":48},"end":{"line":44,"column":7}},"line":33},"3":{"name":"(anonymous_3)","decl":{"start":{"line":52,"column":14},"end":{"line":52,"column":15}},"loc":{"start":{"line":52,"column":32},"end":{"line":54,"column":5}},"line":52},"4":{"name":"(anonymous_4)","decl":{"start":{"line":70,"column":12},"end":{"line":70,"column":13}},"loc":{"start":{"line":70,"column":18},"end":{"line":79,"column":3}},"line":70},"5":{"name":"(anonymous_5)","decl":{"start":{"line":72,"column":50},"end":{"line":72,"column":51}},"loc":{"start":
[...]
:23}},"2":{"start":{"line":20,"column":19},"end":{"line":20,"column":27}},"3":{"start":{"line":22,"column":2},"end":{"line":58,"column":9}},"4":{"start":{"line":23,"column":23},"end":{"line":39,"column":5}},"5":{"start":{"line":24,"column":6},"end":{"line":38,"column":9}},"6":{"start":{"line":25,"column":23},"end":{"line":25,"column":55}},"7":{"start":{"line":26,"column":8},"end":{"line":26,"column":25}},"8":{"start":{"line":27,"column":8},"end":{"line":27,"column":28}},"9":{"start":{"line":29,"column":8},"end":{"line":31,"column":10}},"10":{"start":{"line":30,"column":10},"end":{"line":30,"column":24}},"11":{"start":{"line":33,"column":8},"end":{"line":35,"column":10}},"12":{"start":{"line":34,"column":10},"end":{"line":34,"column":53}},"13":{"start":{"line":37,"column":8},"end":{"line":37,"column":42}},"14":{"start":{"line":42,"column":4},"end":{"line":52,"column":9}},"15":{"start":{"line":44,"column":8},"end":{"line":44,"column":55}},"16":{"start":{"line":48,"column":8},"end":{"line":48,"column":59}},"17":{"start":{"line":51,"column":8},"end":{"line":51,"column":37}},"18":{"start":{"line":59,"column":2},"end":{"line":66,"column":9}},"19":{"start":{"line":60,"column":4},"end":{"line":65,"column":5}},"20":{"start":{"line":61,"column":6},"end":{"line":64,"column":16}},"21":{"start":{"line":67,"column":2},"end":{"line":115,"column":4}}},"fnMap":{"0":{"name":"PortfolioGallery","decl":{"start":{"line":18,"column":24},"end":{"line":18,"column":40}},"loc":{"start":{"line":18,"column":43},"end":{"line":116,"column":1}},"line":18},"1":{"name":"(anonymous_1)","decl":{"start":{"line":22,"column":12},"end":{"line":22,"column":13}},"loc":{"start":{"line":22,"column":18},"end":{"line":58,"column":3}},"line":22},"2":{"name":"(anonymous_2)","decl":{"start":{"line":23,"column":23},"end":{"line":23,"column":24}},"loc":{"start":{"line":23,"column":32},"end":{"line":39,"column":5}},"line":23},"3":{"name":"(anonymous_3)","decl":{"start":{"line":24,"column":25},"end":{"line":24,"column":26}},"loc":{"start":{"line":24,"column":46},"end":{"line":38,"column":7}},"line":24},"4":{"name":"(anonymous_4)","decl":{"start":{"line":29,"column":24},"end":{"line":29,"column":25}},"loc":{"start":{"line":29,"column":30},"end":{"line":31,"column":9}},"line":29},"5":{"name":"(anonymous_5)","decl":{"start":{"line":33,"column":25},"end":{"line":33,"column":26}},"loc":{"start":{"line":33,"column":31},"end":{"line":35,"column":9}},"line":33},"6":{"name":"(anonymous_6)","decl":{"start":{"line":43,"column":12},"end":{"line":43,"column":13}},"loc":{"start":{"line":43,"column":18},"end":{"line":45,"column":7}},"line":43},"7":{"name":"(anonymous_7)","decl":{"start":{"line":46,"column":12},"end":{"line":46,"column":13}},"loc":{"start":{"line":46,"column":18},"end":{"line":49,"column":7}},"line":46},"8":{"name":"(anonymous_8)","decl":{"start":{"line":50,"column":13},"end":{"line":50,"column":14}},"loc":{"start":{"line":50,"column":24},"end":{"line":52,"column":7}},"line":50},"9":{"name":"(anonymous_9)","decl":{"start":{"line":59,"column":12},"end":{"line":59,"column":13}},"loc":{"start":{"line":59,"column":18},"end":{"line":66,"column":3}},"line":59}},"branchMap":{"0":{"loc":{"start":{"line":60,"column":4},"end":{"line":65,"column":5}},"type":"if","locations":[{"start":{"line":60,"column":4},"end":{"line":65,"column":5}},{"start":{},"end":{}}],"line":60}},"s":{"0":0,"1":0,"2":0,"3":0,"4":0,"5":0,"6":0,"7":0,"8":0,"9":0,"10":0,"11":0,"12":0,"13":0,"14":0,"15":0,"16":0,"17":0,"18":0,"19":0,"20":0,"21":0},"f":{"0":0,"1":0,"2":0,"3":0,"4":0,"5":0,"6":0,"7":0,"8":0,"9":0},"b":{"0":[0,0]}}
,"/home/runner/work/jesspf/jesspf/src/pages/portfolio-grid.js": {"path":"/home/runner/work/jesspf/jesspf/src/pages/portfolio-grid.js","statementMap":{"0":{"start":{"line":20,"column":0},"end":{"line":20,"column":44}},"1":{"start":{"line":22,"column":15},"end":{"line":22,"column":23}},"2":{"start":{"line":23,"column":19},"end":{"line":23,"column":27}},"3":{"start":{"line":25,"column":2},"end":{"line":61,"column":9}},"4":{"start":{"line":26,"column":23},"end":{"line":42,"column":5}},"5":{"start":{"line":27,"column":6},"end":{"line":41,"column":9}},"6":{"start":{"line":28,"column":23},"end":{"line":28,"column":55}},"7":{"start":{"line":29,"column":8},"end":{"line":29,"column":25}},"8":{"start":{"line":30,"column":8},"end":{"line":30,"column":28}},"9":{"start":{"line":32,"column":8},"end":{"line":34,"column":10}},"10":{"start":{"line":33,"column":10},"end":{"line":33,"column":24}},"11":{"start":{"line":36,"column":8},"end":{"line":38,"column":10}},"12":{"start":{"line":37,"column":10},"end":{"line":37,"column":53}},"13":{"start":{"line":40,"column":8},"end":{"line":40,"column":42}},"14":{"start":{"line":45,"column":4},"end":{"line":55,"column":9}},"15":{"start":{"line":47,"column":8},"end":{"line":47,"column":55}},"16":{"start":{"line":51,"column":8},"end":{"line":51,"column":59}},"17":{"start":{"line":54,"column":8},"end":{"line":54,"column":37}},"18":{"start":{"line":62,"column":2},"end":{"line":95,"column":9}},"19":{"start":{"line":63,"column":23},"end":{"line":79,"column":5}},"20":{"start":{"line":64,"column":6},"end":{"line":78,"column":9}},"21":{"start":{"line":65,"column":23},"end":{"line":65,"column":55}},"22":{"start":{"line":66,"column":8},"end":{"line":66,"column":25}},"23":{"start":{"line":67,"column":8},"end":{"line":67,"column":28}},"24":{"start":{"line":69,"column":8},"end":{"line":71,"column":10}},"25":{"start":{"line":70,"column":10},"end":{"line":70,"column":24}},"26":{"start":{"line":73,"column":8},"end":{"line":75,"column":10}},"27":{"start":{"line":74,"column":10},"end":{"line":74,"column":53}},"28":{"start":{"line":77,"column":8},"end":{"line":77,"column":42}},"29":{"start":{"line":82,"column":4},"end":{"line":89,"column":9}},"30":{"start":{"line":85,"column":8},"end":{"line":85,"column":22}},"31":{"start":{"line":88,"column":8},"end":{"line":88,"column":37}},"32":{"start":{"line":96,"column":2},"end":{"line":103,"column":9}},"33":{"start":{"line":97,"column":4},"end":{"line":102,"column":5}},"34":{"start":{"line":98,"column":6},"end":{"line":101,"column":16}},"35":{"start":{"line":104,"column":2},"end":{"line":151,"column":4}}},"fnMap":{"0":{"name":"PortfolioGrid","decl":{"start":{"line":21,"column":24},"end":{"line":21,"column":37}},"loc":{"start":{"line":21,"column":40},"end":{"line":152,"column":1}},"line":21},"1":{"name":"(anonymous_1)","decl":{"start":{"line":25,"column":12},"end":{"line":25,"column":13}},"loc":{"start":{"line":25,"column":18},"end":{"line":61,"column":3}},"line":25},"2":{"name":"(anonymous_2)","decl":{"start":{"line":26,"column":23},"end":{"line":26,"column":24}},"loc":{"start":{"line":26,"column":32},"end":{"line":42,"column":5}},"line":26},"3":{"name":"(anonymous_3)","decl":{"start":{"line":27,"column":25},"end":{"line":27,"column":26}},"loc":{"start":{"line":27,"column":46},"end":{"line":41,"column":7}},"line":27},"4":{"name":"(anonymous_4)","decl":{"start":{"line":32,"column":24},"end":{"line":32,"column":25}},"loc":{"start":{"line":32,"column":30},"end":{"line":34,"column":9}},"line":32},"5":{"name":"(anonymous_5)","decl":{"start":{"line":36,"column":25},"end":{"line":36,"column":26}},"loc":{"start":{"line":36,"column":31},"end":{"line":38,"column":9}},"line":36},"6":{"name":"(anonymous_6)","decl":{"start":{"line":46,"column":12},"end":{"line":46,"column":13}},"loc":{"start":{"line":46,"column":18},"end":{"line":48,"column":7}},"line":46},"7":{"name":"(anonymous_7)","decl":{"start":{"line":49,"column":12},"end":{"line":49,"column":13}},"loc":{"start":{"line":49,"column":18},"end":{"line":52,"column":7}},"line":49},"8":{"name":"(anonymous_8)","decl":{"start":{"line":53,"column":13},"end":{"line":53,"column":14}},"loc":{"start":{"line":53,"column":24},"end":{"line":55,"column":7}},"line":53},"9":{"name":"(anonymous_9)","decl":{"start":{"line":62,"column":12},"end":{"line":62,"column":13}},"loc":{"start":{"line":62,"column":18},"end":{"line":95,"column":3}},"line":62},"10":{"name":"(anonymous_10)","decl":{"start":{"line":63,"column":23},"end":{"line":63,"column":24}},"loc":{"start":{"line":63,"column":32},"end":{"line":79,"column":5}},"line":63},"11":{"name":"(anonymous_11)","decl":{"start":{"line":64,"column":25},"end":{"line":64,"column":26}},"loc":{"start":{"line":64,"column":46},"end":{"line":78,"column":7}},"line":64},"12":{"name":"(anonymous_12)","decl":{"start":{"line":69,"column":24},"end":{"line":69,"column":25}},"loc":{"start":{"line":69,"column":30},"end":{"line":71,"column":9}},"line":69},"13":{"name":"(anonymous_13)","decl":{"start":{"line":73,"column":25},"end":{"line":73,"column":26}},"loc":{"start":{"line":73,"column":31},"end":{"line":75,"column":9}},"line":73},"14":{"name":"(anonymous_14)","decl":{"start":{"line":83,"column":12},"end":{"line":83,"column":13}},"loc":{"start":{"line":83,"column":18},"end":{"line":86,"column":7}},"line":83},"15":{"name":"(anonymous_15)","decl":{"start":{"line":87,"column":13},"end":{"line":87,"column":14}},"loc":{"start":{"line":87,"column":24},"end":{"line":89,"column":7}},"line":87},"16":{"name":"(anonymous_16)","decl":{"start":{"line":96,"column":12},"end":{"line":96,"column":13}},"loc":{"start":{"line":96,"column":18},"end":{"line":103,"column":3}},"line":96}},"branchMap":{"0":{"loc":{"start":{"line":97,"column":4},"end":{"line":102,"column":5}},"type":"if","locations":[{"start":{"line":97,"column":4},"end":{"line":102,"column":5}},{"start":{},"end":{}}],"line":97}},"s":{"0":0,"1":0,"2":0,"3":0,"4":0,"5":0,"6":0,"7":0,"8":0,"9":0,"10":0,"11":0,"12":0,"13":0,"14":0,"15":0,"16":0,"17":0,"18":0,"19":0,"20":0,"21":0,"22":0,"23":0,"24":0,"25":0,"26":0,"27":0,"28":0,"29":0,"30":0,"31":0,"32":0,"33":0,"34":0,"35":0},"f":{"0":0,"1":0,"2":0,"3":0,"4":0,"5":0,"6":0,"7":0,"8":0,"9":0,"10":0,"11":0,"12":0,"13":0,"14":0,"15":0,"16":0},"b":{"0":[0,0]}}
,"/home/runner/work/jesspf/jesspf/src/pages/portfolio-masonry.js": {"path":"/home/runner/work/jesspf/jesspf/src/pages/portfolio-masonry.js","statementMap":{"0":{"start":{"line":19,"column":0},"end":{"line":19,"column":44}},"1":{"start":{"line":21,"column":15},"end":{"line":21,"column":23}},"2":{"start":{"line":22,"column":19},"end":{"line":22,"column":27}},"3":{"start":{"line":24,"column":2},"end":{"line":60,"column":9}},"4":{"start":{"line":25,"column":23},"end":{"line":41,"column":5}},"5":{"start":{"line":26,"column":6},"end":{"line":40,"column":9}},"6":{"start":{"line":27,"column":23},"end":{"line":27,"column":55}},"7":{"start":{"line":28,"column":8},"end":{"line":28,"column":25}},"8":{"start":{"line":29,"column":8},"end":{"line":29,"column":28}},"9":{"start":{"line":31,"column":8},"end":{"line":33,"column":10}},"10":{"start":{"line":32,"column":10},"end":{"line":32,"column":24}},"11":{"start":{"line":35,"column":8},"end":{"line":37,"column":10}},"12":{"start":{"line":36,"column":10},"end":{"line":36,"column":53}},"13":{"start":{"line":39,"column":8},"end":{"line":39,"column":42}},"14":{"start":{"line":44,"column":4},"end":{"line":54,"column":9}},"15":{"start":{"line":46,"column":8},"end":{"line":46,"column":55}},"16":{"start":{"line":50,"column":8},"end":{"line":50,"column":59}},"17":{"start":{"line":53,"column":8},"end":{"line":53,"column":37}},"18":{"start":{"line":61,"column":2},"end":{"line":94,"column":9}},"19":{"start":{"line":62,"column":23},"end":{"line":78,"column":5}},"20":{"start":{"line":63,"column":6},"end":{"line":77,"column":9}},"21":{"start":{"line":64,"column":23},"end":{"line":64,"column":55}},"22":{"start":{"line":65,"column":8},"end":{"line":65,"column":25}},"23":{"start":{"line":66,"column":8},"end":{"line":66,"column":28}},"24":{"start":{"line":68,"column":8},"end":{"line":70,"column":10}},"25":{"start":{"line":69,"column":10},"end":{"line":69,"column":24}},"26":{"start":{"line":72,"column":8},"end":{"line":74,"column":10}},"27":{"start":{"line":73,"column":10},"end":{"line":73,"column":53}},"28":{"start":{"line":76,"column":8},"end":{"line":76,"column":42}},"29":{"start":{"line":81,"column":4},"end":{"line":88,"column":9}},"30":{"start":{"line":84,"column":8},"end":{"line":84,"column":22}},"31":{"start":{"line":87,"column":8},"end":{"line":87,"column":37}},"32":{"start":{"line":95,"column":2},"end":{"line":102,"column":9}},"33":{"start":{"line":96,"column":4},"end":{"line":101,"column":5}},"34":{"start":{"line":97,"column":6},"end":{"line":100,"column":16}},"35":{"start":{"line":103,"column":2},"end":{"line":151,"column":4}}},"fnMap":{"0":{"name":"PortfolioMasonry","decl":{"start":{"line":20,"column":24},"end":{"line":20,"column":40}},"loc":{"start":{"line":20,"column":43},"end":{"line":152,"column":1}},"line":20},"1":{"name":"(anonymous_1)","decl":{"start":{"line":24,"column":12},"end":{"line":24,"column":13}},"loc":{"start":{"line":24,"column":18},"end":{"line":60,"column":3}},"line":24},"2":{"name":"(anonymous_2)","decl":{"start":{"line":25,"column":23},"end":{"line":25,"column":24}},"loc":{"start":{"line":25,"column":32},"end":{"line":41,"column":5}},"line":25},"3":{"name":"(anonymous_3)","decl":{"start":{"line":26,"column":25},"end":{"line":26,"column":26}},"loc":{"start":{"line":26,"column":46},"end":{"line":40,"column":7}},"line":26},"4":{"name":"(anonymous_4)","decl":{"start":{"line":31,"column":24},"end":{"line":31,"column":25}},"loc":{"start":{"line":31,"column":30},"end":{"line":33,"column":9}},"line":31},"5":{"name":"(anonymous_5)","decl":{"start":{"line":35,"column":25},"end":{"line":35,"column":26}},"loc":{"start":{"line":35,"column":31},"end":{"line":37,"column":9}},"line":35},"6":{"name":"(anonymous_6)","decl":{"start":{"line":45,"column":12},"end":{"line":45,"column":13}},"loc":{"start":{"line":45,"column":18},"end":{"line":47,"column":7}},"line":45},"7":{"name":"(anonymous_7)","decl":{"start":{"line":48,"column":12},"end":{"line":48,"column":13}},"loc":{"start":{"line":48,"column":18},"end":{"line":51,"column":7}},"line":48},"8":{"name":"(anonymous_8)","decl":{"start":{"line":52,"column":13},"end":{"line":52,"column":14}},"loc":{"start":{"line":52,"column":24},"end":{"line":54,"column":7}},"line":52},"9":{"name":"(anonymous_9)","decl":{"start":{"line":61,"column":12},"end":{"line":61,"column":13}},"loc":{"start":{"line":61,"column":18},"end":{"line":94,"column":3}},"line":61},"10":{"name":"(anonymous_10)","decl":{"start":{"line":62,"column":23},"end":{"line":62,"column":24}},"loc":{"start":{"line":62,"column":32},"end":{"line":78,"column":5}},"line":62},"11":{"name":"(anonymous_11)","decl":{"start":{"line":63,"column":25},"end":{"line":63,"column":26}},"loc":{"start":{"line":63,"column":46},"end":{"line":77,"column":7}},"line":63},"12":{"name":"(anonymous_12)","decl":{"start":{"line":68,"column":24},"end":{"line":68,"column":25}},"loc":{"start":{"line":68,"column":30},"end":{"line":70,"column":9}},"line":68},"13":{"name":"(anonymous_13)","decl":{"start":{"line":72,"column":25},"end":{"line":72,"column":26}},"loc":{"start":{"line":72,"column":31},"end":{"line":74,"column":9}},"line":72},"14":{"name":"(anonymous_14)","decl":{"start":{"line":82,"column":12},"end":{"line":82,"column":13}},"loc":{"start":{"line":82,"column":18},"end":{"line":85,"column":7}},"line":82},"15":{"name":"(anonymous_15)","decl":{"start":{"line":86,"column":13},"end":{"line":86,"column":14}},"loc":{"start":{"line":86,"column":24},"end":{"line":88,"column":7}},"line":86},"16":{"name":"(anonymous_16)","decl":{"start":{"line":95,"column":12},"end":{"line":95,"column":13}},"loc":{"start":{"line":95,"column":18},"end":{"line":102,"column":3}},"line":95}},"branchMap":{"0":{"loc":{"start":{"line":96,"column":4},"end":{"line":101,"column":5}},"type":"if","locations":[{"start":{"line":96,"column":4},"end":{"line":101,"column":5}},{"start":{},"end":{}}],"line":96}},"s":{"0":0,"1":0,"2":0,"3":0,"4":0,"5":0,"6":0,"7":0,"8":0,"9":0,"10":0,"11":0,"12":0,"13":0,"14":0,"15":0,"16":0,"17":0,"18":0,"19":0,"20":0,"21":0,"22":0,"23":0,"24":0,"25":0,"26":0,"27":0,"28":0,"29":0,"30":0,"31":0,"32":0,"33":0,"34":0,"35":0},"f":{"0":0,"1":0,"2":0,"3":0,"4":0,"5":0,"6":0,"7":0,"8":0,"9":0,"10":0,"11":0,"12":0,"13":0,"14":0,"15":0,"16":0},"b":{"0":[0,0]}}
,"/home/runner/work/jesspf/jesspf/src/pages/project-details.js": {"path":"/home/runner/work/jesspf/jesspf/src/pages/project-details.js","statementMap":{"0":{"start":{"line":22,"column":0},"end":{"line":22,"column":44}},"1":{"start":{"line":24,"column":15},"end":{"line":24,"column":23}},"2":{"start":{"line":25,"column":19},"end":{"line":25,"column":27}},"3":{"start":{"line":27,"column":2},"end":{"line":63,"column":9}},"4":{"start":{"line":28,"column":23},"end":{"line":44,"column":5}},"5":{"start":{"line":29,"column":6},"end":{"line":43,"column":9}},"6":{"start":{"line":30,"column":23},"end":{"line":30,"column":55}},"7":{"start":{"line":31,"column":8},"end":{"line":31,"column":25}},"8":{"start":{"line":32,"column":8},"end":{"line":32,"column":28}},"9":{"start":{"line":34,"column":8},"end":{"line":36,"column":10}},"10":{"start":{"line":35,"column":10},"end":{"line":35,"column":24}},"11":{"start":{"line":38,"column":8},"end":{"line":40,"column":10}},"12":{"start":{"line":39,"column":10},"end":{"line":39,"column":53}},"13":{"start":{"line":42,"column":8},"end":{"line":42,"column":42}},"14":{"start":{"line":47,"column":4},"end":{"line":57,"column":9}},"15":{"start":{"line":49,"column":8},"end":{"line":49,"column":55}},"16":{"start":{"line":53,"column":8},"end":{"line":53,"column":59}},"17":{"start":{"line":56,"column":8},"end":{"line":56,"column":37}},"18":{"start":{"line":64,"column":2},"end":{"line":71,"column":9}},"19":{"start":{"line":65,"column":4},"end":{"line":70,"column":5}},"20":{"start":{"line":66,"column":6},"end":{"line":69,"column":16}},"21":{"start":{"line":72,"column":2},"end":{"line":125,"column":4}}},"fnMap":{"0":{"name":"ProjectDetails","decl":{"start":{"line":23,"column":24},"end":{"line":23,"column":38}},"loc":{"start":{"line":23,"column":41},"end":{"line":126,"column":1}},"line":23},"1":{"name":"(anonymous_1)","decl":{"start":{"line":27,"column":12},"end":{"line":27,"column":13}},"loc":{"start":{"line":27,"column":18},"end":{"line":63,"column":3}},"line":27},"2":{"name":"(anonymous_2)","decl":{"start":{"line":28,"column":23},"end":{"line":28,"column":24}},"loc":{"start":{"line":28,"column":32},"end":{"line":44,"column":5}},"line":28},"3":{"name":"(anonymous_3)","decl":{"start":{"line":29,"column":25},"end":{"line":29,"column":26}},"loc":{"start":{"line":29,"column":46},"end":{"line":43,"column":7}},"line":29},"4":{"name":"(anonymous_4)","decl":{"start":{"line":34,"column":24},"end":{"line":34,"column":25}},"loc":{"start":{"line":34,"column":30},"end":{"line":36,"column":9}},"line":34},"5":{"name":"(anonymous_5)","decl":{"start":{"line":38,"column":25},"end":{"line":38,"column":26}},"loc":{"start":{"line":38,"column":31},"end":{"line":40,"column":9}},"line":38},"6":{"name":"(anonymous_6)","decl":{"start":{"line":48,"column":12},"end":{"line":48,"column":13}},"loc":{"start":{"line":48,"column":18},"end":{"line":50,"column":7}},"line":48},"7":{"name":"(anonymous_7)","decl":{"start":{"line":51,"column":12},"end":{"line":51,"column":13}},"loc":{"start":{"line":51,"column":18},"end":{"line":54,"column":7}},"line":51},"8":{"name":"(anonymous_8)","decl":{"start":{"line":55,"column":13},"end":{"line":55,"column":14}},"loc":{"start":{"line":55,"column":24},"end":{"line":57,"column":7}},"line":55},"9":{"name":"(anonymous_9)","decl":{"start":{"line":64,"column":12},"end":{"line":64,"column":13}},"loc":{"start":{"line":64,"column":18},"end":{"line":71,"column":3}},"line":64}},"branchMap":{"0":{"loc":{"start":{"line":65,"column":4},"end":{"line":70,"column":5}},"type":"if","locations":[{"start":{"line":65,"column":4},"end":{"line":70,"column":5}},{"start":{},"end":{}}],"line":65}},"s":{"0":0,"1":0,"2":0,"3":0,"4":0,"5":0,"6":0,"7":0,"8":0,"9":0,"10":0,"11":0,"12":0,"13":0,"14":0,"15":0,"16":0,"17":0,"18":0,"19":0,"20":0,"21":0},"f":{"0":0,"1":0,"2":0,"3":0,"4":0,"5":0,"6":0,"7":0,"8":0,"9":0},"b":{"0":[0,0]}}
}
