TN:
SF:src/App.js
FN:17,App
FNF:1
FNH:0
FNDA:0,App
DA:18,0
LF:1
LH:0
BRF:0
BRH:0
end_of_record
TN:
SF:src/index.js
FNF:0
FNH:0
DA:6,0
DA:7,0
LF:2
LH:0
BRF:0
BRH:0
end_of_record
TN:
SF:src/reportWebVitals.js
FN:1,(anonymous_0)
FN:3,(anonymous_1)
FNF:2
FNH:0
FNDA:0,(anonymous_0)
FNDA:0,(anonymous_1)
DA:1,0
DA:2,0
DA:3,0
DA:4,0
DA:5,0
DA:6,0
DA:7,0
DA:8,0
LF:8
LH:0
BRDA:2,0,0,0
BRDA:2,0,1,0
BRDA:2,1,0,0
BRDA:2,1,1,0
BRF:4
BRH:0
end_of_record
TN:
SF:src/common/correctStylesheetsOrder.js
FN:1,correctStylesheetsOrder
FNF:1
FNH:0
FNDA:0,correctStylesheetsOrder
DA:6,0
DA:9,0
DA:12,0
DA:15,0
DA:18,0
DA:22,0
DA:23,0
DA:24,0
DA:26,0
DA:29,0
DA:30,0
DA:33,0
DA:36,0
DA:37,0
DA:40,0
DA:41,0
DA:44,0
DA:45,0
DA:48,0
DA:51,0
DA:52,0
DA:53,0
DA:55,0
DA:58,0
DA:59,0
DA:62,0
DA:65,0
DA:66,0
DA:70,0
DA:71,0
DA:72,0
DA:73,0
DA:74,0
DA:75,0
LF:34
LH:0
BRDA:22,0,0,0
BRDA:22,0,1,0
BRDA:22,1,0,0
BRDA:22,1,1,0
BRDA:29,2,0,0
BRDA:29,2,1,0
BRDA:36,3,0,0
BRDA:36,3,1,0
BRDA:40,4,0,0
BRDA:40,4,1,0
BRDA:44,5,0,0
BRDA:44,5,1,0
BRDA:48,6,0,0
BRDA:48,6,1,0
BRDA:51,7,0,0
BRDA:51,7,1,0
BRDA:51,8,0,0
BRDA:51,8,1,0
BRDA:58,9,0,0
BRDA:58,9,1,0
BRDA:65,10,0,0
BRDA:65,10,1,0
BRDA:70,11,0,0
BRDA:70,11,1,0
BRDA:70,12,0,0
BRDA:70,12,1,0
BRDA:72,13,0,0
BRDA:72,13,1,0
BRDA:73,14,0,0
BRDA:73,14,1,0
BRDA:74,15,0,0
BRDA:74,15,1,0
BRDA:74,16,0,0
BRDA:74,16,1,0
BRF:34
BRH:0
end_of_record
TN:
SF:src/common/generateStylesheetsObject.js
FN:1,generateStylesheetObject
FN:2,(anonymous_1)
FNF:2
FNH:0
FNDA:0,generateStylesheetObject
FNDA:0,(anonymous_1)
DA:2,0
LF:1
LH:0
BRF:0
BRH:0
end_of_record
TN:
SF:src/common/hscroll.js
FN:1,(anonymous_0)
FN:18,(anonymous_1)
FNF:2
FNH:0
FNDA:0,(anonymous_0)
FNDA:0,(anonymous_1)
DA:1,0
DA:2,0
DA:3,0
DA:6,0
DA:8,0
DA:10,0
DA:18,0
LF:7
LH:0
BRDA:3,0,0,0
BRDA:3,0,1,0
BRF:2
BRH:0
end_of_record
TN:
SF:src/common/initIsotope.js
FN:5,(anonymous_0)
FN:10,(anonymous_1)
FN:16,(anonymous_2)
FN:21,(anonymous_3)
FN:30,(anonymous_4)
FN:37,(anonymous_5)
FN:42,(anonymous_6)
FN:52,(anonymous_7)
FN:59,(anonymous_8)
FN:64,(anonymous_9)
FN:65,(anonymous_10)
FN:74,(anonymous_11)
FNF:12
FNH:0
FNDA:0,(anonymous_0)
FNDA:0,(anonymous_1)
FNDA:0,(anonymous_2)
FNDA:0,(anonymous_3)
FNDA:0,(anonymous_4)
FNDA:0,(anonymous_5)
FNDA:0,(anonymous_6)
FNDA:0,(anonymous_7)
FNDA:0,(anonymous_8)
FNDA:0,(anonymous_9)
FNDA:0,(anonymous_10)
FNDA:0,(anonymous_11)
DA:5,0
DA:6,0
DA:7,0
DA:8,0
DA:10,0
DA:11,0
DA:16,0
DA:17,0
DA:18,0
DA:21,0
DA:22,0
DA:30,0
DA:31,0
DA:32,0
DA:36,0
DA:37,0
DA:39,0
DA:41,0
DA:42,0
DA:43,0
DA:47,0
DA:48,0
DA:51,0
DA:52,0
DA:53,0
DA:54,0
DA:56,0
DA:59,0
DA:60,0
DA:64,0
DA:65,0
DA:66,0
DA:67,0
DA:69,0
DA:70,0
DA:74,0
DA:75,0
LF:37
LH:0
BRDA:10,0,0,0
BRDA:21,1,0,0
BRDA:36,2,0,0
BRDA:36,2,1,0
BRDA:36,3,0,0
BRDA:36,3,1,0
BRDA:41,4,0,0
BRDA:41,4,1,0
BRDA:41,5,0,0
BRDA:41,5,1,0
BRDA:51,6,0,0
BRDA:51,6,1,0
BRDA:53,7,0,0
BRDA:53,7,1,0
BRDA:66,8,0,0
BRDA:66,8,1,0
BRF:16
BRH:0
end_of_record
TN:
SF:src/common/initIsotope2.js
FN:5,(anonymous_0)
FN:21,(anonymous_1)
FN:30,(anonymous_2)
FN:36,(anonymous_3)
FN:45,(anonymous_4)
FN:52,(anonymous_5)
FN:57,(anonymous_6)
FN:58,(anonymous_7)
FN:67,(anonymous_8)
FNF:9
FNH:0
FNDA:0,(anonymous_0)
FNDA:0,(anonymous_1)
FNDA:0,(anonymous_2)
FNDA:0,(anonymous_3)
FNDA:0,(anonymous_4)
FNDA:0,(anonymous_5)
FNDA:0,(anonymous_6)
FNDA:0,(anonymous_7)
FNDA:0,(anonymous_8)
DA:5,0
DA:7,0
DA:8,0
DA:21,0
DA:22,0
DA:30,0
DA:31,0
DA:32,0
DA:36,0
DA:37,0
DA:40,0
DA:41,0
DA:44,0
DA:45,0
DA:46,0
DA:47,0
DA:49,0
DA:52,0
DA:53,0
DA:57,0
DA:58,0
DA:59,0
DA:60,0
DA:62,0
DA:63,0
DA:67,0
DA:68,0
LF:27
LH:0
BRDA:21,0,0,0
BRDA:44,1,0,0
BRDA:44,1,1,0
BRDA:46,2,0,0
BRDA:46,2,1,0
BRDA:59,3,0,0
BRDA:59,3,1,0
BRF:7
BRH:0
end_of_record
TN:
SF:src/common/isInView.js
FN:1,isInView
FN:5,(anonymous_1)
FN:6,(anonymous_2)
FN:14,(anonymous_3)
FNF:4
FNH:0
FNDA:0,isInView
FNDA:0,(anonymous_1)
FNDA:0,(anonymous_2)
FNDA:0,(anonymous_3)
DA:2,0
DA:4,0
DA:5,0
DA:6,0
DA:7,0
DA:9,0
DA:14,0
DA:15,0
DA:17,0
LF:9
LH:0
BRDA:2,0,0,0
BRDA:2,0,1,0
BRDA:2,1,0,0
BRDA:2,1,1,0
BRDA:4,2,0,0
BRDA:4,2,1,0
BRDA:7,3,0,0
BRDA:7,3,1,0
BRDA:9,4,0,0
BRDA:9,4,1,0
BRDA:15,5,0,0
BRDA:15,5,1,0
BRDA:17,6,0,0
BRDA:17,6,1,0
BRF:14
BRH:0
end_of_record
TN:
SF:src/common/loadBackgroudImages.js
FN:1,loadBackgroudImages
FN:5,(anonymous_1)
FN:10,(anonymous_2)
FN:12,(anonymous_3)
FNF:4
FNH:0
FNDA:0,loadBackgroudImages
FNDA:0,(anonymous_1)
FNDA:0,(anonymous_2)
FNDA:0,(anonymous_3)
DA:2,0
DA:4,0
DA:5,0
DA:6,0
DA:7,0
DA:10,0
DA:12,0
DA:15,0
LF:8
LH:0
BRDA:4,0,0,0
BRDA:4,0,1,0
BRDA:6,1,0,0
BRDA:6,1,1,0
BRDA:7,2,0,0
BRDA:7,2,1,0
BRF:6
BRH:0
end_of_record
TN:
SF:src/common/rolling.js
FN:4,(anonymous_0)
FN:7,(anonymous_1)
FN:22,(anonymous_2)
FNF:3
FNH:0
FNDA:0,(anonymous_0)
FNDA:0,(anonymous_1)
FNDA:0,(anonymous_2)
DA:4,0
DA:5,0
DA:7,0
DA:8,0
DA:9,0
DA:10,0
DA:12,0
DA:13,0
DA:14,0
DA:15,0
DA:16,0
DA:19,0
DA:20,0
DA:22,0
DA:23,0
DA:27,0
LF:16
LH:0
BRDA:4,0,0,0
BRDA:14,1,0,0
BRDA:14,1,1,0
BRF:3
BRH:0
end_of_record
TN:
SF:src/common/scrollToTop.js
FN:1,(anonymous_0)
FN:6,(anonymous_1)
FN:23,(anonymous_2)
FN:32,(anonymous_3)
FNF:4
FNH:0
FNDA:0,(anonymous_0)
FNDA:0,(anonymous_1)
FNDA:0,(anonymous_2)
FNDA:0,(anonymous_3)
DA:1,0
DA:2,0
DA:3,0
DA:4,0
DA:5,0
DA:6,0
DA:7,0
DA:8,0
DA:9,0
DA:10,0
DA:12,0
DA:13,0
DA:15,0
DA:16,0
DA:17,0
DA:18,0
DA:21,0
DA:22,0
DA:23,0
DA:24,0
DA:25,0
DA:27,0
DA:32,0
DA:33,0
DA:34,0
DA:35,0
LF:26
LH:0
BRDA:12,0,0,0
BRDA:12,0,1,0
BRDA:24,1,0,0
BRDA:24,1,1,0
BRF:4
BRH:0
end_of_record
TN:
SF:src/common/siteMeta.js
FN:3,titleFor
FNF:1
FNH:0
FNDA:0,titleFor
DA:1,0
DA:4,0
DA:5,0
LF:3
LH:0
BRDA:4,0,0,0
BRDA:4,0,1,0
BRDA:4,1,0,0
BRDA:4,1,1,0
BRF:4
BRH:0
end_of_record
TN:
SF:src/components/blog-classic/Blogs.jsx
FN:3,Blogs
FNF:1
FNH:0
FNDA:0,Blogs
DA:4,0
LF:1
LH:0
BRF:0
BRH:0
end_of_record
TN:
SF:src/components/blog-classic/Header.jsx
FN:5,Header
FN:6,(anonymous_1)
FNF:2
FNH:0
FNDA:0,Header
FNDA:0,(anonymous_1)
DA:6,0
DA:7,0
DA:9,0
LF:3
LH:0
BRF:0
BRH:0
end_of_record
TN:
SF:src/components/blog-details/Blog.jsx
FN:3,Blog
FNF:1
FNH:0
FNDA:0,Blog
DA:4,0
LF:1
LH:0
BRF:0
BRH:0
end_of_record
TN:
SF:src/components/blog-details/Header.jsx
FN:5,Header
FN:6,(anonymous_1)
FNF:2
FNH:0
FNDA:0,Header
FNDA:0,(anonymous_1)
DA:6,0
DA:7,0
DA:9,0
LF:3
LH:0
BRF:0
BRH:0
end_of_record
TN:
SF:src/components/blog-grid-3column/Blogs.jsx
FN:3,Blogs
FNF:1
FNH:0
FNDA:0,Blogs
DA:4,0
LF:1
LH:0
BRF:0
BRH:0
end_of_record
TN:
SF:src/components/blog-grid-3column/Header.jsx
FN:5,Header
FN:6,(anonymous_1)
FNF:2
FNH:0
FNDA:0,Header
FNDA:0,(anonymous_1)
DA:6,0
DA:7,0
DA:9,0
LF:3
LH:0
BRF:0
BRH:0
end_of_record
TN:
SF:src/components/blog-grid-sidebar/Blogs.jsx
FN:3,Blogs
FNF:1
FNH:0
FNDA:0,Blogs
DA:4,0
LF:1
LH:0
BRF:0
BRH:0
end_of_record
TN:
SF:src/components/blog-grid-sidebar/Header.jsx
FN:5,Header
FN:6,(anonymous_1)
FNF:2
FNH:0
FNDA:0,Header
FNDA:0,(anonymous_1)
DA:6,0
DA:7,0
DA:9,0
LF:3
LH:0
BRF:0
BRH:0
end_of_record
TN:
SF:src/components/common/Clients.jsx
FN:5,Clients
FNF:1
FNH:0
FNDA:0,Clients
DA:6,0
DA:36,0
LF:2
LH:0
BRF:0
BRH:0
end_of_record
TN:
SF:src/components/common/Footer.jsx
FN:3,Footer
FNF:1
FNH:0
FNDA:0,Footer
DA:4,0
LF:1
LH:0
BRF:0
BRH:0
end_of_record
TN:
SF:src/components/common/Lines.jsx
FN:3,Lines
FNF:1
FNH:0
FNDA:0,Lines
DA:4,0
LF:1
LH:0
BRF:0
BRH:0
end_of_record
TN:
SF:src/components/common/Marq2.jsx
FN:3,Marq2
FN:14,(anonymous_1)
FN:24,(anonymous_2)
FN:45,(anonymous_3)
FN:54,(anonymous_4)
FNF:5
FNH:0
FNDA:0,Marq2
FNDA:0,(anonymous_1)
FNDA:0,(anonymous_2)
FNDA:0,(anonymous_3)
FNDA:0,(anonymous_4)
DA:4,0
DA:5,0
DA:6,0
DA:7,0
DA:9,0
DA:15,0
DA:25,0
DA:46,0
DA:55,0
LF:9
LH:0
BRF:0
BRH:0
end_of_record
TN:
SF:src/components/common/Navbar.jsx
FN:4,Navbar
FN:5,handleScroll
FN:12,(anonymous_2)
FN:14,(anonymous_3)
FN:16,handleToggleNav
FN:37,(anonymous_5)
FNF:6
FNH:0
FNDA:0,Navbar
FNDA:0,handleScroll
FNDA:0,(anonymous_2)
FNDA:0,(anonymous_3)
FNDA:0,handleToggleNav
FNDA:0,(anonymous_5)
DA:6,0
DA:7,0
DA:9,0
DA:10,0
DA:12,0
DA:13,0
DA:14,0
DA:17,0
DA:22,0
DA:25,0
DA:30,0
DA:33,0
DA:37,0
LF:13
LH:0
BRDA:9,0,0,0
BRDA:9,0,1,0
BRDA:17,1,0,0
BRDA:17,1,1,0
BRDA:25,2,0,0
BRDA:25,2,1,0
BRF:6
BRH:0
end_of_record
TN:
SF:src/components/common/ProgressScroll.jsx
FN:6,(anonymous_0)
FN:7,(anonymous_1)
FNF:2
FNH:0
FNDA:0,(anonymous_0)
FNDA:0,(anonymous_1)
DA:6,0
DA:7,0
DA:8,0
DA:11,0
LF:4
LH:0
BRF:0
BRH:0
end_of_record
TN:
SF:src/components/common/cusor.jsx
FN:4,Cursor
FN:5,(anonymous_1)
FN:9,(anonymous_2)
FN:21,(anonymous_3)
FN:26,(anonymous_4)
FN:27,(anonymous_5)
FN:30,(anonymous_6)
FN:31,(anonymous_7)
FN:34,(anonymous_8)
FNF:9
FNH:0
FNDA:0,Cursor
FNDA:0,(anonymous_1)
FNDA:0,(anonymous_2)
FNDA:0,(anonymous_3)
FNDA:0,(anonymous_4)
FNDA:0,(anonymous_5)
FNDA:0,(anonymous_6)
FNDA:0,(anonymous_7)
FNDA:0,(anonymous_8)
DA:5,0
DA:6,0
DA:7,0
DA:9,0
DA:10,0
DA:11,0
DA:12,0
DA:13,0
DA:14,0
DA:15,0
DA:17,0
DA:18,0
DA:21,0
DA:22,0
DA:23,0
DA:24,0
DA:26,0
DA:27,0
DA:28,0
DA:30,0
DA:31,0
DA:32,0
DA:34,0
DA:35,0
DA:40,0
LF:25
LH:0
BRDA:18,0,0,0
BRDA:18,0,1,0
BRF:2
BRH:0
end_of_record
TN:
SF:src/components/common/loader.jsx
FN:8,LoadingScreen
FN:22,(anonymous_1)
FN:23,(anonymous_2)
FNF:3
FNH:0
FNDA:0,LoadingScreen
FNDA:0,(anonymous_1)
FNDA:0,(anonymous_2)
DA:6,0
DA:22,0
DA:23,0
DA:24,0
DA:25,0
DA:26,0
DA:27,0
DA:28,0
DA:29,0
DA:31,0
DA:36,0
DA:45,0
DA:46,0
DA:47,0
DA:48,0
DA:57,0
LF:16
LH:0
BRDA:24,0,0,0
BRDA:24,0,1,0
BRF:2
BRH:0
end_of_record
TN:
SF:src/components/home-creative-agency/Blog.jsx
FN:3,Blog
FNF:1
FNH:0
FNDA:0,Blog
DA:4,0
LF:1
LH:0
BRF:0
BRH:0
end_of_record
TN:
SF:src/components/home-creative-agency/Header.jsx
FN:5,Header
FN:6,(anonymous_1)
FNF:2
FNH:0
FNDA:0,Header
FNDA:0,(anonymous_1)
DA:6,0
DA:7,0
DA:9,0
LF:3
LH:0
BRF:0
BRH:0
end_of_record
TN:
SF:src/components/home-creative-agency/Intro.jsx
FN:5,Intro
FN:6,handleShowProgressValues
FN:10,(anonymous_2)
FN:15,(anonymous_3)
FN:17,(anonymous_4)
FNF:5
FNH:0
FNDA:0,Intro
FNDA:0,handleShowProgressValues
FNDA:0,(anonymous_2)
FNDA:0,(anonymous_3)
FNDA:0,(anonymous_4)
DA:7,0
DA:11,0
DA:15,0
DA:16,0
DA:17,0
DA:19,0
LF:6
LH:0
BRF:0
BRH:0
end_of_record
TN:
SF:src/components/home-creative-agency/Intro2.jsx
FN:4,Intro2
FN:5,openAccordion
FN:6,(anonymous_2)
FNF:3
FNH:0
FNDA:0,Intro2
FNDA:0,openAccordion
FNDA:0,(anonymous_2)
DA:6,0
DA:7,0
DA:8,0
DA:9,0
DA:11,0
DA:12,0
DA:13,0
DA:15,0
LF:8
LH:0
BRF:0
BRH:0
end_of_record
TN:
SF:src/components/home-creative-agency/Numbers.jsx
FN:3,Numbers
FNF:1
FNH:0
FNDA:0,Numbers
DA:4,0
LF:1
LH:0
BRF:0
BRH:0
end_of_record
TN:
SF:src/components/home-creative-agency/Portfolio.jsx
FN:7,Portfolio
FN:53,(anonymous_1)
FNF:2
FNH:0
FNDA:0,Portfolio
FNDA:0,(anonymous_1)
DA:8,0
DA:25,0
DA:54,0
LF:3
LH:0
BRF:0
BRH:0
end_of_record
TN:
SF:src/components/home-creative-agency/Services.jsx
FN:4,Services
FN:22,(anonymous_1)
FNF:2
FNH:0
FNDA:0,Services
FNDA:0,(anonymous_1)
DA:5,0
DA:23,0
LF:2
LH:0
BRF:0
BRH:0
end_of_record
TN:
SF:src/components/home-creative-agency/Team.jsx
FN:4,Team
FN:28,(anonymous_1)
FNF:2
FNH:0
FNDA:0,Team
FNDA:0,(anonymous_1)
DA:5,0
DA:29,0
LF:2
LH:0
BRF:0
BRH:0
end_of_record
TN:
SF:src/components/home-creative-agency/Testimonials.jsx
FN:7,Testimonials
FN:22,(anonymous_1)
FNF:2
FNH:0
FNDA:0,Testimonials
FNDA:0,(anonymous_1)
DA:8,0
DA:22,0
DA:23,0
DA:25,0
LF:4
LH:0
BRF:0
BRH:0
end_of_record
TN:
SF:src/components/home-digital-agency/Blog.jsx
FN:3,Blog
FNF:1
FNH:0
FNDA:0,Blog
DA:4,0
LF:1
LH:0
BRF:0
BRH:0
end_of_record
TN:
SF:src/components/home-digital-agency/Feat.jsx
FN:3,Feat
FNF:1
FNH:0
FNDA:0,Feat
DA:4,0
LF:1
LH:0
BRF:0
BRH:0
end_of_record
TN:
SF:src/components/home-digital-agency/Header.jsx
FN:4,Header
FNF:1
FNH:0
FNDA:0,Header
DA:5,0
LF:1
LH:0
BRF:0
BRH:0
end_of_record
TN:
SF:src/components/home-digital-agency/Intro2.jsx
FN:4,Intro2
FN:5,openAccordion
FN:6,(anonymous_2)
FNF:3
FNH:0
FNDA:0,Intro2
FNDA:0,openAccordion
FNDA:0,(anonymous_2)
DA:6,0
DA:7,0
DA:8,0
DA:9,0
DA:11,0
DA:12,0
DA:13,0
DA:15,0
LF:8
LH:0
BRF:0
BRH:0
end_of_record
TN:
SF:src/components/home-digital-agency/Numbers.jsx
FN:3,Numbers
FNF:1
FNH:0
FNDA:0,Numbers
DA:4,0
LF:1
LH:0
BRF:0
BRH:0
end_of_record
TN:
SF:src/components/home-digital-agency/Portfolio.jsx
FN:4,Portfolio
FN:5,handleMouseEnter
FN:8,(anonymous_2)
FN:11,(anonymous_3)
FNF:4
FNH:0
FNDA:0,Portfolio
FNDA:0,handleMouseEnter
FNDA:0,(anonymous_2)
FNDA:0,(anonymous_3)
DA:6,0
DA:8,0
DA:9,0
DA:11,0
DA:12,0
DA:15,0
DA:16,0
DA:21,0
DA:22,0
DA:25,0
LF:10
LH:0
BRDA:21,0,0,0
BRDA:21,0,1,0
BRF:2
BRH:0
end_of_record
TN:
SF:src/components/home-digital-agency/Services.jsx
FN:5,Services
FN:26,(anonymous_1)
FN:36,(anonymous_2)
FNF:3
FNH:0
FNDA:0,Services
FNDA:0,(anonymous_1)
FNDA:0,(anonymous_2)
DA:6,0
DA:27,0
DA:37,0
LF:3
LH:0
BRF:0
BRH:0
end_of_record
TN:
SF:src/components/home-digital-agency/Testimonials.jsx
FN:6,Testimonials
FNF:1
FNH:0
FNDA:0,Testimonials
DA:7,0
DA:21,0
LF:2
LH:0
BRF:0
BRH:0
end_of_record
TN:
SF:src/components/home-main/Blog.jsx
FN:3,Blog
FNF:1
FNH:0
FNDA:0,Blog
DA:4,0
LF:1
LH:0
BRF:0
BRH:0
end_of_record
TN:
SF:src/components/home-main/Clients.jsx
FN:5,Clients
FNF:1
FNH:0
FNDA:0,Clients
DA:6,0
DA:25,0
LF:2
LH:0
BRF:0
BRH:0
end_of_record
TN:
SF:src/components/home-main/Feat.jsx
FN:5,Feat
FN:6,(anonymous_1)
FNF:2
FNH:0
FNDA:0,Feat
FNDA:0,(anonymous_1)
DA:6,0
DA:7,0
DA:9,0
LF:3
LH:0
BRF:0
BRH:0
end_of_record
TN:
SF:src/components/home-main/Header.jsx
FN:5,Header
FN:6,(anonymous_1)
FNF:2
FNH:0
FNDA:0,Header
FNDA:0,(anonymous_1)
DA:6,0
DA:7,0
DA:9,0
LF:3
LH:0
BRF:0
BRH:0
end_of_record
TN:
SF:src/components/home-main/Intro.jsx
FN:3,Intro
FNF:1
FNH:0
FNDA:0,Intro
DA:4,0
LF:1
LH:0
BRF:0
BRH:0
end_of_record
TN:
SF:src/components/home-main/Marq.jsx
FN:3,Marq
FN:16,(anonymous_1)
FN:28,(anonymous_2)
FN:44,(anonymous_3)
FN:56,(anonymous_4)
FNF:5
FNH:0
FNDA:0,Marq
FNDA:0,(anonymous_1)
FNDA:0,(anonymous_2)
FNDA:0,(anonymous_3)
FNDA:0,(anonymous_4)
DA:4,0
DA:11,0
DA:17,0
DA:29,0
DA:45,0
DA:57,0
LF:6
LH:0
BRF:0
BRH:0
end_of_record
TN:
SF:src/components/home-main/Portfolio.jsx
FN:6,Portfolio
FN:62,(anonymous_1)
FN:130,(anonymous_2)
FN:137,(anonymous_3)
FNF:4
FNH:0
FNDA:0,Portfolio
FNDA:0,(anonymous_1)
FNDA:0,(anonymous_2)
FNDA:0,(anonymous_3)
DA:7,0
DA:8,0
DA:9,0
DA:26,0
DA:63,0
DA:131,0
DA:138,0
LF:7
LH:0
BRF:0
BRH:0
end_of_record
TN:
SF:src/components/home-main/Services.jsx
FN:6,Services
FN:69,(anonymous_1)
FNF:2
FNH:0
FNDA:0,Services
FNDA:0,(anonymous_1)
DA:7,0
DA:32,0
DA:70,0
LF:3
LH:0
BRF:0
BRH:0
end_of_record
TN:
SF:src/components/home-main/Team.jsx
FN:3,Team
FN:26,(anonymous_1)
FNF:2
FNH:0
FNDA:0,Team
FNDA:0,(anonymous_1)
DA:4,0
DA:27,0
LF:2
LH:0
BRF:0
BRH:0
end_of_record
TN:
SF:src/components/home-main/Testimonials.jsx
FN:6,Testimonials
FN:49,(anonymous_1)
FNF:2
FNH:0
FNDA:0,Testimonials
FNDA:0,(anonymous_1)
DA:7,0
DA:21,0
DA:50,0
LF:3
LH:0
BRF:0
BRH:0
end_of_record
TN:
SF:src/components/home-modern-studio/Feat.jsx
FN:4,Feat
FN:30,(anonymous_1)
FNF:2
FNH:0
FNDA:0,Feat
FNDA:0,(anonymous_1)
DA:5,0
DA:31,0
LF:2
LH:0
BRF:0
BRH:0
end_of_record
TN:
SF:src/components/home-modern-studio/Header.jsx
FN:7,Header
FN:13,(anonymous_1)
FN:33,(anonymous_2)
FN:52,(anonymous_3)
FN:70,(anonymous_4)
FN:72,(anonymous_5)
FN:75,(anonymous_6)
FN:80,(anonymous_7)
FNF:8
FNH:0
FNDA:0,Header
FNDA:0,(anonymous_1)
FNDA:0,(anonymous_2)
FNDA:0,(anonymous_3)
FNDA:0,(anonymous_4)
FNDA:0,(anonymous_5)
FNDA:0,(anonymous_6)
FNDA:0,(anonymous_7)
DA:8,0
DA:9,0
DA:11,0
DA:14,0
DA:34,0
DA:51,0
DA:53,0
DA:70,0
DA:71,0
DA:72,0
DA:73,0
DA:75,0
DA:76,0
DA:80,0
DA:81,0
DA:83,0
LF:16
LH:0
BRDA:71,0,0,0
BRDA:71,0,1,0
BRDA:71,1,0,0
BRDA:71,1,1,0
BRF:4
BRH:0
end_of_record
TN:
SF:src/components/home-modern-studio/Intro.jsx
FN:3,Intro
FNF:1
FNH:0
FNDA:0,Intro
DA:4,0
LF:1
LH:0
BRF:0
BRH:0
end_of_record
TN:
SF:src/components/home-modern-studio/Numbers.jsx
FN:3,Numbers
FNF:1
FNH:0
FNDA:0,Numbers
DA:4,0
LF:1
LH:0
BRF:0
BRH:0
end_of_record
TN:
SF:src/components/home-modern-studio/Portfolio.jsx
FN:7,Portfolio
FN:54,(anonymous_1)
FNF:2
FNH:0
FNDA:0,Portfolio
FNDA:0,(anonymous_1)
DA:8,0
DA:27,0
DA:55,0
LF:3
LH:0
BRF:0
BRH:0
end_of_record
TN:
SF:src/components/home-modern-studio/Services.jsx
FN:3,Services
FNF:1
FNH:0
FNDA:0,Services
DA:4,0
LF:1
LH:0
BRF:0
BRH:0
end_of_record
TN:
SF:src/components/home-modern-studio/Team.jsx
FN:3,Team
FN:26,(anonymous_1)
FNF:2
FNH:0
FNDA:0,Team
FNDA:0,(anonymous_1)
DA:4,0
DA:27,0
LF:2
LH:0
BRF:0
BRH:0
end_of_record
TN:
SF:src/components/home-modern-studio/Testimonials.jsx
FN:6,Testimonials
FNF:1
FNH:0
FNDA:0,Testimonials
DA:7,0
DA:33,0
LF:2
LH:0
BRF:0
BRH:0
end_of_record
TN:
SF:src/components/home-personal/About.jsx
FN:3,About
FN:14,(anonymous_1)
FNF:2
FNH:0
FNDA:0,About
FNDA:0,(anonymous_1)
DA:4,0
DA:15,0
DA:16,0
DA:17,0
DA:18,0
DA:19,0
DA:20,0
DA:21,0
DA:22,0
DA:23,0
DA:24,0
DA:25,0
DA:26,0
DA:27,0
DA:28,0
DA:29,0
DA:30,0
DA:32,0
LF:18
LH:0
BRDA:15,0,0,0
BRDA:15,0,1,0
BRDA:16,1,0,0
BRDA:16,1,1,0
BRDA:19,2,0,0
BRDA:19,2,1,0
BRDA:22,3,0,0
BRDA:22,3,1,0
BRDA:25,4,0,0
BRDA:25,4,1,0
BRDA:28,5,0,0
BRDA:28,5,1,0
BRF:12
BRH:0
end_of_record
TN:
SF:src/components/home-personal/Header.jsx
FN:5,Header
FN:6,(anonymous_1)
FNF:2
FNH:0
FNDA:0,Header
FNDA:0,(anonymous_1)
DA:6,0
DA:7,0
DA:9,0
LF:3
LH:0
BRF:0
BRH:0
end_of_record
TN:
SF:src/components/home-personal/Marq.jsx
FN:3,Marq
FN:19,(anonymous_1)
FN:31,(anonymous_2)
FNF:3
FNH:0
FNDA:0,Marq
FNDA:0,(anonymous_1)
FNDA:0,(anonymous_2)
DA:4,0
DA:14,0
DA:20,0
DA:32,0
LF:4
LH:0
BRF:0
BRH:0
end_of_record
TN:
SF:src/components/home-personal/Portfolio.jsx
FN:8,Portfolio
FN:62,(anonymous_1)
FN:63,(anonymous_2)
FN:81,(anonymous_3)
FN:91,(anonymous_4)
FNF:5
FNH:0
FNDA:0,Portfolio
FNDA:0,(anonymous_1)
FNDA:0,(anonymous_2)
FNDA:0,(anonymous_3)
FNDA:0,(anonymous_4)
DA:6,0
DA:9,0
DA:62,0
DA:63,0
DA:64,0
DA:65,0
DA:66,0
DA:68,0
DA:69,0
DA:72,0
DA:77,0
DA:81,0
DA:82,0
DA:83,0
DA:88,0
DA:91,0
DA:103,0
LF:17
LH:0
BRDA:64,0,0,0
BRDA:64,0,1,0
BRF:2
BRH:0
end_of_record
TN:
SF:src/components/home-personal/Services.jsx
FN:3,Services
FNF:1
FNH:0
FNDA:0,Services
DA:4,0
LF:1
LH:0
BRF:0
BRH:0
end_of_record
TN:
SF:src/components/home-personal/Skills.jsx
FN:3,Skills
FNF:1
FNH:0
FNDA:0,Skills
DA:4,0
LF:1
LH:0
BRF:0
BRH:0
end_of_record
TN:
SF:src/components/landing/Demos.jsx
FN:5,Demos
FN:6,(anonymous_1)
FNF:2
FNH:0
FNDA:0,Demos
FNDA:0,(anonymous_1)
DA:6,0
DA:7,0
DA:9,0
LF:3
LH:0
BRF:0
BRH:0
end_of_record
TN:
SF:src/components/landing/Footer.jsx
FN:5,Footer
FN:6,(anonymous_1)
FNF:2
FNH:0
FNDA:0,Footer
FNDA:0,(anonymous_1)
DA:6,0
DA:7,0
DA:9,0
LF:3
LH:0
BRF:0
BRH:0
end_of_record
TN:
SF:src/components/landing/Header.jsx
FN:5,Header
FN:6,(anonymous_1)
FNF:2
FNH:0
FNDA:0,Header
FNDA:0,(anonymous_1)
DA:6,0
DA:7,0
DA:9,0
LF:3
LH:0
BRF:0
BRH:0
end_of_record
TN:
SF:src/components/landing/Marq.jsx
FN:5,Marq
FN:8,(anonymous_1)
FN:21,(anonymous_2)
FN:28,(anonymous_3)
FNF:4
FNH:0
FNDA:0,Marq
FNDA:0,(anonymous_1)
FNDA:0,(anonymous_2)
FNDA:0,(anonymous_3)
DA:6,0
DA:7,0
DA:8,0
DA:9,0
DA:11,0
DA:22,0
DA:29,0
LF:7
LH:0
BRF:0
BRH:0
end_of_record
TN:
SF:src/components/landing/Navbar.jsx
FN:4,Navbar
FN:5,handleScroll
FN:12,(anonymous_2)
FN:14,(anonymous_3)
FN:16,scrollToSection
FN:18,(anonymous_5)
FN:30,(anonymous_6)
FN:35,(anonymous_7)
FNF:8
FNH:0
FNDA:0,Navbar
FNDA:0,handleScroll
FNDA:0,(anonymous_2)
FNDA:0,(anonymous_3)
FNDA:0,scrollToSection
FNDA:0,(anonymous_5)
FNDA:0,(anonymous_6)
FNDA:0,(anonymous_7)
DA:6,0
DA:7,0
DA:9,0
DA:10,0
DA:12,0
DA:13,0
DA:14,0
DA:17,0
DA:19,0
DA:25,0
DA:30,0
DA:35,0
LF:12
LH:0
BRDA:9,0,0,0
BRDA:9,0,1,0
BRF:2
BRH:0
end_of_record
TN:
SF:src/components/landing/Pages.jsx
FN:3,Pages
FNF:1
FNH:0
FNDA:0,Pages
DA:4,0
LF:1
LH:0
BRF:0
BRH:0
end_of_record
TN:
SF:src/components/landing/Show.jsx
FN:3,Show
FNF:1
FNH:0
FNDA:0,Show
DA:4,0
LF:1
LH:0
BRF:0
BRH:0
end_of_record
TN:
SF:src/components/landing/Testimonials.jsx
FN:3,Testimonials
FNF:1
FNH:0
FNDA:0,Testimonials
DA:4,0
LF:1
LH:0
BRF:0
BRH:0
end_of_record
TN:
SF:src/components/p-creative/Portfolio.jsx
FN:6,Portfolio
FN:7,(anonymous_1)
FN:10,handleOpenWork
FN:11,(anonymous_3)
FN:20,(anonymous_4)
FNF:5
FNH:0
FNDA:0,Portfolio
FNDA:0,(anonymous_1)
FNDA:0,handleOpenWork
FNDA:0,(anonymous_3)
FNDA:0,(anonymous_4)
DA:7,0
DA:8,0
DA:11,0
DA:12,0
DA:14,0
DA:16,0
DA:21,0
LF:7
LH:0
BRDA:24,0,0,0
BRDA:24,0,1,0
BRF:2
BRH:0
end_of_record
TN:
SF:src/components/p-creative-carousel/Portfolio.jsx
FN:7,Portfolio
FN:52,(anonymous_1)
FNF:2
FNH:0
FNDA:0,Portfolio
FNDA:0,(anonymous_1)
DA:8,0
DA:25,0
DA:53,0
LF:3
LH:0
BRF:0
BRH:0
end_of_record
TN:
SF:src/components/p-gallery/Header.jsx
FN:5,Header
FN:6,(anonymous_1)
FNF:2
FNH:0
FNDA:0,Header
FNDA:0,(anonymous_1)
DA:6,0
DA:7,0
DA:9,0
LF:3
LH:0
BRF:0
BRH:0
end_of_record
TN:
SF:src/components/p-gallery/Portfolio.jsx
FN:3,Portfolio
FNF:1
FNH:0
FNDA:0,Portfolio
DA:4,0
LF:1
LH:0
BRF:0
BRH:0
end_of_record
TN:
SF:src/components/p-grid/Header.jsx
FN:5,Header
FN:6,(anonymous_1)
FNF:2
FNH:0
FNDA:0,Header
FNDA:0,(anonymous_1)
DA:6,0
DA:7,0
DA:9,0
LF:3
LH:0
BRF:0
BRH:0
end_of_record
TN:
SF:src/components/p-grid/Portfolio.jsx
FN:5,Portfolio
FNF:1
FNH:0
FNDA:0,Portfolio
DA:6,0
LF:1
LH:0
BRF:0
BRH:0
end_of_record
TN:
SF:src/components/p-masonry/Header.jsx
FN:4,Header
FN:5,loadBackgroudImages
FN:9,(anonymous_2)
FN:15,(anonymous_3)
FNF:4
FNH:0
FNDA:0,Header
FNDA:0,loadBackgroudImages
FNDA:0,(anonymous_2)
FNDA:0,(anonymous_3)
DA:6,0
DA:8,0
DA:9,0
DA:10,0
DA:11,0
DA:15,0
DA:16,0
DA:18,0
LF:8
LH:0
BRDA:8,0,0,0
BRDA:8,0,1,0
BRF:2
BRH:0
end_of_record
TN:
SF:src/components/p-masonry/Portfolio.jsx
FN:4,Portfolio
FNF:1
FNH:0
FNDA:0,Portfolio
DA:9,0
LF:1
LH:0
BRF:0
BRH:0
end_of_record
TN:
SF:src/components/page-404/Error.jsx
FN:3,Error
FN:25,(anonymous_1)
FN:37,(anonymous_2)
FN:55,(anonymous_3)
FN:67,(anonymous_4)
FN:85,(anonymous_5)
FN:97,(anonymous_6)
FN:115,(anonymous_7)
FN:127,(anonymous_8)
FNF:9
FNH:0
FNDA:0,Error
FNDA:0,(anonymous_1)
FNDA:0,(anonymous_2)
FNDA:0,(anonymous_3)
FNDA:0,(anonymous_4)
FNDA:0,(anonymous_5)
FNDA:0,(anonymous_6)
FNDA:0,(anonymous_7)
FNDA:0,(anonymous_8)
DA:4,0
DA:5,0
DA:7,0
DA:26,0
DA:38,0
DA:56,0
DA:68,0
DA:86,0
DA:98,0
DA:116,0
DA:128,0
LF:11
LH:0
BRF:0
BRH:0
end_of_record
TN:
SF:src/components/page-FAQ/FAQS.jsx
FN:4,FAQS
FN:5,openAccordion
FN:6,(anonymous_2)
FNF:3
FNH:0
FNDA:0,FAQS
FNDA:0,openAccordion
FNDA:0,(anonymous_2)
DA:6,0
DA:7,0
DA:8,0
DA:9,0
DA:11,0
DA:12,0
DA:13,0
DA:15,0
LF:8
LH:0
BRF:0
BRH:0
end_of_record
TN:
SF:src/components/page-FAQ/Header.jsx
FN:5,Header
FN:6,(anonymous_1)
FNF:2
FNH:0
FNDA:0,Header
FNDA:0,(anonymous_1)
DA:6,0
DA:7,0
DA:9,0
LF:3
LH:0
BRF:0
BRH:0
end_of_record
TN:
SF:src/components/page-FAQ/Numbers.jsx
FN:3,Numbers
FNF:1
FNH:0
FNDA:0,Numbers
DA:4,0
LF:1
LH:0
BRF:0
BRH:0
end_of_record
TN:
SF:src/components/page-about/Expertise.jsx
FN:3,Expertise
FNF:1
FNH:0
FNDA:0,Expertise
DA:4,0
LF:1
LH:0
BRF:0
BRH:0
end_of_record
TN:
SF:src/components/page-about/Header.jsx
FN:5,Header
FN:6,(anonymous_1)
FNF:2
FNH:0
FNDA:0,Header
FNDA:0,(anonymous_1)
DA:6,0
DA:7,0
DA:9,0
LF:3
LH:0
BRF:0
BRH:0
end_of_record
TN:
SF:src/components/page-about/Intro.jsx
FN:3,Intro
FN:13,(anonymous_1)
FNF:2
FNH:0
FNDA:0,Intro
FNDA:0,(anonymous_1)
DA:4,0
DA:14,0
DA:15,0
DA:16,0
DA:17,0
DA:18,0
DA:19,0
DA:20,0
DA:21,0
DA:22,0
DA:23,0
DA:24,0
DA:25,0
DA:26,0
DA:27,0
DA:28,0
DA:29,0
DA:31,0
LF:18
LH:0
BRDA:14,0,0,0
BRDA:14,0,1,0
BRDA:15,1,0,0
BRDA:15,1,1,0
BRDA:18,2,0,0
BRDA:18,2,1,0
BRDA:21,3,0,0
BRDA:21,3,1,0
BRDA:24,4,0,0
BRDA:24,4,1,0
BRDA:27,5,0,0
BRDA:27,5,1,0
BRF:12
BRH:0
end_of_record
TN:
SF:src/components/page-about/MiniHeroCTA.jsx
FN:3,MiniHeroCTA
FNF:1
FNH:0
FNDA:0,MiniHeroCTA
DA:4,0
LF:1
LH:0
BRF:0
BRH:0
end_of_record
TN:
SF:src/components/page-about/Numbers.jsx
FN:3,Numbers
FNF:1
FNH:0
FNDA:0,Numbers
DA:4,0
LF:1
LH:0
BRF:0
BRH:0
end_of_record
TN:
SF:src/components/page-about/Photos.jsx
FN:12,PhotoItem
FN:13,(anonymous_1)
FN:31,Photos
FN:42,(anonymous_3)
FNF:4
FNH:0
FNDA:0,PhotoItem
FNDA:0,(anonymous_1)
FNDA:0,Photos
FNDA:0,(anonymous_3)
DA:3,0
DA:13,0
DA:15,0
DA:17,0
DA:32,0
DA:43,0
LF:6
LH:0
BRF:0
BRH:0
end_of_record
TN:
SF:src/components/page-about/Services.jsx
FN:4,Services
FN:21,(anonymous_1)
FN:31,(anonymous_2)
FNF:3
FNH:0
FNDA:0,Services
FNDA:0,(anonymous_1)
FNDA:0,(anonymous_2)
DA:5,0
DA:22,0
DA:32,0
LF:3
LH:0
BRF:0
BRH:0
end_of_record
TN:
SF:src/components/page-contact/Contact.jsx
FN:3,Contact
FNF:1
FNH:0
FNDA:0,Contact
DA:4,0
LF:1
LH:0
BRF:0
BRH:0
end_of_record
TN:
SF:src/components/page-contact/Header.jsx
FN:5,Header
FN:6,(anonymous_1)
FNF:2
FNH:0
FNDA:0,Header
FNDA:0,(anonymous_1)
DA:6,0
DA:7,0
DA:9,0
LF:3
LH:0
BRF:0
BRH:0
end_of_record
TN:
SF:src/components/page-contact/Map.jsx
FN:3,Map
FNF:1
FNH:0
FNDA:0,Map
DA:4,0
LF:1
LH:0
BRF:0
BRH:0
end_of_record
TN:
SF:src/components/page-services/Header.jsx
FN:5,Header
FN:6,(anonymous_1)
FNF:2
FNH:0
FNDA:0,Header
FNDA:0,(anonymous_1)
DA:6,0
DA:7,0
DA:9,0
LF:3
LH:0
BRF:0
BRH:0
end_of_record
TN:
SF:src/components/page-services/Numbers.jsx
FN:3,Numbers
FNF:1
FNH:0
FNDA:0,Numbers
DA:4,0
LF:1
LH:0
BRF:0
BRH:0
end_of_record
TN:
SF:src/components/page-services-details/Feat.jsx
FN:3,Feat
FNF:1
FNH:0
FNDA:0,Feat
DA:4,0
LF:1
LH:0
BRF:0
BRH:0
end_of_record
TN:
SF:src/components/page-services-details/Header.jsx
FN:5,Header
FN:6,(anonymous_1)
FNF:2
FNH:0
FNDA:0,Header
FNDA:0,(anonymous_1)
DA:6,0
DA:7,0
DA:9,0
LF:3
LH:0
BRF:0
BRH:0
end_of_record
TN:
SF:src/components/page-services-details/Intro.jsx
FN:3,Intro
FNF:1
FNH:0
FNDA:0,Intro
DA:4,0
LF:1
LH:0
BRF:0
BRH:0
end_of_record
TN:
SF:src/components/page-team/Header.jsx
FN:5,Header
FN:6,(anonymous_1)
FNF:2
FNH:0
FNDA:0,Header
FNDA:0,(anonymous_1)
DA:6,0
DA:7,0
DA:9,0
LF:3
LH:0
BRF:0
BRH:0
end_of_record
TN:
SF:src/components/page-team/Intro.jsx
FN:5,Intro
FN:6,handleShowProgressValues
FN:10,(anonymous_2)
FN:15,(anonymous_3)
FN:17,(anonymous_4)
FNF:5
FNH:0
FNDA:0,Intro
FNDA:0,handleShowProgressValues
FNDA:0,(anonymous_2)
FNDA:0,(anonymous_3)
FNDA:0,(anonymous_4)
DA:7,0
DA:11,0
DA:15,0
DA:16,0
DA:17,0
DA:19,0
LF:6
LH:0
BRF:0
BRH:0
end_of_record
TN:
SF:src/components/page-team-details/Header.jsx
FN:5,Header
FN:6,(anonymous_1)
FNF:2
FNH:0
FNDA:0,Header
FNDA:0,(anonymous_1)
DA:6,0
DA:7,0
DA:9,0
LF:3
LH:0
BRF:0
BRH:0
end_of_record
TN:
SF:src/components/page-team-details/Intro.jsx
FN:5,Intro
FN:6,handleShowProgressValues
FN:10,(anonymous_2)
FN:15,(anonymous_3)
FN:17,(anonymous_4)
FNF:5
FNH:0
FNDA:0,Intro
FNDA:0,handleShowProgressValues
FNDA:0,(anonymous_2)
FNDA:0,(anonymous_3)
FNDA:0,(anonymous_4)
DA:7,0
DA:11,0
DA:15,0
DA:16,0
DA:17,0
DA:19,0
LF:6
LH:0
BRF:0
BRH:0
end_of_record
TN:
SF:src/components/page-team-details/Services.jsx
FN:3,Services
FNF:1
FNH:0
FNDA:0,Services
DA:4,0
LF:1
LH:0
BRF:0
BRH:0
end_of_record
TN:
SF:src/components/project-details/Challenge.jsx
FN:3,Challenge
FNF:1
FNH:0
FNDA:0,Challenge
DA:4,0
LF:1
LH:0
BRF:0
BRH:0
end_of_record
TN:
SF:src/components/project-details/Header.jsx
FN:5,Header
FN:6,(anonymous_1)
FNF:2
FNH:0
FNDA:0,Header
FNDA:0,(anonymous_1)
DA:6,0
DA:7,0
DA:9,0
LF:3
LH:0
BRF:0
BRH:0
end_of_record
TN:
SF:src/components/project-details/Next.jsx
FN:5,Next
FN:6,(anonymous_1)
FNF:2
FNH:0
FNDA:0,Next
FNDA:0,(anonymous_1)
DA:6,0
DA:7,0
DA:9,0
LF:3
LH:0
BRF:0
BRH:0
end_of_record
TN:
SF:src/components/project-details/Solution.jsx
FN:3,Solution
FNF:1
FNH:0
FNDA:0,Solution
DA:4,0
LF:1
LH:0
BRF:0
BRH:0
end_of_record
TN:
SF:src/components/project-details/Works.jsx
FN:3,Works
FNF:1
FNH:0
FNDA:0,Works
DA:4,0
LF:1
LH:0
BRF:0
BRH:0
end_of_record
TN:
SF:src/components/project-details/Wroks2.jsx
FN:3,Wroks2
FNF:1
FNH:0
FNDA:0,Wroks2
DA:4,0
LF:1
LH:0
BRF:0
BRH:0
end_of_record
TN:
SF:src/pages/Landing.js
FN:22,Home
FN:26,(anonymous_1)
FN:27,(anonymous_2)
FN:28,(anonymous_3)
FN:33,(anonymous_4)
FN:37,(anonymous_5)
FN:47,(anonymous_6)
FN:50,(anonymous_7)
FN:54,(anonymous_8)
FNF:9
FNH:0
FNDA:0,Home
FNDA:0,(anonymous_1)
FNDA:0,(anonymous_2)
FNDA:0,(anonymous_3)
FNDA:0,(anonymous_4)
FNDA:0,(anonymous_5)
FNDA:0,(anonymous_6)
FNDA:0,(anonymous_7)
FNDA:0,(anonymous_8)
DA:23,0
DA:24,0
DA:26,0
DA:27,0
DA:28,0
DA:29,0
DA:30,0
DA:31,0
DA:33,0
DA:34,0
DA:37,0
DA:38,0
DA:41,0
DA:46,0
DA:48,0
DA:52,0
DA:55,0
DA:64,0
LF:18
LH:0
BRF:0
BRH:0
end_of_record
TN:
SF:src/pages/blog-classic.js
FN:21,BlogClassic
FN:25,(anonymous_1)
FN:26,(anonymous_2)
FN:27,(anonymous_3)
FN:32,(anonymous_4)
FN:36,(anonymous_5)
FN:46,(anonymous_6)
FN:49,(anonymous_7)
FN:53,(anonymous_8)
FN:62,(anonymous_9)
FNF:10
FNH:0
FNDA:0,BlogClassic
FNDA:0,(anonymous_1)
FNDA:0,(anonymous_2)
FNDA:0,(anonymous_3)
FNDA:0,(anonymous_4)
FNDA:0,(anonymous_5)
FNDA:0,(anonymous_6)
FNDA:0,(anonymous_7)
FNDA:0,(anonymous_8)
FNDA:0,(anonymous_9)
DA:19,0
DA:22,0
DA:23,0
DA:25,0
DA:26,0
DA:27,0
DA:28,0
DA:29,0
DA:30,0
DA:32,0
DA:33,0
DA:36,0
DA:37,0
DA:40,0
DA:45,0
DA:47,0
DA:51,0
DA:54,0
DA:62,0
DA:63,0
DA:64,0
DA:70,0
LF:22
LH:0
BRDA:63,0,0,0
BRDA:63,0,1,0
BRF:2
BRH:0
end_of_record
TN:
SF:src/pages/blog-details.js
FN:21,BlogDetails
FN:25,(anonymous_1)
FN:26,(anonymous_2)
FN:27,(anonymous_3)
FN:32,(anonymous_4)
FN:36,(anonymous_5)
FN:46,(anonymous_6)
FN:49,(anonymous_7)
FN:53,(anonymous_8)
FN:62,(anonymous_9)
FNF:10
FNH:0
FNDA:0,BlogDetails
FNDA:0,(anonymous_1)
FNDA:0,(anonymous_2)
FNDA:0,(anonymous_3)
FNDA:0,(anonymous_4)
FNDA:0,(anonymous_5)
FNDA:0,(anonymous_6)
FNDA:0,(anonymous_7)
FNDA:0,(anonymous_8)
FNDA:0,(anonymous_9)
DA:19,0
DA:22,0
DA:23,0
DA:25,0
DA:26,0
DA:27,0
DA:28,0
DA:29,0
DA:30,0
DA:32,0
DA:33,0
DA:36,0
DA:37,0
DA:40,0
DA:45,0
DA:47,0
DA:51,0
DA:54,0
DA:62,0
DA:63,0
DA:64,0
DA:70,0
LF:22
LH:0
BRDA:63,0,0,0
BRDA:63,0,1,0
BRF:2
BRH:0
end_of_record
TN:
SF:src/pages/blog-grid-3columns.js
FN:21,BlogGrid3Columns
FN:24,(anonymous_1)
FN:25,(anonymous_2)
FN:26,(anonymous_3)
FN:31,(anonymous_4)
FN:35,(anonymous_5)
FN:45,(anonymous_6)
FN:48,(anonymous_7)
FN:52,(anonymous_8)
FN:61,(anonymous_9)
FNF:10
FNH:0
FNDA:0,BlogGrid3Columns
FNDA:0,(anonymous_1)
FNDA:0,(anonymous_2)
FNDA:0,(anonymous_3)
FNDA:0,(anonymous_4)
FNDA:0,(anonymous_5)
FNDA:0,(anonymous_6)
FNDA:0,(anonymous_7)
FNDA:0,(anonymous_8)
FNDA:0,(anonymous_9)
DA:19,0
DA:22,0
DA:24,0
DA:25,0
DA:26,0
DA:27,0
DA:28,0
DA:29,0
DA:31,0
DA:32,0
DA:35,0
DA:36,0
DA:39,0
DA:44,0
DA:46,0
DA:50,0
DA:53,0
DA:61,0
DA:62,0
DA:63,0
DA:69,0
LF:21
LH:0
BRDA:62,0,0,0
BRDA:62,0,1,0
BRF:2
BRH:0
end_of_record
TN:
SF:src/pages/blog-grid-sidebar.js
FN:19,BlogGridSidebar
FN:22,(anonymous_1)
FN:23,(anonymous_2)
FN:24,(anonymous_3)
FN:29,(anonymous_4)
FN:33,(anonymous_5)
FN:43,(anonymous_6)
FN:46,(anonymous_7)
FN:50,(anonymous_8)
FN:59,(anonymous_9)
FNF:10
FNH:0
FNDA:0,BlogGridSidebar
FNDA:0,(anonymous_1)
FNDA:0,(anonymous_2)
FNDA:0,(anonymous_3)
FNDA:0,(anonymous_4)
FNDA:0,(anonymous_5)
FNDA:0,(anonymous_6)
FNDA:0,(anonymous_7)
FNDA:0,(anonymous_8)
FNDA:0,(anonymous_9)
DA:17,0
DA:20,0
DA:21,0
DA:22,0
DA:23,0
DA:24,0
DA:25,0
DA:26,0
DA:27,0
DA:29,0
DA:30,0
DA:33,0
DA:34,0
DA:37,0
DA:42,0
DA:44,0
DA:48,0
DA:51,0
DA:59,0
DA:60,0
DA:61,0
DA:67,0
LF:22
LH:0
BRDA:60,0,0,0
BRDA:60,0,1,0
BRF:2
BRH:0
end_of_record
TN:
SF:src/pages/home-creative-agency.js.js
FN:28,HomeCreativeAgency
FN:32,(anonymous_1)
FN:33,(anonymous_2)
FN:34,(anonymous_3)
FN:39,(anonymous_4)
FN:43,(anonymous_5)
FN:53,(anonymous_6)
FN:56,(anonymous_7)
FN:60,(anonymous_8)
FN:69,(anonymous_9)
FNF:10
FNH:0
FNDA:0,HomeCreativeAgency
FNDA:0,(anonymous_1)
FNDA:0,(anonymous_2)
FNDA:0,(anonymous_3)
FNDA:0,(anonymous_4)
FNDA:0,(anonymous_5)
FNDA:0,(anonymous_6)
FNDA:0,(anonymous_7)
FNDA:0,(anonymous_8)
FNDA:0,(anonymous_9)
DA:26,0
DA:29,0
DA:30,0
DA:32,0
DA:33,0
DA:34,0
DA:35,0
DA:36,0
DA:37,0
DA:39,0
DA:40,0
DA:43,0
DA:44,0
DA:47,0
DA:52,0
DA:54,0
DA:58,0
DA:61,0
DA:69,0
DA:70,0
DA:71,0
DA:78,0
LF:22
LH:0
BRDA:70,0,0,0
BRDA:70,0,1,0
BRF:2
BRH:0
end_of_record
TN:
SF:src/pages/home-digital-agency.js
FN:27,HomeDigitalAgency
FN:31,(anonymous_1)
FN:32,(anonymous_2)
FN:33,(anonymous_3)
FN:38,(anonymous_4)
FN:42,(anonymous_5)
FN:52,(anonymous_6)
FN:55,(anonymous_7)
FN:59,(anonymous_8)
FN:68,(anonymous_9)
FNF:10
FNH:0
FNDA:0,HomeDigitalAgency
FNDA:0,(anonymous_1)
FNDA:0,(anonymous_2)
FNDA:0,(anonymous_3)
FNDA:0,(anonymous_4)
FNDA:0,(anonymous_5)
FNDA:0,(anonymous_6)
FNDA:0,(anonymous_7)
FNDA:0,(anonymous_8)
FNDA:0,(anonymous_9)
DA:25,0
DA:28,0
DA:29,0
DA:31,0
DA:32,0
DA:33,0
DA:34,0
DA:35,0
DA:36,0
DA:38,0
DA:39,0
DA:42,0
DA:43,0
DA:46,0
DA:51,0
DA:53,0
DA:57,0
DA:60,0
DA:68,0
DA:69,0
DA:70,0
DA:76,0
LF:22
LH:0
BRDA:69,0,0,0
BRDA:69,0,1,0
BRF:2
BRH:0
end_of_record
TN:
SF:src/pages/home-main.js
FN:27,HomeMain
FN:31,(anonymous_1)
FN:32,(anonymous_2)
FN:33,(anonymous_3)
FN:38,(anonymous_4)
FN:42,(anonymous_5)
FN:52,(anonymous_6)
FN:55,(anonymous_7)
FN:59,(anonymous_8)
FN:68,(anonymous_9)
FNF:10
FNH:0
FNDA:0,HomeMain
FNDA:0,(anonymous_1)
FNDA:0,(anonymous_2)
FNDA:0,(anonymous_3)
FNDA:0,(anonymous_4)
FNDA:0,(anonymous_5)
FNDA:0,(anonymous_6)
FNDA:0,(anonymous_7)
FNDA:0,(anonymous_8)
FNDA:0,(anonymous_9)
DA:25,0
DA:28,0
DA:29,0
DA:31,0
DA:32,0
DA:33,0
DA:34,0
DA:35,0
DA:36,0
DA:38,0
DA:39,0
DA:42,0
DA:43,0
DA:46,0
DA:51,0
DA:53,0
DA:57,0
DA:60,0
DA:68,0
DA:69,0
DA:70,0
DA:76,0
LF:22
LH:0
BRDA:69,0,0,0
BRDA:69,0,1,0
BRF:2
BRH:0
end_of_record
TN:
SF:src/pages/home-modern-studio.js
FN:28,HomeModernStudio
FN:32,(anonymous_1)
FN:33,(anonymous_2)
FN:34,(anonymous_3)
FN:39,(anonymous_4)
FN:43,(anonymous_5)
FN:53,(anonymous_6)
FN:56,(anonymous_7)
FN:60,(anonymous_8)
FN:69,(anonymous_9)
FNF:10
FNH:0
FNDA:0,HomeModernStudio
FNDA:0,(anonymous_1)
FNDA:0,(anonymous_2)
FNDA:0,(anonymous_3)
FNDA:0,(anonymous_4)
FNDA:0,(anonymous_5)
FNDA:0,(anonymous_6)
FNDA:0,(anonymous_7)
FNDA:0,(anonymous_8)
FNDA:0,(anonymous_9)
DA:26,0
DA:29,0
DA:30,0
DA:32,0
DA:33,0
DA:34,0
DA:35,0
DA:36,0
DA:37,0
DA:39,0
DA:40,0
DA:43,0
DA:44,0
DA:47,0
DA:52,0
DA:54,0
DA:58,0
DA:61,0
DA:69,0
DA:70,0
DA:71,0
DA:78,0
LF:22
LH:0
BRDA:70,0,0,0
BRDA:70,0,1,0
BRF:2
BRH:0
end_of_record
TN:
SF:src/pages/home-personal.js
FN:29,HomePersonal
FN:32,(anonymous_1)
FN:33,(anonymous_2)
FN:34,(anonymous_3)
FN:39,(anonymous_4)
FN:43,(anonymous_5)
FN:53,(anonymous_6)
FN:56,(anonymous_7)
FN:60,(anonymous_8)
FN:69,(anonymous_9)
FNF:10
FNH:0
FNDA:0,HomePersonal
FNDA:0,(anonymous_1)
FNDA:0,(anonymous_2)
FNDA:0,(anonymous_3)
FNDA:0,(anonymous_4)
FNDA:0,(anonymous_5)
FNDA:0,(anonymous_6)
FNDA:0,(anonymous_7)
FNDA:0,(anonymous_8)
FNDA:0,(anonymous_9)
DA:27,0
DA:30,0
DA:32,0
DA:33,0
DA:34,0
DA:35,0
DA:36,0
DA:37,0
DA:39,0
DA:40,0
DA:43,0
DA:44,0
DA:47,0
DA:52,0
DA:54,0
DA:58,0
DA:61,0
DA:69,0
DA:70,0
DA:71,0
DA:77,0
LF:21
LH:0
BRDA:70,0,0,0
BRDA:70,0,1,0
BRF:2
BRH:0
end_of_record
TN:
SF:src/pages/page-404.js
FN:17,Page404
FN:55,(anonymous_1)
FNF:2
FNH:0
FNDA:0,Page404
FNDA:0,(anonymous_1)
DA:16,0
DA:55,0
DA:56,0
DA:57,0
DA:64,0
LF:5
LH:0
BRDA:56,0,0,0
BRDA:56,0,1,0
BRF:2
BRH:0
end_of_record
TN:
SF:src/pages/page-FAQ.js
FN:24,PageFAQ
FN:27,(anonymous_1)
FN:28,(anonymous_2)
FN:29,(anonymous_3)
FN:34,(anonymous_4)
FN:38,(anonymous_5)
FN:48,(anonymous_6)
FN:51,(anonymous_7)
FN:55,(anonymous_8)
FN:64,(anonymous_9)
FNF:10
FNH:0
FNDA:0,PageFAQ
FNDA:0,(anonymous_1)
FNDA:0,(anonymous_2)
FNDA:0,(anonymous_3)
FNDA:0,(anonymous_4)
FNDA:0,(anonymous_5)
FNDA:0,(anonymous_6)
FNDA:0,(anonymous_7)
FNDA:0,(anonymous_8)
FNDA:0,(anonymous_9)
DA:23,0
DA:25,0
DA:27,0
DA:28,0
DA:29,0
DA:30,0
DA:31,0
DA:32,0
DA:34,0
DA:35,0
DA:38,0
DA:39,0
DA:42,0
DA:47,0
DA:49,0
DA:53,0
DA:56,0
DA:64,0
DA:65,0
DA:66,0
DA:72,0
LF:21
LH:0
BRDA:65,0,0,0
BRDA:65,0,1,0
BRF:2
BRH:0
end_of_record
TN:
SF:src/pages/page-about.js
FN:28,PageAbout
FN:31,(anonymous_1)
FN:32,(anonymous_2)
FN:33,(anonymous_3)
FN:38,(anonymous_4)
FN:42,(anonymous_5)
FN:52,(anonymous_6)
FN:55,(anonymous_7)
FN:59,(anonymous_8)
FN:68,(anonymous_9)
FNF:10
FNH:0
FNDA:0,PageAbout
FNDA:0,(anonymous_1)
FNDA:0,(anonymous_2)
FNDA:0,(anonymous_3)
FNDA:0,(anonymous_4)
FNDA:0,(anonymous_5)
FNDA:0,(anonymous_6)
FNDA:0,(anonymous_7)
FNDA:0,(anonymous_8)
FNDA:0,(anonymous_9)
DA:27,0
DA:29,0
DA:31,0
DA:32,0
DA:33,0
DA:34,0
DA:35,0
DA:36,0
DA:38,0
DA:39,0
DA:42,0
DA:43,0
DA:46,0
DA:51,0
DA:53,0
DA:57,0
DA:60,0
DA:68,0
DA:69,0
DA:70,0
DA:76,0
LF:21
LH:0
BRDA:69,0,0,0
BRDA:69,0,1,0
BRF:2
BRH:0
end_of_record
TN:
SF:src/pages/page-contact.js
FN:20,PageContact
FN:23,(anonymous_1)
FN:24,(anonymous_2)
FN:25,(anonymous_3)
FN:30,(anonymous_4)
FN:34,(anonymous_5)
FN:44,(anonymous_6)
FN:47,(anonymous_7)
FN:51,(anonymous_8)
FN:60,(anonymous_9)
FNF:10
FNH:0
FNDA:0,PageContact
FNDA:0,(anonymous_1)
FNDA:0,(anonymous_2)
FNDA:0,(anonymous_3)
FNDA:0,(anonymous_4)
FNDA:0,(anonymous_5)
FNDA:0,(anonymous_6)
FNDA:0,(anonymous_7)
FNDA:0,(anonymous_8)
FNDA:0,(anonymous_9)
DA:19,0
DA:21,0
DA:23,0
DA:24,0
DA:25,0
DA:26,0
DA:27,0
DA:28,0
DA:30,0
DA:31,0
DA:34,0
DA:35,0
DA:38,0
DA:43,0
DA:45,0
DA:49,0
DA:52,0
DA:60,0
DA:61,0
DA:62,0
DA:68,0
LF:21
LH:0
BRDA:61,0,0,0
BRDA:61,0,1,0
BRF:2
BRH:0
end_of_record
TN:
SF:src/pages/page-services-details.js
FN:21,PageServicesDetails
FN:25,(anonymous_1)
FN:26,(anonymous_2)
FN:27,(anonymous_3)
FN:32,(anonymous_4)
FN:36,(anonymous_5)
FN:46,(anonymous_6)
FN:49,(anonymous_7)
FN:53,(anonymous_8)
FN:62,(anonymous_9)
FNF:10
FNH:0
FNDA:0,PageServicesDetails
FNDA:0,(anonymous_1)
FNDA:0,(anonymous_2)
FNDA:0,(anonymous_3)
FNDA:0,(anonymous_4)
FNDA:0,(anonymous_5)
FNDA:0,(anonymous_6)
FNDA:0,(anonymous_7)
FNDA:0,(anonymous_8)
FNDA:0,(anonymous_9)
DA:20,0
DA:22,0
DA:23,0
DA:25,0
DA:26,0
DA:27,0
DA:28,0
DA:29,0
DA:30,0
DA:32,0
DA:33,0
DA:36,0
DA:37,0
DA:40,0
DA:45,0
DA:47,0
DA:51,0
DA:54,0
DA:62,0
DA:63,0
DA:64,0
DA:70,0
LF:22
LH:0
BRDA:63,0,0,0
BRDA:63,0,1,0
BRF:2
BRH:0
end_of_record
TN:
SF:src/pages/page-services.js
FN:25,PageServices
FN:28,(anonymous_1)
FN:29,(anonymous_2)
FN:30,(anonymous_3)
FN:35,(anonymous_4)
FN:39,(anonymous_5)
FN:49,(anonymous_6)
FN:52,(anonymous_7)
FN:56,(anonymous_8)
FN:65,(anonymous_9)
FNF:10
FNH:0
FNDA:0,PageServices
FNDA:0,(anonymous_1)
FNDA:0,(anonymous_2)
FNDA:0,(anonymous_3)
FNDA:0,(anonymous_4)
FNDA:0,(anonymous_5)
FNDA:0,(anonymous_6)
FNDA:0,(anonymous_7)
FNDA:0,(anonymous_8)
FNDA:0,(anonymous_9)
DA:24,0
DA:26,0
DA:28,0
DA:29,0
DA:30,0
DA:31,0
DA:32,0
DA:33,0
DA:35,0
DA:36,0
DA:39,0
DA:40,0
DA:43,0
DA:48,0
DA:50,0
DA:54,0
DA:57,0
DA:65,0
DA:66,0
DA:67,0
DA:73,0
LF:21
LH:0
BRDA:66,0,0,0
BRDA:66,0,1,0
BRF:2
BRH:0
end_of_record
TN:
SF:src/pages/page-team-details.js
FN:21,PageTeamDetails
FN:25,(anonymous_1)
FN:26,(anonymous_2)
FN:27,(anonymous_3)
FN:32,(anonymous_4)
FN:36,(anonymous_5)
FN:46,(anonymous_6)
FN:49,(anonymous_7)
FN:53,(anonymous_8)
FN:62,(anonymous_9)
FNF:10
FNH:0
FNDA:0,PageTeamDetails
FNDA:0,(anonymous_1)
FNDA:0,(anonymous_2)
FNDA:0,(anonymous_3)
FNDA:0,(anonymous_4)
FNDA:0,(anonymous_5)
FNDA:0,(anonymous_6)
FNDA:0,(anonymous_7)
FNDA:0,(anonymous_8)
FNDA:0,(anonymous_9)
DA:20,0
DA:22,0
DA:23,0
DA:25,0
DA:26,0
DA:27,0
DA:28,0
DA:29,0
DA:30,0
DA:32,0
DA:33,0
DA:36,0
DA:37,0
DA:40,0
DA:45,0
DA:47,0
DA:51,0
DA:54,0
DA:62,0
DA:63,0
DA:64,0
DA:70,0
LF:22
LH:0
BRDA:63,0,0,0
BRDA:63,0,1,0
BRF:2
BRH:0
end_of_record
TN:
SF:src/pages/page-team.js
FN:22,PageTeam
FN:25,(anonymous_1)
FN:26,(anonymous_2)
FN:27,(anonymous_3)
FN:32,(anonymous_4)
FN:36,(anonymous_5)
FN:46,(anonymous_6)
FN:49,(anonymous_7)
FN:53,(anonymous_8)
FN:62,(anonymous_9)
FNF:10
FNH:0
FNDA:0,PageTeam
FNDA:0,(anonymous_1)
FNDA:0,(anonymous_2)
FNDA:0,(anonymous_3)
FNDA:0,(anonymous_4)
FNDA:0,(anonymous_5)
FNDA:0,(anonymous_6)
FNDA:0,(anonymous_7)
FNDA:0,(anonymous_8)
FNDA:0,(anonymous_9)
DA:21,0
DA:23,0
DA:24,0
DA:25,0
DA:26,0
DA:27,0
DA:28,0
DA:29,0
DA:30,0
DA:32,0
DA:33,0
DA:36,0
DA:37,0
DA:40,0
DA:45,0
DA:47,0
DA:51,0
DA:54,0
DA:62,0
DA:63,0
DA:64,0
DA:70,0
LF:22
LH:0
BRDA:63,0,0,0
BRDA:63,0,1,0
BRF:2
BRH:0
end_of_record
TN:
SF:src/pages/portfolio-creative-carousel.js
FN:17,PortfolioCreativeCarousel
FN:21,(anonymous_1)
FN:22,(anonymous_2)
FN:23,(anonymous_3)
FN:28,(anonymous_4)
FN:32,(anonymous_5)
FN:42,(anonymous_6)
FN:45,(anonymous_7)
FN:49,(anonymous_8)
FN:58,(anonymous_9)
FNF:10
FNH:0
FNDA:0,PortfolioCreativeCarousel
FNDA:0,(anonymous_1)
FNDA:0,(anonymous_2)
FNDA:0,(anonymous_3)
FNDA:0,(anonymous_4)
FNDA:0,(anonymous_5)
FNDA:0,(anonymous_6)
FNDA:0,(anonymous_7)
FNDA:0,(anonymous_8)
FNDA:0,(anonymous_9)
DA:16,0
DA:18,0
DA:19,0
DA:21,0
DA:22,0
DA:23,0
DA:24,0
DA:25,0
DA:26,0
DA:28,0
DA:29,0
DA:32,0
DA:33,0
DA:36,0
DA:41,0
DA:43,0
DA:47,0
DA:50,0
DA:58,0
DA:59,0
DA:60,0
DA:66,0
LF:22
LH:0
BRDA:59,0,0,0
BRDA:59,0,1,0
BRF:2
BRH:0
end_of_record
TN:
SF:src/pages/portfolio-creative.js
FN:17,PortfolioCreative
FN:21,(anonymous_1)
FN:22,(anonymous_2)
FN:23,(anonymous_3)
FN:28,(anonymous_4)
FN:32,(anonymous_5)
FN:42,(anonymous_6)
FN:45,(anonymous_7)
FN:49,(anonymous_8)
FN:58,(anonymous_9)
FNF:10
FNH:0
FNDA:0,PortfolioCreative
FNDA:0,(anonymous_1)
FNDA:0,(anonymous_2)
FNDA:0,(anonymous_3)
FNDA:0,(anonymous_4)
FNDA:0,(anonymous_5)
FNDA:0,(anonymous_6)
FNDA:0,(anonymous_7)
FNDA:0,(anonymous_8)
FNDA:0,(anonymous_9)
DA:16,0
DA:18,0
DA:19,0
DA:21,0
DA:22,0
DA:23,0
DA:24,0
DA:25,0
DA:26,0
DA:28,0
DA:29,0
DA:32,0
DA:33,0
DA:36,0
DA:41,0
DA:43,0
DA:47,0
DA:50,0
DA:58,0
DA:59,0
DA:60,0
DA:66,0
LF:22
LH:0
BRDA:59,0,0,0
BRDA:59,0,1,0
BRF:2
BRH:0
end_of_record
TN:
SF:src/pages/portfolio-gallery.js
FN:18,PortfolioGallery
FN:22,(anonymous_1)
FN:23,(anonymous_2)
FN:24,(anonymous_3)
FN:29,(anonymous_4)
FN:33,(anonymous_5)
FN:43,(anonymous_6)
FN:46,(anonymous_7)
FN:50,(anonymous_8)
FN:59,(anonymous_9)
FNF:10
FNH:0
FNDA:0,PortfolioGallery
FNDA:0,(anonymous_1)
FNDA:0,(anonymous_2)
FNDA:0,(anonymous_3)
FNDA:0,(anonymous_4)
FNDA:0,(anonymous_5)
FNDA:0,(anonymous_6)
FNDA:0,(anonymous_7)
FNDA:0,(anonymous_8)
FNDA:0,(anonymous_9)
DA:17,0
DA:19,0
DA:20,0
DA:22,0
DA:23,0
DA:24,0
DA:25,0
DA:26,0
DA:27,0
DA:29,0
DA:30,0
DA:33,0
DA:34,0
DA:37,0
DA:42,0
DA:44,0
DA:48,0
DA:51,0
DA:59,0
DA:60,0
DA:61,0
DA:67,0
LF:22
LH:0
BRDA:60,0,0,0
BRDA:60,0,1,0
BRF:2
BRH:0
end_of_record
TN:
SF:src/pages/portfolio-grid.js
FN:21,PortfolioGrid
FN:25,(anonymous_1)
FN:26,(anonymous_2)
FN:27,(anonymous_3)
FN:32,(anonymous_4)
FN:36,(anonymous_5)
FN:46,(anonymous_6)
FN:49,(anonymous_7)
FN:53,(anonymous_8)
FN:62,(anonymous_9)
FN:63,(anonymous_10)
FN:64,(anonymous_11)
FN:69,(anonymous_12)
FN:73,(anonymous_13)
FN:83,(anonymous_14)
FN:87,(anonymous_15)
FN:96,(anonymous_16)
FNF:17
FNH:0
FNDA:0,PortfolioGrid
FNDA:0,(anonymous_1)
FNDA:0,(anonymous_2)
FNDA:0,(anonymous_3)
FNDA:0,(anonymous_4)
FNDA:0,(anonymous_5)
FNDA:0,(anonymous_6)
FNDA:0,(anonymous_7)
FNDA:0,(anonymous_8)
FNDA:0,(anonymous_9)
FNDA:0,(anonymous_10)
FNDA:0,(anonymous_11)
FNDA:0,(anonymous_12)
FNDA:0,(anonymous_13)
FNDA:0,(anonymous_14)
FNDA:0,(anonymous_15)
FNDA:0,(anonymous_16)
DA:20,0
DA:22,0
DA:23,0
DA:25,0
DA:26,0
DA:27,0
DA:28,0
DA:29,0
DA:30,0
DA:32,0
DA:33,0
DA:36,0
DA:37,0
DA:40,0
DA:45,0
DA:47,0
DA:51,0
DA:54,0
DA:62,0
DA:63,0
DA:64,0
DA:65,0
DA:66,0
DA:67,0
DA:69,0
DA:70,0
DA:73,0
DA:74,0
DA:77,0
DA:82,0
DA:85,0
DA:88,0
DA:96,0
DA:97,0
DA:98,0
DA:104,0
LF:36
LH:0
BRDA:97,0,0,0
BRDA:97,0,1,0
BRF:2
BRH:0
end_of_record
TN:
SF:src/pages/portfolio-masonry.js
FN:20,PortfolioMasonry
FN:24,(anonymous_1)
FN:25,(anonymous_2)
FN:26,(anonymous_3)
FN:31,(anonymous_4)
FN:35,(anonymous_5)
FN:45,(anonymous_6)
FN:48,(anonymous_7)
FN:52,(anonymous_8)
FN:61,(anonymous_9)
FN:62,(anonymous_10)
FN:63,(anonymous_11)
FN:68,(anonymous_12)
FN:72,(anonymous_13)
FN:82,(anonymous_14)
FN:86,(anonymous_15)
FN:95,(anonymous_16)
FNF:17
FNH:0
FNDA:0,PortfolioMasonry
FNDA:0,(anonymous_1)
FNDA:0,(anonymous_2)
FNDA:0,(anonymous_3)
FNDA:0,(anonymous_4)
FNDA:0,(anonymous_5)
FNDA:0,(anonymous_6)
FNDA:0,(anonymous_7)
FNDA:0,(anonymous_8)
FNDA:0,(anonymous_9)
FNDA:0,(anonymous_10)
FNDA:0,(anonymous_11)
FNDA:0,(anonymous_12)
FNDA:0,(anonymous_13)
FNDA:0,(anonymous_14)
FNDA:0,(anonymous_15)
FNDA:0,(anonymous_16)
DA:19,0
DA:21,0
DA:22,0
DA:24,0
DA:25,0
DA:26,0
DA:27,0
DA:28,0
DA:29,0
DA:31,0
DA:32,0
DA:35,0
DA:36,0
DA:39,0
DA:44,0
DA:46,0
DA:50,0
DA:53,0
DA:61,0
DA:62,0
DA:63,0
DA:64,0
DA:65,0
DA:66,0
DA:68,0
DA:69,0
DA:72,0
DA:73,0
DA:76,0
DA:81,0
DA:84,0
DA:87,0
DA:95,0
DA:96,0
DA:97,0
DA:103,0
LF:36
LH:0
BRDA:96,0,0,0
BRDA:96,0,1,0
BRF:2
BRH:0
end_of_record
TN:
SF:src/pages/project-details.js
FN:23,ProjectDetails
FN:27,(anonymous_1)
FN:28,(anonymous_2)
FN:29,(anonymous_3)
FN:34,(anonymous_4)
FN:38,(anonymous_5)
FN:48,(anonymous_6)
FN:51,(anonymous_7)
FN:55,(anonymous_8)
FN:64,(anonymous_9)
FNF:10
FNH:0
FNDA:0,ProjectDetails
FNDA:0,(anonymous_1)
FNDA:0,(anonymous_2)
FNDA:0,(anonymous_3)
FNDA:0,(anonymous_4)
FNDA:0,(anonymous_5)
FNDA:0,(anonymous_6)
FNDA:0,(anonymous_7)
FNDA:0,(anonymous_8)
FNDA:0,(anonymous_9)
DA:22,0
DA:24,0
DA:25,0
DA:27,0
DA:28,0
DA:29,0
DA:30,0
DA:31,0
DA:32,0
DA:34,0
DA:35,0
DA:38,0
DA:39,0
DA:42,0
DA:47,0
DA:49,0
DA:53,0
DA:56,0
DA:64,0
DA:65,0
DA:66,0
DA:72,0
LF:22
LH:0
BRDA:65,0,0,0
BRDA:65,0,1,0
BRF:2
BRH:0
end_of_record
